1395237140750 MICAZ.F.15 13.0 -78.0 14.0 -78.0 16.0 -82.0 20.0 -88.0 
1395237141079 MICAZ.F.3 5.0 -77.0 9.0 -88.0 
1395237141325 SHIMMER.M.200 7.0 -59.0 8.0 -76.0 12.0 -81.0 6.0 -84.0 10.0 -86.0 
1395237142062 MICAZ.F.19 20.0 -66.0 14.0 -69.0 17.0 -82.0 8.0 -85.0 16.0 -87.0 
1395237142199 SHIMMER.M.200 7.0 -54.0 8.0 -76.0 12.0 -81.0 6.0 -83.0 13.0 -86.0 
1395237142580 MICAZ.F.6 12.0 -80.0 8.0 -81.0 7.0 -82.0 5.0 -83.0 11.0 -84.0 2.0 -84.0 10.0 -85.0 13.0 -88.0 
1395237143298 SHIMMER.M.200 7.0 -54.0 8.0 -77.0 13.0 -78.0 11.0 -80.0 12.0 -81.0 
1395237143432 MICAZ.F.7 8.0 -70.0 9.0 -77.0 5.0 -79.0 2.0 -79.0 6.0 -79.0 12.0 -79.0 17.0 -85.0 20.0 -86.0 
1395237144061 SHIMMER.M.200 7.0 -58.0 9.0 -77.0 13.0 -78.0 11.0 -80.0 12.0 -80.0 
1395237144868 SHIMMER.M.200 7.0 -61.0 8.0 -76.0 6.0 -76.0 9.0 -76.0 13.0 -78.0 
1395237145686 MICAZ.F.14 19.0 -69.0 16.0 -72.0 20.0 -74.0 13.0 -78.0 11.0 -79.0 15.0 -81.0 9.0 -85.0 5.0 -86.0 12.0 -86.0 
1395237146119 SHIMMER.M.200 7.0 -60.0 9.0 -76.0 8.0 -77.0 13.0 -78.0 6.0 -80.0 
1395237147402 SHIMMER.M.200 7.0 -62.0 9.0 -76.0 13.0 -76.0 6.0 -84.0 12.0 -86.0 
1395237147775 SHIMMER.M.200 7.0 -62.0 8.0 -72.0 9.0 -76.0 13.0 -77.0 6.0 -81.0 
1395237148005 MICAZ.F.17 19.0 -81.0 20.0 -84.0 11.0 -84.0 12.0 -85.0 18.0 -86.0 
1395237148867 SHIMMER.M.200 7.0 -60.0 8.0 -76.0 6.0 -76.0 9.0 -76.0 13.0 -77.0 
1395237149833 SHIMMER.M.200 7.0 -60.0 8.0 -74.0 9.0 -76.0 13.0 -76.0 6.0 -79.0 
1395237150636 MICAZ.F.20 14.0 -73.0 18.0 -74.0 13.0 -77.0 12.0 -81.0 11.0 -81.0 5.0 -82.0 17.0 -83.0 16.0 -84.0 15.0 -85.0 9.0 -87.0 
1395237150858 MICAZ.F.8 12.0 -74.0 7.0 -76.0 9.0 -80.0 13.0 -81.0 6.0 -83.0 19.0 -84.0 5.0 -87.0 
1395237151087 MICAZ.F.16 14.0 -70.0 15.0 -74.0 12.0 -81.0 19.0 -83.0 18.0 -84.0 13.0 -86.0 20.0 -87.0 
1395237151238 SHIMMER.M.200 7.0 -62.0 8.0 -76.0 13.0 -76.0 9.0 -77.0 6.0 -84.0 
1395237151760 SHIMMER.M.200 7.0 -61.0 8.0 -74.0 9.0 -77.0 13.0 -77.0 6.0 -83.0 
1395237152721 MICAZ.F.10 9.0 -74.0 13.0 -77.0 8.0 -79.0 5.0 -80.0 
1395237152941 SHIMMER.M.200 7.0 -62.0 8.0 -74.0 13.0 -76.0 9.0 -77.0 6.0 -81.0 
1395237153787 SHIMMER.M.200 7.0 -62.0 8.0 -74.0 9.0 -76.0 13.0 -76.0 6.0 -82.0 
1395237154496 MICAZ.F.9 5.0 -71.0 10.0 -76.0 12.0 -79.0 7.0 -80.0 8.0 -80.0 6.0 -84.0 11.0 -87.0 14.0 -87.0 3.0 -88.0 
1395237155092 SHIMMER.M.200 7.0 -61.0 8.0 -73.0 13.0 -76.0 9.0 -77.0 6.0 -83.0 
1395237155774 MICAZ.F.4 3.0 -74.0 5.0 -88.0 
1395237156060 MICAZ.F.12 8.0 -71.0 9.0 -75.0 13.0 -77.0 6.0 -77.0 11.0 -77.0 20.0 -79.0 7.0 -79.0 16.0 -81.0 14.0 -82.0 17.0 -83.0 
1395237156217 SHIMMER.M.200 7.0 -61.0 8.0 -74.0 13.0 -76.0 9.0 -78.0 6.0 -82.0 
1395237156474 SHIMMER.M.200 6.0 -69.0 8.0 -74.0 7.0 -74.0 9.0 -75.0 13.0 -76.0 
1395237157062 MICAZ.F.5 6.0 -78.0 10.0 -80.0 13.0 -82.0 20.0 -82.0 7.0 -82.0 14.0 -84.0 12.0 -85.0 4.0 -86.0 19.0 -88.0 11.0 -88.0 
1395237157528 MICAZ.F.11 7.0 -74.0 12.0 -78.0 18.0 -80.0 13.0 -82.0 20.0 -83.0 6.0 -83.0 5.0 -88.0 
1395237157743 SHIMMER.M.200 8.0 -67.0 9.0 -76.0 6.0 -78.0 11.0 -79.0 7.0 -80.0 
1395237158166 MICAZ.F.13 15.0 -76.0 20.0 -78.0 14.0 -78.0 10.0 -78.0 12.0 -80.0 9.0 -80.0 8.0 -81.0 5.0 -82.0 11.0 -82.0 6.0 -84.0 
1395237158985 SHIMMER.M.200 8.0 -69.0 7.0 -71.0 9.0 -71.0 10.0 -77.0 13.0 -78.0 
1395237159449 MICAZ.F.18 11.0 -80.0 12.0 -81.0 14.0 -85.0 17.0 -86.0 16.0 -86.0 8.0 -87.0 
1395237160173 SHIMMER.M.200 7.0 -72.0 9.0 -73.0 6.0 -75.0 12.0 -78.0 8.0 -80.0 
1395237160458 MICAZ.F.15 13.0 -77.0 16.0 -77.0 14.0 -80.0 20.0 -84.0 19.0 -87.0 
1395237160602 SHIMMER.M.200 9.0 -73.0 7.0 -75.0 13.0 -77.0 12.0 -77.0 6.0 -80.0 
1395237160831 MICAZ.F.3 5.0 -79.0 9.0 -87.0 
1395237161524 SHIMMER.M.200 9.0 -74.0 7.0 -76.0 12.0 -76.0 13.0 -77.0 6.0 -79.0 
1395237161697 MICAZ.F.19 20.0 -66.0 14.0 -69.0 17.0 -82.0 8.0 -85.0 9.0 -88.0 
1395237161956 MICAZ.F.6 12.0 -79.0 5.0 -80.0 8.0 -81.0 7.0 -82.0 9.0 -83.0 2.0 -85.0 13.0 -86.0 11.0 -87.0 4.0 -88.0 
1395237162782 SHIMMER.M.200 7.0 -72.0 9.0 -74.0 12.0 -75.0 6.0 -78.0 13.0 -78.0 
1395237162978 MICAZ.F.7 8.0 -76.0 9.0 -78.0 2.0 -78.0 12.0 -78.0 6.0 -79.0 5.0 -81.0 10.0 -83.0 20.0 -83.0 18.0 -83.0 17.0 -83.0 
1395237163797 SHIMMER.M.200 7.0 -73.0 9.0 -74.0 12.0 -76.0 6.0 -78.0 10.0 -80.0 
1395237164529 SHIMMER.M.200 9.0 -73.0 7.0 -74.0 12.0 -76.0 6.0 -78.0 8.0 -79.0 
1395237165074 MICAZ.F.14 19.0 -69.0 16.0 -72.0 20.0 -72.0 13.0 -77.0 15.0 -78.0 11.0 -80.0 12.0 -84.0 9.0 -84.0 5.0 -85.0 18.0 -88.0 
1395237165367 SHIMMER.M.200 9.0 -74.0 7.0 -74.0 12.0 -76.0 6.0 -79.0 13.0 -79.0 
1395237166709 SHIMMER.M.200 9.0 -74.0 12.0 -75.0 13.0 -76.0 7.0 -77.0 8.0 -80.0 
1395237167651 MICAZ.F.17 19.0 -81.0 11.0 -83.0 20.0 -85.0 12.0 -87.0 18.0 -87.0 7.0 -88.0 
1395237167823 SHIMMER.M.200 8.0 -69.0 9.0 -74.0 7.0 -77.0 13.0 -77.0 6.0 -79.0 
1395237168481 SHIMMER.M.200 8.0 -71.0 9.0 -74.0 13.0 -75.0 10.0 -77.0 6.0 -79.0 
1395237169374 SHIMMER.M.200 9.0 -68.0 5.0 -75.0 13.0 -75.0 10.0 -81.0 11.0 -81.0 
1395237170091 MICAZ.F.20 14.0 -72.0 18.0 -74.0 13.0 -77.0 12.0 -81.0 5.0 -82.0 17.0 -82.0 11.0 -82.0 15.0 -85.0 
1395237170324 MICAZ.F.8 12.0 -75.0 7.0 -76.0 6.0 -80.0 13.0 -81.0 19.0 -84.0 9.0 -85.0 18.0 -88.0 
1395237170509 SHIMMER.M.200 8.0 -72.0 9.0 -73.0 5.0 -76.0 10.0 -77.0 7.0 -79.0 
1395237170738 MICAZ.F.16 14.0 -71.0 15.0 -79.0 13.0 -84.0 12.0 -84.0 18.0 -85.0 20.0 -86.0 19.0 -88.0 
1395237171621 SHIMMER.M.200 9.0 -70.0 5.0 -75.0 6.0 -76.0 7.0 -77.0 10.0 -80.0 
1395237172356 MICAZ.F.10 9.0 -74.0 13.0 -75.0 5.0 -79.0 8.0 -80.0 7.0 -84.0 6.0 -87.0 14.0 -88.0 
1395237172498 SHIMMER.M.200 8.0 -76.0 9.0 -76.0 7.0 -76.0 11.0 -80.0 6.0 -80.0 
1395237173385 SHIMMER.M.200 9.0 -66.0 8.0 -72.0 7.0 -72.0 6.0 -79.0 5.0 -83.0 
1395237173986 MICAZ.F.9 5.0 -70.0 10.0 -76.0 12.0 -80.0 7.0 -81.0 8.0 -83.0 6.0 -84.0 11.0 -86.0 3.0 -87.0 14.0 -87.0 20.0 -88.0 
1395237174416 SHIMMER.M.200 9.0 -66.0 13.0 -71.0 5.0 -66.0 7.0 -74.0 8.0 -79.0 
1395237175178 MICAZ.F.4 3.0 -74.0 5.0 -84.0 
1395237175726 MICAZ.F.12 8.0 -70.0 13.0 -76.0 9.0 -76.0 6.0 -77.0 11.0 -77.0 20.0 -79.0 7.0 -79.0 17.0 -81.0 14.0 -82.0 16.0 -83.0 
1395237175914 SHIMMER.M.200 9.0 -70.0 10.0 -74.0 5.0 -74.0 7.0 -76.0 3.0 -78.0 
1395237176123 SHIMMER.M.200 9.0 -70.0 3.0 -75.0 5.0 -76.0 13.0 -77.0 14.0 -82.0 
1395237176520 MICAZ.F.5 9.0 -68.0 13.0 -78.0 6.0 -78.0 10.0 -80.0 4.0 -82.0 20.0 -83.0 19.0 -84.0 11.0 -85.0 7.0 -86.0 
1395237176825 MICAZ.F.2 6.0 -88.0 7.0 -88.0 
1395237177072 MICAZ.F.11 7.0 -73.0 12.0 -79.0 18.0 -80.0 13.0 -81.0 5.0 -85.0 20.0 -85.0 6.0 -85.0 19.0 -88.0 
1395237177192 SHIMMER.M.200 9.0 -70.0 3.0 -75.0 5.0 -76.0 13.0 -77.0 14.0 -80.0 
1395237177410 MICAZ.F.13 15.0 -75.0 20.0 -78.0 14.0 -78.0 10.0 -78.0 9.0 -78.0 12.0 -80.0 8.0 -80.0 5.0 -81.0 11.0 -83.0 6.0 -84.0 
1395237178258 SHIMMER.M.200 9.0 -68.0 14.0 -80.0 5.0 -80.0 13.0 -80.0 8.0 -81.0 
1395237178993 MICAZ.F.18 11.0 -81.0 12.0 -81.0 8.0 -85.0 16.0 -87.0 17.0 -88.0 14.0 -88.0 
1395237179499 SHIMMER.M.200 9.0 -66.0 5.0 -68.0 8.0 -75.0 3.0 -76.0 10.0 -79.0 
1395237179921 MICAZ.F.15 13.0 -76.0 14.0 -81.0 16.0 -81.0 20.0 -86.0 19.0 -87.0 
1395237180199 MICAZ.F.3 5.0 -78.0 9.0 -86.0 
1395237180793 SHIMMER.M.200 9.0 -67.0 5.0 -74.0 10.0 -77.0 8.0 -77.0 3.0 -78.0 
1395237181116 SHIMMER.M.200 9.0 -66.0 5.0 -71.0 3.0 -78.0 8.0 -78.0 13.0 -78.0 
1395237181256 MICAZ.F.19 20.0 -66.0 14.0 -69.0 17.0 -80.0 8.0 -84.0 5.0 -86.0 16.0 -88.0 
1395237181399 MICAZ.F.6 8.0 -78.0 5.0 -80.0 12.0 -80.0 9.0 -81.0 7.0 -82.0 2.0 -84.0 11.0 -85.0 13.0 -86.0 4.0 -88.0 10.0 -88.0 
1395237182086 SHIMMER.M.200 5.0 -68.0 9.0 -68.0 10.0 -76.0 8.0 -76.0 3.0 -77.0 
1395237182396 MICAZ.F.7 8.0 -68.0 6.0 -78.0 2.0 -79.0 12.0 -79.0 9.0 -80.0 13.0 -81.0 5.0 -82.0 20.0 -85.0 17.0 -85.0 3.0 -88.0 
1395237183432 SHIMMER.M.200 5.0 -70.0 4.0 -78.0 3.0 -72.0 6.0 -82.0 8.0 -83.0 
1395237183985 SHIMMER.M.200 5.0 -64.0 3.0 -73.0 4.0 -76.0 9.0 -78.0 10.0 -82.0 
1395237184699 MICAZ.F.14 19.0 -69.0 20.0 -72.0 16.0 -75.0 13.0 -78.0 11.0 -78.0 15.0 -80.0 9.0 -82.0 5.0 -84.0 12.0 -84.0 18.0 -87.0 
1395237185236 SHIMMER.M.200 4.0 -72.0 3.0 -74.0 5.0 -76.0 13.0 -81.0 9.0 -85.0 
1395237186206 SHIMMER.M.200 3.0 -72.0 4.0 -72.0 5.0 -73.0 9.0 -82.0 10.0 -84.0 
1395237187186 MICAZ.F.17 19.0 -80.0 12.0 -84.0 20.0 -85.0 11.0 -85.0 
1395237187321 SHIMMER.M.200 9.0 -76.0 5.0 -77.0 4.0 -80.0 12.0 -82.0 3.0 -83.0 
1395237188075 SHIMMER.M.200 3.0 -71.0 9.0 -73.0 5.0 -76.0 4.0 -77.0 13.0 -82.0 
1395237189156 SHIMMER.M.200 3.0 -68.0 4.0 -79.0 14.0 -84.0 5.0 -84.0 12.0 -84.0 
1395237189656 MICAZ.F.20 14.0 -72.0 18.0 -75.0 13.0 -77.0 12.0 -81.0 5.0 -82.0 11.0 -82.0 17.0 -83.0 15.0 -85.0 9.0 -85.0 7.0 -87.0 
1395237189901 MICAZ.F.8 7.0 -74.0 12.0 -74.0 9.0 -78.0 6.0 -80.0 13.0 -81.0 19.0 -84.0 18.0 -87.0 
1395237190139 MICAZ.F.16 14.0 -72.0 15.0 -78.0 13.0 -81.0 19.0 -82.0 12.0 -84.0 18.0 -85.0 
1395237190339 SHIMMER.M.200 3.0 -66.0 4.0 -70.0 5.0 -76.0 12.0 -84.0 9.0 -85.0 
1395237191272 SHIMMER.M.200 3.0 -66.0 4.0 -71.0 9.0 -81.0 5.0 -82.0 12.0 -84.0 
1395237191783 MICAZ.F.10 9.0 -74.0 13.0 -76.0 5.0 -79.0 8.0 -79.0 6.0 -85.0 12.0 -88.0 
1395237192421 SHIMMER.M.200 3.0 -65.0 4.0 -71.0 5.0 -81.0 13.0 -85.0 6.0 -88.0 
1395237192666 SHIMMER.M.200 3.0 -65.0 4.0 -72.0 5.0 -76.0 9.0 -84.0 13.0 -84.0 
1395237193528 MICAZ.F.9 5.0 -71.0 10.0 -76.0 12.0 -80.0 8.0 -80.0 7.0 -84.0 6.0 -84.0 14.0 -86.0 11.0 -88.0 
1395237194003 SHIMMER.M.200 3.0 -65.0 4.0 -72.0 5.0 -76.0 13.0 -83.0 9.0 -84.0 
1395237194734 MICAZ.F.4 3.0 -72.0 
1395237195306 MICAZ.F.12 8.0 -70.0 13.0 -76.0 9.0 -77.0 6.0 -77.0 11.0 -77.0 20.0 -79.0 7.0 -80.0 17.0 -81.0 14.0 -82.0 5.0 -83.0 
1395237195550 SHIMMER.M.200 3.0 -65.0 4.0 -73.0 5.0 -76.0 13.0 -84.0 9.0 -86.0 
1395237196030 MICAZ.F.5 9.0 -68.0 6.0 -78.0 10.0 -80.0 13.0 -82.0 20.0 -82.0 14.0 -84.0 7.0 -84.0 12.0 -85.0 19.0 -86.0 
1395237196253 SHIMMER.M.200 3.0 -65.0 4.0 -72.0 5.0 -76.0 9.0 -83.0 13.0 -84.0 
1395237196477 MICAZ.F.2 6.0 -88.0 7.0 -88.0 
1395237196608 MICAZ.F.11 7.0 -74.0 12.0 -78.0 13.0 -79.0 18.0 -81.0 20.0 -83.0 19.0 -85.0 6.0 -85.0 
1395237196824 SHIMMER.M.200 3.0 -66.0 4.0 -72.0 5.0 -76.0 9.0 -84.0 13.0 -85.0 
1395237196990 MICAZ.F.13 15.0 -76.0 20.0 -78.0 12.0 -78.0 14.0 -78.0 10.0 -78.0 9.0 -79.0 11.0 -80.0 8.0 -80.0 5.0 -83.0 6.0 -84.0 
1395237197814 SHIMMER.M.200 3.0 -65.0 4.0 -72.0 5.0 -77.0 13.0 -85.0 9.0 -88.0 
1395237198566 MICAZ.F.18 11.0 -80.0 12.0 -82.0 17.0 -83.0 16.0 -85.0 8.0 -86.0 19.0 -88.0 14.0 -88.0 
1395237198815 SHIMMER.M.200 3.0 -65.0 4.0 -74.0 5.0 -76.0 9.0 -86.0 13.0 -86.0 
1395237199447 MICAZ.F.15 13.0 -76.0 14.0 -78.0 20.0 -83.0 16.0 -83.0 12.0 -88.0 
1395237199677 MICAZ.F.3 5.0 -74.0 
1395237200463 SHIMMER.M.200 3.0 -65.0 4.0 -73.0 5.0 -76.0 9.0 -84.0 13.0 -86.0 
1395237200707 SHIMMER.M.200 3.0 -65.0 4.0 -73.0 5.0 -76.0 9.0 -84.0 13.0 -86.0 
1395237200943 MICAZ.F.19 20.0 -66.0 14.0 -70.0 17.0 -79.0 18.0 -83.0 16.0 -85.0 8.0 -85.0 
1395237201151 MICAZ.F.6 8.0 -78.0 12.0 -79.0 5.0 -80.0 7.0 -81.0 9.0 -82.0 13.0 -83.0 2.0 -84.0 4.0 -88.0 10.0 -88.0 11.0 -88.0 
1395237201760 SHIMMER.M.200 3.0 -65.0 4.0 -73.0 5.0 -76.0 9.0 -84.0 13.0 -86.0 
1395237201983 MICAZ.F.7 8.0 -68.0 6.0 -77.0 9.0 -79.0 2.0 -79.0 12.0 -79.0 5.0 -80.0 13.0 -81.0 20.0 -83.0 17.0 -84.0 18.0 -86.0 
1395237202770 SHIMMER.M.200 3.0 -66.0 4.0 -74.0 5.0 -76.0 9.0 -84.0 13.0 -85.0 
1395237204030 SHIMMER.M.200 3.0 -66.0 4.0 -75.0 5.0 -76.0 9.0 -85.0 13.0 -87.0 
1395237204296 MICAZ.F.14 19.0 -69.0 16.0 -72.0 20.0 -74.0 11.0 -78.0 13.0 -79.0 15.0 -80.0 9.0 -84.0 18.0 -85.0 12.0 -85.0 5.0 -86.0 
1395237204616 SHIMMER.M.200 3.0 -66.0 4.0 -73.0 5.0 -76.0 9.0 -85.0 13.0 -86.0 
1395237205910 SHIMMER.M.200 3.0 -67.0 4.0 -72.0 5.0 -76.0 9.0 -86.0 13.0 -86.0 
1395237206670 SHIMMER.M.200 3.0 -67.0 4.0 -72.0 5.0 -76.0 9.0 -86.0 13.0 -86.0 
1395237206839 MICAZ.F.17 19.0 -79.0 18.0 -79.0 11.0 -82.0 12.0 -85.0 20.0 -86.0 
1395237207993 SHIMMER.M.200 3.0 -66.0 4.0 -72.0 5.0 -77.0 13.0 -85.0 9.0 -87.0 
1395237208272 SHIMMER.M.200 4.0 -66.0 3.0 -69.0 5.0 -80.0 9.0 -80.0 13.0 -85.0 
1395237209052 MICAZ.F.20 14.0 -71.0 18.0 -73.0 13.0 -77.0 12.0 -80.0 5.0 -82.0 11.0 -82.0 7.0 -85.0 15.0 -86.0 17.0 -86.0 9.0 -87.0 
1395237209391 MICAZ.F.8 7.0 -74.0 12.0 -74.0 9.0 -78.0 6.0 -79.0 13.0 -81.0 19.0 -84.0 18.0 -88.0 
1395237209635 SHIMMER.M.200 4.0 -67.0 3.0 -70.0 5.0 -80.0 9.0 -80.0 13.0 -85.0 
1395237209822 MICAZ.F.16 14.0 -70.0 15.0 -79.0 12.0 -80.0 19.0 -84.0 18.0 -85.0 13.0 -85.0 20.0 -88.0 
1395237210424 SHIMMER.M.200 4.0 -62.0 3.0 -76.0 5.0 -77.0 13.0 -78.0 9.0 -81.0 
1395237211238 MICAZ.F.10 9.0 -74.0 13.0 -76.0 8.0 -78.0 5.0 -80.0 6.0 -86.0 12.0 -88.0 
1395237211715 SHIMMER.M.200 4.0 -61.0 3.0 -78.0 9.0 -78.0 5.0 -80.0 13.0 -82.0 
1395237212469 SHIMMER.M.200 4.0 -61.0 3.0 -78.0 5.0 -79.0 9.0 -80.0 13.0 -83.0 
1395237213253 MICAZ.F.9 5.0 -71.0 10.0 -76.0 8.0 -78.0 12.0 -80.0 6.0 -83.0 7.0 -84.0 14.0 -87.0 19.0 -88.0 11.0 -88.0 
1395237213488 SHIMMER.M.200 4.0 -61.0 3.0 -76.0 5.0 -77.0 9.0 -83.0 13.0 -83.0 
1395237214321 MICAZ.F.4 3.0 -74.0 5.0 -87.0 6.0 -88.0 
1395237214591 SHIMMER.M.200 4.0 -62.0 5.0 -76.0 3.0 -78.0 9.0 -81.0 13.0 -84.0 
1395237214782 MICAZ.F.12 8.0 -70.0 13.0 -76.0 9.0 -76.0 6.0 -77.0 11.0 -77.0 20.0 -79.0 7.0 -79.0 14.0 -81.0 16.0 -81.0 17.0 -82.0 
1395237215615 MICAZ.F.5 9.0 -68.0 6.0 -78.0 10.0 -80.0 13.0 -81.0 20.0 -82.0 4.0 -84.0 7.0 -84.0 14.0 -85.0 12.0 -85.0 19.0 -87.0 
1395237215865 MICAZ.F.2 6.0 -88.0 7.0 -88.0 
1395237216077 SHIMMER.M.200 4.0 -61.0 5.0 -77.0 3.0 -78.0 9.0 -81.0 13.0 -85.0 
1395237216315 MICAZ.F.11 7.0 -75.0 13.0 -80.0 18.0 -80.0 12.0 -80.0 20.0 -83.0 6.0 -85.0 19.0 -86.0 
1395237216539 MICAZ.F.13 20.0 -78.0 15.0 -78.0 12.0 -78.0 14.0 -78.0 10.0 -78.0 11.0 -80.0 8.0 -80.0 9.0 -80.0 5.0 -82.0 6.0 -82.0 
1395237216800 SHIMMER.M.200 4.0 -60.0 3.0 -75.0 5.0 -78.0 9.0 -83.0 13.0 -84.0 
1395237217317 SHIMMER.M.200 4.0 -60.0 3.0 -74.0 5.0 -78.0 9.0 -85.0 13.0 -85.0 
1395237218048 MICAZ.F.18 11.0 -80.0 17.0 -81.0 12.0 -82.0 8.0 -85.0 14.0 -85.0 
1395237218194 SHIMMER.M.200 4.0 -61.0 3.0 -77.0 5.0 -78.0 9.0 -82.0 13.0 -85.0 
1395237218975 MICAZ.F.15 14.0 -77.0 13.0 -78.0 20.0 -83.0 16.0 -84.0 19.0 -86.0 
1395237219320 MICAZ.F.3 5.0 -75.0 
1395237219639 SHIMMER.M.200 4.0 -61.0 3.0 -78.0 5.0 -78.0 9.0 -82.0 13.0 -86.0 
1395237220392 MICAZ.F.19 20.0 -66.0 14.0 -70.0 17.0 -80.0 8.0 -85.0 15.0 -88.0 11.0 -88.0 9.0 -88.0 
1395237220627 MICAZ.F.6 12.0 -79.0 8.0 -79.0 5.0 -80.0 7.0 -82.0 9.0 -82.0 13.0 -83.0 2.0 -85.0 4.0 -86.0 11.0 -87.0 10.0 -88.0 
1395237221035 SHIMMER.M.200 4.0 -62.0 3.0 -78.0 5.0 -79.0 9.0 -82.0 13.0 -86.0 
1395237221311 SHIMMER.M.200 4.0 -62.0 3.0 -77.0 5.0 -79.0 9.0 -82.0 13.0 -85.0 
1395237221537 MICAZ.F.7 8.0 -69.0 6.0 -78.0 9.0 -79.0 2.0 -79.0 12.0 -79.0 5.0 -81.0 13.0 -82.0 17.0 -82.0 20.0 -83.0 18.0 -85.0 
1395237222213 SHIMMER.M.200 4.0 -62.0 3.0 -76.0 5.0 -79.0 9.0 -82.0 13.0 -85.0 
1395237223456 SHIMMER.M.200 4.0 -61.0 3.0 -76.0 5.0 -79.0 13.0 -83.0 9.0 -85.0 
1395237223785 MICAZ.F.14 19.0 -69.0 16.0 -74.0 20.0 -74.0 13.0 -78.0 11.0 -79.0 15.0 -80.0 9.0 -83.0 12.0 -84.0 5.0 -85.0 18.0 -85.0 
1395237224563 SHIMMER.M.200 4.0 -64.0 3.0 -69.0 5.0 -80.0 9.0 -81.0 13.0 -82.0 
1395237225109 SHIMMER.M.200 3.0 -65.0 4.0 -66.0 5.0 -77.0 13.0 -82.0 9.0 -83.0 
1395237226154 SHIMMER.M.200 3.0 -66.0 4.0 -68.0 5.0 -78.0 13.0 -82.0 9.0 -84.0 
1395237226352 MICAZ.F.17 19.0 -80.0 20.0 -82.0 18.0 -82.0 11.0 -82.0 12.0 -85.0 7.0 -88.0 
1395237227239 SHIMMER.M.200 3.0 -66.0 4.0 -66.0 5.0 -80.0 13.0 -82.0 9.0 -83.0 
1395237228560 SHIMMER.M.200 3.0 -69.0 4.0 -70.0 5.0 -80.0 9.0 -82.0 13.0 -82.0 
1395237228827 MICAZ.F.20 14.0 -72.0 18.0 -75.0 13.0 -77.0 5.0 -81.0 17.0 -82.0 12.0 -82.0 11.0 -82.0 16.0 -84.0 9.0 -86.0 
1395237228968 MICAZ.F.8 7.0 -74.0 12.0 -74.0 6.0 -78.0 9.0 -79.0 13.0 -81.0 19.0 -85.0 18.0 -87.0 
1395237229161 SHIMMER.M.200 3.0 -69.0 4.0 -71.0 5.0 -78.0 9.0 -81.0 13.0 -82.0 
1395237229316 MICAZ.F.16 14.0 -70.0 15.0 -81.0 20.0 -82.0 13.0 -85.0 12.0 -86.0 18.0 -88.0 19.0 -88.0 
1395237230006 SHIMMER.M.200 3.0 -64.0 4.0 -70.0 5.0 -78.0 9.0 -81.0 13.0 -85.0 
1395237230804 MICAZ.F.10 9.0 -74.0 13.0 -76.0 8.0 -79.0 5.0 -80.0 6.0 -85.0 12.0 -88.0 
1395237231285 SHIMMER.M.200 4.0 -60.0 3.0 -62.0 5.0 -76.0 9.0 -79.0 13.0 -87.0 
1395237232493 SHIMMER.M.200 5.0 -63.0 9.0 -70.0 3.0 -74.0 4.0 -74.0 8.0 -85.0 
1395237232745 MICAZ.F.9 5.0 -70.0 10.0 -76.0 12.0 -80.0 8.0 -80.0 6.0 -82.0 3.0 -82.0 7.0 -84.0 14.0 -84.0 11.0 -88.0 
1395237232980 SHIMMER.M.200 9.0 -69.0 5.0 -74.0 4.0 -76.0 3.0 -81.0 13.0 -84.0 
1395237233867 MICAZ.F.4 3.0 -73.0 5.0 -85.0 
1395237234081 SHIMMER.M.200 5.0 -73.0 9.0 -76.0 4.0 -80.0 3.0 -81.0 12.0 -83.0 
1395237234234 MICAZ.F.12 8.0 -70.0 13.0 -75.0 9.0 -76.0 6.0 -77.0 14.0 -79.0 11.0 -79.0 7.0 -80.0 17.0 -80.0 20.0 -81.0 16.0 -83.0 
1395237235001 SHIMMER.M.200 3.0 -70.0 5.0 -74.0 4.0 -75.0 9.0 -82.0 12.0 -83.0 
1395237235221 MICAZ.F.5 9.0 -68.0 10.0 -78.0 6.0 -79.0 13.0 -80.0 20.0 -82.0 14.0 -84.0 4.0 -84.0 7.0 -84.0 19.0 -85.0 11.0 -86.0 
1395237235378 MICAZ.F.2 6.0 -88.0 7.0 -88.0 
1395237235593 MICAZ.F.11 7.0 -76.0 18.0 -80.0 12.0 -80.0 13.0 -81.0 20.0 -82.0 5.0 -86.0 19.0 -87.0 6.0 -87.0 15.0 -88.0 
1395237236034 SHIMMER.M.200 5.0 -59.0 9.0 -68.0 4.0 -78.0 13.0 -80.0 3.0 -84.0 
1395237236164 MICAZ.F.13 15.0 -77.0 10.0 -77.0 20.0 -78.0 12.0 -78.0 14.0 -78.0 9.0 -80.0 5.0 -81.0 11.0 -81.0 8.0 -82.0 6.0 -83.0 
1395237236931 SHIMMER.M.200 5.0 -70.0 9.0 -72.0 13.0 -76.0 3.0 -78.0 4.0 -80.0 
1395237237580 MICAZ.F.18 17.0 -80.0 11.0 -81.0 12.0 -82.0 14.0 -85.0 8.0 -86.0 
1395237237774 SHIMMER.M.200 9.0 -72.0 4.0 -75.0 5.0 -76.0 13.0 -76.0 3.0 -78.0 
1395237238554 MICAZ.F.15 13.0 -78.0 14.0 -78.0 16.0 -85.0 19.0 -86.0 
1395237238845 SHIMMER.M.200 9.0 -74.0 3.0 -75.0 5.0 -78.0 6.0 -82.0 13.0 -82.0 
1395237238855 MICAZ.F.3 5.0 -78.0 9.0 -86.0 
1395237239890 MICAZ.F.19 20.0 -66.0 14.0 -70.0 17.0 -80.0 8.0 -86.0 15.0 -88.0 
1395237240123 MICAZ.F.6 12.0 -78.0 8.0 -79.0 5.0 -81.0 7.0 -82.0 9.0 -82.0 13.0 -84.0 2.0 -84.0 10.0 -87.0 4.0 -88.0 11.0 -88.0 
1395237240374 SHIMMER.M.200 5.0 -56.0 9.0 -70.0 4.0 -74.0 3.0 -80.0 6.0 -82.0 
1395237240492 SHIMMER.M.200 5.0 -56.0 3.0 -74.0 9.0 -74.0 4.0 -80.0 13.0 -80.0 
1395237241084 MICAZ.F.7 8.0 -68.0 6.0 -78.0 9.0 -79.0 2.0 -79.0 12.0 -79.0 13.0 -82.0 5.0 -83.0 17.0 -83.0 20.0 -84.0 18.0 -85.0 
1395237241799 SHIMMER.M.200 5.0 -69.0 4.0 -74.0 3.0 -78.0 13.0 -80.0 10.0 -80.0 
1395237242784 SHIMMER.M.200 9.0 -68.0 5.0 -69.0 13.0 -76.0 3.0 -78.0 7.0 -79.0 
1395237243396 MICAZ.F.14 19.0 -69.0 20.0 -74.0 16.0 -76.0 13.0 -79.0 15.0 -80.0 11.0 -80.0 9.0 -81.0 12.0 -82.0 5.0 -83.0 18.0 -83.0 
1395237243871 SHIMMER.M.200 9.0 -70.0 5.0 -72.0 13.0 -76.0 10.0 -78.0 7.0 -81.0 
1395237244573 SHIMMER.M.200 9.0 -68.0 13.0 -72.0 5.0 -73.0 10.0 -80.0 7.0 -81.0 
1395237245610 SHIMMER.M.200 9.0 -68.0 5.0 -70.0 13.0 -73.0 10.0 -80.0 7.0 -82.0 
1395237245819 MICAZ.F.17 19.0 -80.0 18.0 -81.0 11.0 -82.0 20.0 -83.0 12.0 -86.0 7.0 -88.0 
1395237246613 SHIMMER.M.200 9.0 -68.0 5.0 -69.0 13.0 -74.0 10.0 -82.0 20.0 -83.0 
1395237247893 SHIMMER.M.200 9.0 -66.0 10.0 -71.0 8.0 -73.0 5.0 -74.0 7.0 -76.0 
1395237248345 MICAZ.F.20 14.0 -72.0 18.0 -74.0 13.0 -77.0 5.0 -82.0 12.0 -82.0 11.0 -82.0 17.0 -83.0 9.0 -87.0 7.0 -87.0 
1395237248465 SHIMMER.M.200 10.0 -67.0 9.0 -71.0 8.0 -73.0 13.0 -75.0 5.0 -80.0 
1395237248577 MICAZ.F.8 7.0 -74.0 12.0 -74.0 9.0 -78.0 6.0 -78.0 13.0 -81.0 19.0 -85.0 18.0 -87.0 
1395237248873 MICAZ.F.16 14.0 -74.0 19.0 -84.0 15.0 -84.0 12.0 -87.0 
1395237249687 SHIMMER.M.200 10.0 -72.0 5.0 -79.0 13.0 -80.0 20.0 -81.0 15.0 -84.0 
1395237250336 MICAZ.F.10 9.0 -74.0 13.0 -76.0 8.0 -79.0 5.0 -81.0 7.0 -86.0 6.0 -86.0 
1395237250507 SHIMMER.M.200 10.0 -68.0 9.0 -79.0 20.0 -81.0 13.0 -81.0 15.0 -84.0 
1395237251730 SHIMMER.M.200 10.0 -67.0 9.0 -76.0 20.0 -81.0 5.0 -83.0 15.0 -84.0 
1395237252217 MICAZ.F.9 5.0 -71.0 8.0 -79.0 12.0 -80.0 10.0 -80.0 6.0 -84.0 14.0 -84.0 3.0 -85.0 7.0 -86.0 11.0 -87.0 
1395237252744 SHIMMER.M.200 10.0 -66.0 20.0 -81.0 19.0 -86.0 3.0 -87.0 7.0 -87.0 
1395237253200 MICAZ.F.4 3.0 -74.0 5.0 -87.0 
1395237253471 SHIMMER.M.200 10.0 -68.0 20.0 -81.0 9.0 -85.0 19.0 -86.0 3.0 -87.0 
1395237253764 MICAZ.F.12 8.0 -70.0 13.0 -75.0 9.0 -76.0 6.0 -76.0 11.0 -78.0 20.0 -80.0 7.0 -80.0 14.0 -81.0 17.0 -82.0 19.0 -83.0 
1395237254332 SHIMMER.M.200 10.0 -66.0 9.0 -80.0 5.0 -86.0 3.0 -87.0 8.0 -88.0 
1395237254777 MICAZ.F.5 9.0 -68.0 6.0 -79.0 10.0 -80.0 20.0 -82.0 13.0 -83.0 14.0 -84.0 7.0 -84.0 4.0 -85.0 19.0 -87.0 12.0 -87.0 
1395237254960 MICAZ.F.2 6.0 -87.0 7.0 -88.0 
1395237255181 MICAZ.F.11 7.0 -75.0 13.0 -80.0 18.0 -80.0 12.0 -80.0 20.0 -82.0 19.0 -87.0 6.0 -87.0 
1395237255507 MICAZ.F.13 15.0 -76.0 20.0 -77.0 10.0 -77.0 12.0 -78.0 14.0 -79.0 9.0 -79.0 11.0 -81.0 8.0 -82.0 5.0 -83.0 6.0 -83.0 
1395237255676 SHIMMER.M.200 10.0 -76.0 9.0 -80.0 13.0 -85.0 8.0 -88.0 5.0 -88.0 
1395237256941 SHIMMER.M.200 10.0 -61.0 9.0 -79.0 5.0 -83.0 13.0 -84.0 8.0 -88.0 
1395237257195 SHIMMER.M.200 9.0 -75.0 5.0 -76.0 13.0 -76.0 10.0 -78.0 8.0 -79.0 
1395237257310 MICAZ.F.18 11.0 -80.0 17.0 -81.0 12.0 -82.0 14.0 -84.0 8.0 -85.0 
1395237258078 MICAZ.F.15 13.0 -77.0 14.0 -78.0 16.0 -85.0 19.0 -86.0 
1395237258286 SHIMMER.M.200 9.0 -71.0 7.0 -74.0 5.0 -75.0 13.0 -75.0 8.0 -76.0 
1395237258400 MICAZ.F.3 5.0 -78.0 9.0 -85.0 
1395237259185 MICAZ.F.19 20.0 -66.0 14.0 -70.0 17.0 -80.0 8.0 -86.0 15.0 -87.0 
1395237259592 MICAZ.F.6 12.0 -78.0 8.0 -78.0 5.0 -80.0 7.0 -82.0 9.0 -83.0 13.0 -84.0 2.0 -84.0 4.0 -87.0 11.0 -88.0 
1395237259846 SHIMMER.M.200 9.0 -66.0 7.0 -75.0 5.0 -76.0 12.0 -76.0 6.0 -77.0 
1395237260579 MICAZ.F.7 8.0 -69.0 9.0 -77.0 2.0 -78.0 6.0 -78.0 12.0 -78.0 5.0 -79.0 13.0 -81.0 20.0 -83.0 18.0 -84.0 17.0 -84.0 
1395237260816 SHIMMER.M.200 8.0 -65.0 7.0 -71.0 9.0 -72.0 12.0 -80.0 3.0 -82.0 
1395237261122 SHIMMER.M.200 8.0 -70.0 7.0 -77.0 6.0 -78.0 13.0 -78.0 10.0 -82.0 
1395237262128 SHIMMER.M.200 9.0 -70.0 8.0 -75.0 5.0 -76.0 7.0 -79.0 14.0 -80.0 
1395237262782 MICAZ.F.14 19.0 -69.0 20.0 -73.0 16.0 -74.0 13.0 -79.0 11.0 -79.0 15.0 -80.0 12.0 -82.0 9.0 -82.0 5.0 -85.0 18.0 -85.0 
1395237263241 SHIMMER.M.200 9.0 -70.0 8.0 -71.0 13.0 -75.0 7.0 -76.0 5.0 -77.0 
1395237264554 SHIMMER.M.200 8.0 -65.0 7.0 -76.0 6.0 -76.0 9.0 -77.0 11.0 -78.0 
1395237264831 SHIMMER.M.200 8.0 -61.0 7.0 -73.0 11.0 -74.0 6.0 -75.0 5.0 -80.0 
1395237265260 MICAZ.F.17 19.0 -80.0 18.0 -82.0 11.0 -82.0 20.0 -84.0 12.0 -85.0 7.0 -88.0 
1395237266134 SHIMMER.M.200 8.0 -61.0 7.0 -75.0 6.0 -75.0 13.0 -77.0 9.0 -78.0 
1395237267228 SHIMMER.M.200 7.0 -56.0 8.0 -66.0 6.0 -78.0 9.0 -80.0 11.0 -82.0 
1395237267793 MICAZ.F.20 14.0 -72.0 18.0 -75.0 13.0 -77.0 5.0 -82.0 11.0 -82.0 17.0 -83.0 12.0 -84.0 9.0 -85.0 7.0 -86.0 
1395237268041 MICAZ.F.8 7.0 -74.0 12.0 -74.0 9.0 -77.0 6.0 -78.0 13.0 -81.0 19.0 -85.0 18.0 -87.0 
1395237268274 SHIMMER.M.200 7.0 -60.0 8.0 -74.0 6.0 -74.0 11.0 -77.0 9.0 -83.0 
1395237268750 MICAZ.F.16 14.0 -73.0 12.0 -85.0 13.0 -87.0 19.0 -87.0 15.0 -87.0 
1395237269018 SHIMMER.M.200 7.0 -61.0 8.0 -76.0 11.0 -77.0 12.0 -79.0 9.0 -79.0 
1395237270028 MICAZ.F.10 9.0 -74.0 13.0 -76.0 8.0 -79.0 5.0 -80.0 6.0 -85.0 
1395237270268 SHIMMER.M.200 7.0 -60.0 8.0 -74.0 12.0 -76.0 9.0 -76.0 5.0 -78.0 
1395237271080 SHIMMER.M.200 7.0 -58.0 8.0 -75.0 5.0 -78.0 9.0 -78.0 20.0 -81.0 
1395237271699 MICAZ.F.9 5.0 -71.0 10.0 -76.0 12.0 -79.0 8.0 -80.0 7.0 -81.0 6.0 -84.0 3.0 -84.0 14.0 -85.0 11.0 -88.0 
1395237272375 SHIMMER.M.200 7.0 -57.0 8.0 -70.0 9.0 -74.0 11.0 -78.0 12.0 -78.0 
1395237272625 SHIMMER.M.200 7.0 -58.0 8.0 -70.0 9.0 -73.0 11.0 -78.0 12.0 -80.0 
1395237272914 MICAZ.F.4 3.0 -76.0 5.0 -88.0 
1395237273294 MICAZ.F.12 6.0 -74.0 8.0 -74.0 13.0 -75.0 9.0 -75.0 11.0 -77.0 14.0 -79.0 7.0 -79.0 20.0 -81.0 17.0 -81.0 16.0 -83.0 
1395237273883 SHIMMER.M.200 7.0 -62.0 8.0 -70.0 9.0 -72.0 11.0 -79.0 12.0 -80.0 
1395237274222 MICAZ.F.5 9.0 -68.0 13.0 -80.0 6.0 -80.0 10.0 -80.0 20.0 -81.0 7.0 -81.0 14.0 -84.0 4.0 -87.0 11.0 -88.0 12.0 -88.0 
1395237274467 MICAZ.F.2 7.0 -88.0 
1395237274903 SHIMMER.M.200 7.0 -62.0 8.0 -70.0 9.0 -74.0 11.0 -78.0 12.0 -79.0 
1395237275050 MICAZ.F.11 7.0 -76.0 12.0 -79.0 18.0 -81.0 13.0 -82.0 20.0 -82.0 6.0 -82.0 19.0 -87.0 
1395237275273 MICAZ.F.13 10.0 -77.0 20.0 -78.0 12.0 -79.0 14.0 -79.0 9.0 -80.0 5.0 -81.0 11.0 -82.0 6.0 -83.0 8.0 -86.0 19.0 -87.0 
1395237276102 SHIMMER.M.200 7.0 -61.0 8.0 -70.0 9.0 -74.0 11.0 -78.0 12.0 -78.0 
1395237276531 MICAZ.F.18 11.0 -80.0 17.0 -82.0 12.0 -82.0 14.0 -85.0 8.0 -88.0 
1395237276738 SHIMMER.M.200 7.0 -61.0 8.0 -70.0 9.0 -74.0 11.0 -77.0 12.0 -79.0 
1395237277759 SHIMMER.M.200 7.0 -61.0 8.0 -70.0 9.0 -74.0 11.0 -77.0 12.0 -79.0 
1395237277976 MICAZ.F.3 5.0 -77.0 9.0 -84.0 
1395237278639 SHIMMER.M.200 7.0 -61.0 8.0 -70.0 9.0 -75.0 11.0 -78.0 12.0 -78.0 
1395237278780 MICAZ.F.19 20.0 -66.0 14.0 -70.0 17.0 -79.0 8.0 -84.0 
1395237279152 MICAZ.F.6 12.0 -78.0 8.0 -78.0 5.0 -80.0 11.0 -83.0 9.0 -84.0 13.0 -84.0 4.0 -87.0 10.0 -88.0 2.0 -88.0 
1395237280103 MICAZ.F.7 8.0 -73.0 9.0 -79.0 5.0 -79.0 2.0 -79.0 12.0 -81.0 13.0 -83.0 20.0 -83.0 17.0 -83.0 16.0 -86.0 10.0 -86.0 
1395237280282 SHIMMER.M.200 7.0 -61.0 8.0 -69.0 9.0 -74.0 11.0 -77.0 13.0 -81.0 
1395237280535 SHIMMER.M.200 7.0 -61.0 8.0 -70.0 9.0 -74.0 12.0 -78.0 11.0 -80.0 
1395237281742 SHIMMER.M.200 7.0 -61.0 8.0 -70.0 9.0 -74.0 12.0 -78.0 11.0 -80.0 
1395237282503 MICAZ.F.14 19.0 -69.0 16.0 -72.0 20.0 -73.0 11.0 -79.0 13.0 -80.0 12.0 -83.0 9.0 -83.0 5.0 -84.0 18.0 -84.0 
1395237282795 SHIMMER.M.200 7.0 -61.0 8.0 -70.0 9.0 -74.0 12.0 -76.0 11.0 -80.0 
1395237284228 SHIMMER.M.200 7.0 -60.0 8.0 -70.0 9.0 -75.0 12.0 -78.0 11.0 -80.0 
1395237284562 SHIMMER.M.200 7.0 -60.0 8.0 -70.0 9.0 -75.0 12.0 -78.0 11.0 -79.0 
1395237284814 MICAZ.F.17 19.0 -79.0 18.0 -82.0 11.0 -83.0 20.0 -84.0 12.0 -86.0 13.0 -88.0 7.0 -88.0 
1395237285594 SHIMMER.M.200 7.0 -60.0 8.0 -74.0 12.0 -78.0 9.0 -78.0 11.0 -80.0 
1395237286557 SHIMMER.M.200 7.0 -55.0 8.0 -75.0 12.0 -78.0 9.0 -78.0 11.0 -79.0 
1395237287445 MICAZ.F.20 14.0 -72.0 18.0 -75.0 13.0 -77.0 5.0 -82.0 11.0 -82.0 17.0 -83.0 12.0 -83.0 9.0 -87.0 7.0 -88.0 
1395237287685 MICAZ.F.8 7.0 -77.0 6.0 -78.0 12.0 -78.0 9.0 -79.0 13.0 -81.0 19.0 -84.0 5.0 -88.0 
1395237287943 MICAZ.F.16 14.0 -72.0 15.0 -78.0 12.0 -82.0 19.0 -85.0 18.0 -86.0 20.0 -86.0 13.0 -86.0 
1395237288153 SHIMMER.M.200 7.0 -55.0 8.0 -74.0 9.0 -81.0 12.0 -82.0 11.0 -83.0 
1395237288997 SHIMMER.M.200 7.0 -55.0 8.0 -78.0 12.0 -82.0 9.0 -82.0 11.0 -83.0 
1395237289400 SHIMMER.M.200 7.0 -56.0 8.0 -76.0 12.0 -81.0 9.0 -82.0 11.0 -83.0 
1395237289641 MICAZ.F.10 9.0 -74.0 13.0 -76.0 8.0 -79.0 5.0 -80.0 12.0 -86.0 6.0 -87.0 
1395237290429 SHIMMER.M.200 7.0 -55.0 8.0 -76.0 11.0 -80.0 9.0 -80.0 12.0 -83.0 
1395237291269 MICAZ.F.9 5.0 -71.0 10.0 -76.0 12.0 -79.0 8.0 -80.0 6.0 -84.0 14.0 -84.0 7.0 -85.0 11.0 -88.0 3.0 -88.0 
1395237291612 SHIMMER.M.200 7.0 -55.0 8.0 -78.0 9.0 -79.0 11.0 -80.0 12.0 -81.0 
1395237292362 MICAZ.F.4 3.0 -74.0 5.0 -88.0 
1395237292850 SHIMMER.M.200 7.0 -54.0 9.0 -76.0 11.0 -78.0 8.0 -78.0 12.0 -79.0 
1395237293042 MICAZ.F.12 8.0 -73.0 9.0 -74.0 6.0 -75.0 11.0 -76.0 13.0 -77.0 20.0 -80.0 16.0 -80.0 14.0 -81.0 7.0 -81.0 17.0 -82.0 
1395237293244 SHIMMER.M.200 7.0 -55.0 8.0 -78.0 11.0 -79.0 9.0 -79.0 12.0 -80.0 
1395237293691 MICAZ.F.5 9.0 -68.0 13.0 -80.0 6.0 -80.0 10.0 -80.0 20.0 -81.0 8.0 -84.0 14.0 -84.0 7.0 -84.0 4.0 -85.0 12.0 -86.0 
1395237293934 MICAZ.F.2 7.0 -88.0 
1395237294197 MICAZ.F.11 12.0 -77.0 18.0 -78.0 6.0 -80.0 7.0 -80.0 13.0 -82.0 20.0 -82.0 19.0 -85.0 
1395237294435 SHIMMER.M.200 7.0 -54.0 8.0 -76.0 9.0 -78.0 11.0 -80.0 12.0 -80.0 
1395237294652 MICAZ.F.13 10.0 -77.0 20.0 -78.0 12.0 -78.0 14.0 -78.0 9.0 -79.0 11.0 -80.0 5.0 -81.0 6.0 -85.0 19.0 -87.0 17.0 -87.0 
