1395246596580 MICAZ.F.7 6.0 -73.0 8.0 -73.0 5.0 -78.0 2.0 -79.0 12.0 -80.0 17.0 -82.0 18.0 -83.0 16.0 -84.0 13.0 -85.0 10.0 -86.0 
1395246597184 SHIMMER.M.200 7.0 -70.0 8.0 -77.0 11.0 -79.0 13.0 -80.0 12.0 -80.0 
1395246598272 SHIMMER.M.200 7.0 -62.0 8.0 -75.0 11.0 -81.0 9.0 -82.0 2.0 -83.0 
1395246598549 SHIMMER.M.200 7.0 -62.0 8.0 -78.0 6.0 -79.0 13.0 -82.0 2.0 -83.0 
1395246598854 MICAZ.F.14 19.0 -68.0 13.0 -80.0 12.0 -81.0 11.0 -82.0 15.0 -84.0 9.0 -84.0 5.0 -86.0 
1395246599709 SHIMMER.M.200 7.0 -62.0 8.0 -77.0 6.0 -78.0 13.0 -83.0 12.0 -86.0 
1395246600910 SHIMMER.M.200 7.0 -62.0 8.0 -78.0 6.0 -78.0 13.0 -83.0 12.0 -86.0 
1395246601192 MICAZ.F.17 19.0 -80.0 20.0 -84.0 12.0 -84.0 11.0 -85.0 7.0 -87.0 18.0 -88.0 
1395246602004 SHIMMER.M.200 7.0 -62.0 8.0 -77.0 6.0 -78.0 13.0 -83.0 11.0 -83.0 
1395246602730 SHIMMER.M.200 7.0 -62.0 8.0 -77.0 6.0 -78.0 11.0 -82.0 13.0 -84.0 
1395246603576 SHIMMER.M.200 7.0 -62.0 8.0 -76.0 6.0 -78.0 11.0 -81.0 13.0 -84.0 
1395246603807 MICAZ.F.20 18.0 -74.0 14.0 -74.0 13.0 -78.0 12.0 -82.0 5.0 -82.0 11.0 -83.0 17.0 -84.0 9.0 -85.0 
1395246604017 MICAZ.F.8 7.0 -76.0 13.0 -78.0 10.0 -80.0 9.0 -81.0 6.0 -81.0 12.0 -83.0 19.0 -86.0 5.0 -87.0 
1395246604264 MICAZ.F.16 15.0 -68.0 14.0 -71.0 12.0 -80.0 13.0 -82.0 20.0 -84.0 7.0 -87.0 
1395246604675 SHIMMER.M.200 7.0 -62.0 8.0 -75.0 6.0 -76.0 13.0 -82.0 11.0 -85.0 
1395246605930 MICAZ.F.10 9.0 -72.0 13.0 -77.0 8.0 -79.0 5.0 -81.0 6.0 -83.0 7.0 -88.0 4.0 -88.0 
1395246606103 SHIMMER.M.200 7.0 -62.0 8.0 -75.0 6.0 -76.0 11.0 -82.0 13.0 -83.0 
1395246606314 SHIMMER.M.200 7.0 -62.0 8.0 -75.0 6.0 -78.0 11.0 -82.0 13.0 -83.0 
1395246607562 SHIMMER.M.200 7.0 -62.0 8.0 -75.0 6.0 -78.0 11.0 -82.0 13.0 -83.0 
1395246607837 MICAZ.F.9 5.0 -70.0 10.0 -75.0 12.0 -79.0 4.0 -80.0 8.0 -82.0 3.0 -86.0 6.0 -88.0 20.0 -88.0 
1395246608566 SHIMMER.M.200 7.0 -62.0 8.0 -75.0 6.0 -77.0 11.0 -82.0 13.0 -83.0 
1395246608941 MICAZ.F.4 3.0 -70.0 9.0 -80.0 5.0 -87.0 
1395246609345 MICAZ.F.12 9.0 -75.0 6.0 -76.0 18.0 -79.0 14.0 -79.0 20.0 -79.0 7.0 -79.0 16.0 -80.0 15.0 -82.0 11.0 -82.0 13.0 -83.0 
1395246609720 SHIMMER.M.200 7.0 -62.0 8.0 -75.0 6.0 -78.0 11.0 -82.0 13.0 -84.0 
1395246610220 MICAZ.F.5 9.0 -68.0 6.0 -79.0 20.0 -82.0 13.0 -82.0 10.0 -82.0 7.0 -82.0 4.0 -85.0 19.0 -85.0 14.0 -86.0 8.0 -87.0 
1395246610457 MICAZ.F.2 7.0 -85.0 
1395246610593 SHIMMER.M.200 7.0 -62.0 8.0 -75.0 6.0 -78.0 11.0 -82.0 13.0 -83.0 
1395246610777 MICAZ.F.11 7.0 -76.0 14.0 -80.0 19.0 -81.0 20.0 -82.0 13.0 -82.0 12.0 -83.0 6.0 -85.0 17.0 -87.0 9.0 -87.0 
1395246611020 MICAZ.F.13 9.0 -76.0 20.0 -77.0 8.0 -78.0 10.0 -78.0 14.0 -81.0 11.0 -82.0 5.0 -83.0 12.0 -85.0 18.0 -87.0 16.0 -88.0 
1395246611401 SHIMMER.M.200 7.0 -62.0 8.0 -76.0 13.0 -83.0 11.0 -83.0 9.0 -87.0 
1395246612522 SHIMMER.M.200 7.0 -62.0 8.0 -76.0 6.0 -76.0 11.0 -83.0 13.0 -84.0 
1395246612743 MICAZ.F.18 20.0 -75.0 12.0 -82.0 19.0 -83.0 15.0 -85.0 11.0 -85.0 14.0 -86.0 7.0 -87.0 13.0 -88.0 17.0 -88.0 
1395246613555 MICAZ.F.15 16.0 -74.0 14.0 -86.0 18.0 -86.0 13.0 -86.0 12.0 -87.0 19.0 -88.0 
1395246613760 SHIMMER.M.200 7.0 -62.0 6.0 -75.0 8.0 -76.0 11.0 -82.0 13.0 -83.0 
1395246613914 MICAZ.F.3 5.0 -79.0 
1395246614296 SHIMMER.M.200 7.0 -62.0 6.0 -75.0 8.0 -76.0 11.0 -82.0 13.0 -84.0 
1395246614811 MICAZ.F.19 20.0 -67.0 14.0 -69.0 17.0 -80.0 11.0 -82.0 18.0 -83.0 8.0 -86.0 5.0 -88.0 15.0 -88.0 
1395246615098 MICAZ.F.6 8.0 -79.0 7.0 -80.0 12.0 -80.0 5.0 -82.0 9.0 -84.0 10.0 -84.0 13.0 -86.0 11.0 -88.0 
1395246615352 SHIMMER.M.200 7.0 -62.0 8.0 -76.0 6.0 -76.0 11.0 -82.0 13.0 -84.0 
1395246615973 MICAZ.F.7 8.0 -72.0 6.0 -74.0 12.0 -78.0 5.0 -79.0 9.0 -80.0 2.0 -81.0 17.0 -82.0 16.0 -84.0 18.0 -84.0 
1395246616257 SHIMMER.M.200 7.0 -62.0 11.0 -76.0 8.0 -78.0 6.0 -81.0 12.0 -83.0 
1395246617677 SHIMMER.M.200 7.0 -70.0 8.0 -75.0 12.0 -78.0 13.0 -81.0 11.0 -81.0 
1395246618288 MICAZ.F.14 19.0 -68.0 13.0 -80.0 11.0 -82.0 12.0 -82.0 9.0 -83.0 15.0 -84.0 5.0 -86.0 
1395246618722 SHIMMER.M.200 8.0 -70.0 7.0 -77.0 6.0 -77.0 12.0 -78.0 11.0 -79.0 
1395246619114 SHIMMER.M.200 8.0 -68.0 12.0 -76.0 7.0 -78.0 6.0 -80.0 13.0 -82.0 
1395246620395 SHIMMER.M.200 7.0 -80.0 8.0 -80.0 6.0 -80.0 11.0 -81.0 9.0 -81.0 
1395246620709 MICAZ.F.17 19.0 -80.0 11.0 -84.0 18.0 -84.0 20.0 -86.0 12.0 -87.0 
1395246621406 SHIMMER.M.200 8.0 -70.0 7.0 -83.0 13.0 -86.0 12.0 -87.0 11.0 -87.0 
1395246622618 SHIMMER.M.200 8.0 -70.0 7.0 -83.0 13.0 -85.0 11.0 -86.0 10.0 -87.0 
1395246623182 SHIMMER.M.200 8.0 -72.0 7.0 -80.0 13.0 -85.0 6.0 -85.0 11.0 -85.0 
1395246623363 MICAZ.F.20 14.0 -73.0 18.0 -74.0 13.0 -77.0 12.0 -81.0 5.0 -81.0 11.0 -82.0 17.0 -83.0 9.0 -86.0 
1395246623531 MICAZ.F.8 6.0 -78.0 13.0 -80.0 10.0 -80.0 7.0 -81.0 9.0 -85.0 5.0 -85.0 12.0 -85.0 19.0 -86.0 11.0 -88.0 
1395246623774 MICAZ.F.16 15.0 -69.0 14.0 -72.0 12.0 -80.0 20.0 -87.0 7.0 -87.0 
1395246624157 SHIMMER.M.200 7.0 -79.0 8.0 -80.0 6.0 -82.0 11.0 -82.0 13.0 -83.0 
1395246625333 SHIMMER.M.200 7.0 -79.0 9.0 -81.0 13.0 -83.0 6.0 -83.0 8.0 -84.0 
1395246625523 MICAZ.F.10 9.0 -72.0 13.0 -77.0 8.0 -78.0 5.0 -81.0 6.0 -83.0 7.0 -85.0 
1395246626480 SHIMMER.M.200 7.0 -77.0 9.0 -82.0 6.0 -83.0 13.0 -85.0 11.0 -85.0 
1395246627077 SHIMMER.M.200 7.0 -76.0 8.0 -78.0 6.0 -82.0 9.0 -84.0 11.0 -85.0 
1395246627288 MICAZ.F.9 5.0 -71.0 10.0 -75.0 4.0 -80.0 12.0 -80.0 8.0 -83.0 3.0 -87.0 20.0 -87.0 6.0 -88.0 
1395246628039 SHIMMER.M.200 7.0 -75.0 8.0 -78.0 6.0 -81.0 9.0 -81.0 5.0 -87.0 
1395246628558 MICAZ.F.4 3.0 -72.0 9.0 -80.0 5.0 -85.0 
1395246628882 MICAZ.F.12 11.0 -76.0 9.0 -76.0 6.0 -77.0 14.0 -78.0 16.0 -79.0 20.0 -79.0 15.0 -80.0 13.0 -82.0 18.0 -83.0 5.0 -84.0 
1395246629133 SHIMMER.M.200 7.0 -76.0 9.0 -79.0 8.0 -80.0 5.0 -87.0 13.0 -88.0 
1395246629638 MICAZ.F.5 9.0 -69.0 6.0 -80.0 20.0 -82.0 10.0 -82.0 13.0 -83.0 7.0 -83.0 8.0 -84.0 14.0 -85.0 19.0 -85.0 4.0 -86.0 
1395246629959 MICAZ.F.2 7.0 -84.0 6.0 -87.0 
1395246630357 MICAZ.F.11 12.0 -77.0 7.0 -78.0 13.0 -80.0 20.0 -82.0 19.0 -82.0 6.0 -83.0 17.0 -84.0 14.0 -85.0 9.0 -86.0 8.0 -86.0 
1395246630558 SHIMMER.M.200 7.0 -78.0 9.0 -79.0 8.0 -80.0 13.0 -88.0 6.0 -88.0 
1395246630728 MICAZ.F.13 9.0 -76.0 20.0 -78.0 10.0 -78.0 8.0 -79.0 11.0 -81.0 14.0 -82.0 5.0 -82.0 12.0 -83.0 18.0 -87.0 16.0 -87.0 
1395246630957 SHIMMER.M.200 7.0 -78.0 8.0 -78.0 9.0 -80.0 6.0 -85.0 13.0 -87.0 
1395246631944 SHIMMER.M.200 8.0 -78.0 9.0 -80.0 7.0 -81.0 6.0 -84.0 13.0 -87.0 
1395246632165 MICAZ.F.18 20.0 -74.0 11.0 -81.0 19.0 -82.0 17.0 -83.0 14.0 -85.0 15.0 -85.0 12.0 -85.0 
1395246632991 MICAZ.F.15 16.0 -74.0 12.0 -84.0 18.0 -87.0 19.0 -88.0 13.0 -88.0 
1395246633148 SHIMMER.M.200 8.0 -76.0 7.0 -80.0 9.0 -81.0 6.0 -85.0 11.0 -86.0 
1395246633360 MICAZ.F.3 5.0 -78.0 9.0 -88.0 
1395246634210 SHIMMER.M.200 8.0 -76.0 7.0 -80.0 6.0 -80.0 9.0 -80.0 13.0 -87.0 
1395246634546 MICAZ.F.19 20.0 -67.0 14.0 -69.0 17.0 -79.0 18.0 -82.0 11.0 -82.0 5.0 -87.0 8.0 -87.0 15.0 -87.0 
1395246634750 MICAZ.F.6 7.0 -80.0 8.0 -80.0 12.0 -80.0 5.0 -81.0 2.0 -82.0 11.0 -82.0 9.0 -86.0 10.0 -86.0 13.0 -86.0 
1395246635384 SHIMMER.M.200 7.0 -77.0 8.0 -80.0 6.0 -80.0 9.0 -80.0 11.0 -84.0 
1395246635778 MICAZ.F.7 8.0 -76.0 2.0 -77.0 5.0 -79.0 13.0 -79.0 6.0 -81.0 17.0 -82.0 12.0 -82.0 9.0 -83.0 16.0 -84.0 18.0 -86.0 
1395246636020 SHIMMER.M.200 8.0 -72.0 7.0 -74.0 6.0 -78.0 9.0 -81.0 11.0 -84.0 
1395246636855 SHIMMER.M.200 8.0 -68.0 7.0 -77.0 6.0 -78.0 5.0 -79.0 9.0 -81.0 
1395246637708 MICAZ.F.14 19.0 -68.0 11.0 -82.0 12.0 -82.0 13.0 -82.0 9.0 -83.0 5.0 -84.0 15.0 -86.0 
1395246638164 SHIMMER.M.200 8.0 -71.0 7.0 -75.0 9.0 -80.0 13.0 -82.0 6.0 -82.0 
1395246639315 SHIMMER.M.200 8.0 -70.0 7.0 -74.0 10.0 -78.0 9.0 -78.0 12.0 -83.0 
1395246639829 SHIMMER.M.200 8.0 -68.0 9.0 -76.0 12.0 -78.0 7.0 -80.0 13.0 -81.0 
1395246640406 MICAZ.F.17 19.0 -80.0 12.0 -84.0 20.0 -85.0 11.0 -86.0 7.0 -88.0 
1395246640792 SHIMMER.M.200 8.0 -75.0 12.0 -78.0 9.0 -79.0 13.0 -80.0 7.0 -80.0 
1395246642177 SHIMMER.M.200 9.0 -74.0 8.0 -76.0 13.0 -82.0 6.0 -82.0 12.0 -83.0 
1395246642548 SHIMMER.M.200 9.0 -79.0 12.0 -80.0 8.0 -80.0 10.0 -83.0 13.0 -84.0 
1395246642858 MICAZ.F.20 14.0 -73.0 18.0 -74.0 13.0 -77.0 5.0 -81.0 11.0 -82.0 12.0 -83.0 9.0 -85.0 17.0 -85.0 
1395246643065 MICAZ.F.8 13.0 -78.0 7.0 -78.0 9.0 -79.0 6.0 -80.0 10.0 -81.0 5.0 -84.0 19.0 -86.0 
1395246643394 MICAZ.F.16 15.0 -70.0 14.0 -71.0 12.0 -81.0 13.0 -83.0 20.0 -84.0 7.0 -87.0 9.0 -88.0 
1395246644104 SHIMMER.M.200 13.0 -78.0 7.0 -78.0 9.0 -78.0 12.0 -79.0 8.0 -80.0 
1395246644797 SHIMMER.M.200 8.0 -76.0 13.0 -78.0 7.0 -78.0 9.0 -82.0 5.0 -84.0 
1395246645035 MICAZ.F.10 9.0 -73.0 13.0 -76.0 8.0 -80.0 5.0 -81.0 6.0 -85.0 4.0 -88.0 
1395246645970 SHIMMER.M.200 7.0 -70.0 9.0 -77.0 8.0 -79.0 5.0 -80.0 11.0 -80.0 
1395246646890 MICAZ.F.9 5.0 -71.0 10.0 -75.0 4.0 -81.0 8.0 -83.0 12.0 -84.0 6.0 -86.0 3.0 -88.0 20.0 -88.0 19.0 -88.0 
1395246647163 SHIMMER.M.200 5.0 -70.0 9.0 -73.0 8.0 -77.0 10.0 -78.0 7.0 -79.0 
1395246647452 SHIMMER.M.200 5.0 -76.0 4.0 -78.0 3.0 -78.0 7.0 -79.0 10.0 -80.0 
1395246647966 MICAZ.F.4 3.0 -71.0 9.0 -81.0 
1395246648378 MICAZ.F.12 9.0 -77.0 6.0 -77.0 14.0 -78.0 18.0 -79.0 16.0 -80.0 11.0 -80.0 7.0 -80.0 15.0 -81.0 20.0 -81.0 13.0 -82.0 
1395246648641 SHIMMER.M.200 5.0 -70.0 9.0 -72.0 4.0 -78.0 3.0 -79.0 10.0 -79.0 
1395246649424 MICAZ.F.2 7.0 -83.0 
1395246649547 MICAZ.F.5 9.0 -68.0 20.0 -81.0 10.0 -81.0 7.0 -81.0 13.0 -82.0 6.0 -82.0 8.0 -84.0 12.0 -84.0 19.0 -85.0 4.0 -87.0 
1395246649711 SHIMMER.M.200 5.0 -68.0 9.0 -74.0 3.0 -78.0 4.0 -79.0 10.0 -79.0 
1395246649853 MICAZ.F.11 7.0 -74.0 20.0 -81.0 12.0 -81.0 19.0 -82.0 14.0 -83.0 17.0 -84.0 13.0 -85.0 6.0 -85.0 9.0 -87.0 
1395246650029 MICAZ.F.13 9.0 -76.0 10.0 -77.0 20.0 -78.0 14.0 -79.0 8.0 -80.0 5.0 -82.0 16.0 -85.0 11.0 -86.0 12.0 -86.0 7.0 -88.0 
1395246650908 SHIMMER.M.200 5.0 -72.0 9.0 -74.0 3.0 -78.0 4.0 -79.0 6.0 -80.0 
1395246651483 SHIMMER.M.200 5.0 -64.0 4.0 -78.0 3.0 -80.0 9.0 -81.0 13.0 -84.0 
1395246651609 MICAZ.F.18 20.0 -76.0 19.0 -81.0 11.0 -81.0 12.0 -83.0 14.0 -86.0 15.0 -86.0 8.0 -87.0 13.0 -87.0 17.0 -88.0 
1395246652589 SHIMMER.M.200 4.0 -74.0 3.0 -74.0 5.0 -76.0 9.0 -76.0 13.0 -81.0 
1395246652743 MICAZ.F.15 16.0 -78.0 12.0 -84.0 14.0 -85.0 19.0 -86.0 13.0 -88.0 
1395246652984 MICAZ.F.3 5.0 -77.0 9.0 -83.0 
1395246653689 SHIMMER.M.200 3.0 -76.0 4.0 -77.0 5.0 -83.0 13.0 -86.0 10.0 -86.0 
1395246653919 MICAZ.F.19 20.0 -67.0 14.0 -69.0 17.0 -80.0 18.0 -83.0 11.0 -83.0 15.0 -85.0 5.0 -86.0 
1395246654185 MICAZ.F.6 8.0 -79.0 12.0 -80.0 5.0 -82.0 10.0 -84.0 7.0 -86.0 9.0 -86.0 2.0 -87.0 13.0 -88.0 
1395246654992 SHIMMER.M.200 4.0 -73.0 3.0 -75.0 5.0 -78.0 9.0 -80.0 6.0 -83.0 
1395246655204 MICAZ.F.7 8.0 -71.0 5.0 -78.0 2.0 -79.0 12.0 -79.0 9.0 -82.0 6.0 -82.0 17.0 -84.0 16.0 -85.0 18.0 -86.0 19.0 -87.0 
1395246655482 SHIMMER.M.200 5.0 -74.0 9.0 -76.0 8.0 -81.0 14.0 -82.0 13.0 -83.0 
1395246656366 SHIMMER.M.200 5.0 -72.0 9.0 -76.0 13.0 -81.0 8.0 -81.0 14.0 -82.0 
1395246657348 MICAZ.F.14 19.0 -68.0 13.0 -80.0 12.0 -81.0 9.0 -82.0 11.0 -83.0 15.0 -86.0 5.0 -86.0 6.0 -88.0 
1395246657550 SHIMMER.M.200 9.0 -72.0 5.0 -74.0 13.0 -78.0 4.0 -80.0 3.0 -81.0 
1395246658600 SHIMMER.M.200 3.0 -66.0 4.0 -67.0 13.0 -78.0 5.0 -80.0 8.0 -81.0 
1395246659742 MICAZ.F.17 19.0 -79.0 12.0 -84.0 20.0 -87.0 
1395246660183 SHIMMER.M.200 3.0 -70.0 4.0 -73.0 8.0 -81.0 9.0 -81.0 14.0 -82.0 
1395246660485 SHIMMER.M.200 3.0 -67.0 4.0 -78.0 8.0 -81.0 5.0 -81.0 14.0 -82.0 
1395246661515 SHIMMER.M.200 3.0 -74.0 4.0 -76.0 5.0 -82.0 9.0 -85.0 10.0 -88.0 
1395246662355 MICAZ.F.20 14.0 -72.0 18.0 -74.0 13.0 -77.0 5.0 -80.0 11.0 -82.0 12.0 -83.0 9.0 -85.0 17.0 -86.0 
1395246662607 MICAZ.F.8 7.0 -76.0 6.0 -79.0 9.0 -80.0 13.0 -80.0 10.0 -80.0 19.0 -88.0 5.0 -88.0 
1395246662826 SHIMMER.M.200 3.0 -68.0 4.0 -70.0 5.0 -82.0 9.0 -84.0 10.0 -88.0 
1395246663017 MICAZ.F.16 14.0 -70.0 15.0 -74.0 20.0 -81.0 12.0 -82.0 13.0 -85.0 7.0 -86.0 
1395246664068 SHIMMER.M.200 4.0 -77.0 3.0 -77.0 5.0 -81.0 9.0 -84.0 
1395246664368 SHIMMER.M.200 3.0 -74.0 4.0 -78.0 5.0 -81.0 9.0 -84.0 
1395246664497 MICAZ.F.10 9.0 -72.0 13.0 -76.0 8.0 -78.0 5.0 -83.0 6.0 -83.0 
1395246665413 SHIMMER.M.200 4.0 -78.0 3.0 -83.0 9.0 -84.0 5.0 -86.0 
1395246666395 MICAZ.F.9 5.0 -70.0 10.0 -75.0 12.0 -80.0 4.0 -81.0 8.0 -82.0 6.0 -85.0 20.0 -87.0 3.0 -88.0 19.0 -88.0 
1395246666667 SHIMMER.M.200 4.0 -80.0 3.0 -85.0 5.0 -88.0 
1395246667178 SHIMMER.M.200 4.0 -81.0 3.0 -84.0 5.0 -86.0 
1395246667399 MICAZ.F.4 3.0 -72.0 9.0 -80.0 5.0 -88.0 
1395246667877 MICAZ.F.12 9.0 -77.0 6.0 -77.0 14.0 -78.0 7.0 -78.0 18.0 -80.0 20.0 -80.0 16.0 -81.0 15.0 -81.0 13.0 -83.0 5.0 -83.0 
1395246668212 SHIMMER.M.200 4.0 -80.0 3.0 -80.0 5.0 -86.0 
1395246668782 MICAZ.F.5 9.0 -68.0 6.0 -80.0 20.0 -82.0 13.0 -82.0 10.0 -82.0 7.0 -82.0 4.0 -85.0 8.0 -86.0 19.0 -86.0 12.0 -86.0 
1395246669013 MICAZ.F.2 7.0 -84.0 
1395246669163 SHIMMER.M.200 4.0 -80.0 3.0 -80.0 5.0 -86.0 
1395246669302 MICAZ.F.11 7.0 -74.0 14.0 -81.0 20.0 -82.0 19.0 -82.0 13.0 -82.0 17.0 -86.0 12.0 -86.0 9.0 -86.0 6.0 -87.0 8.0 -88.0 
1395246669594 MICAZ.F.13 9.0 -76.0 20.0 -78.0 10.0 -78.0 14.0 -79.0 8.0 -79.0 5.0 -83.0 11.0 -83.0 18.0 -85.0 12.0 -87.0 16.0 -88.0 
1395246670234 SHIMMER.M.200 4.0 -80.0 3.0 -82.0 5.0 -86.0 13.0 -88.0 
1395246671258 MICAZ.F.18 20.0 -75.0 12.0 -82.0 11.0 -82.0 19.0 -83.0 13.0 -85.0 15.0 -85.0 14.0 -86.0 7.0 -88.0 
1395246671799 SHIMMER.M.200 4.0 -80.0 3.0 -80.0 5.0 -86.0 
1395246672048 SHIMMER.M.200 4.0 -78.0 3.0 -79.0 
1395246672452 MICAZ.F.3 5.0 -77.0 
1395246672628 MICAZ.F.15 16.0 -78.0 12.0 -85.0 14.0 -85.0 18.0 -87.0 
1395246673163 SHIMMER.M.200 4.0 -78.0 3.0 -80.0 
1395246673450 MICAZ.F.19 20.0 -68.0 14.0 -69.0 17.0 -82.0 18.0 -83.0 11.0 -84.0 8.0 -87.0 5.0 -88.0 9.0 -88.0 
1395246673698 MICAZ.F.6 8.0 -80.0 12.0 -80.0 5.0 -82.0 10.0 -84.0 9.0 -85.0 13.0 -87.0 11.0 -87.0 7.0 -88.0 
1395246674055 SHIMMER.M.200 4.0 -79.0 3.0 -82.0 
1395246674570 MICAZ.F.7 8.0 -74.0 12.0 -76.0 5.0 -78.0 2.0 -78.0 17.0 -83.0 16.0 -85.0 18.0 -85.0 
1395246675483 SHIMMER.M.200 3.0 -80.0 4.0 -81.0 
1395246675792 SHIMMER.M.200 3.0 -82.0 4.0 -83.0 
1395246677057 SHIMMER.M.200 4.0 -80.0 3.0 -82.0 
1395246677246 MICAZ.F.14 19.0 -68.0 13.0 -80.0 12.0 -81.0 11.0 -82.0 15.0 -84.0 9.0 -84.0 5.0 -86.0 
1395246677993 SHIMMER.M.200 3.0 -79.0 4.0 -82.0 
1395246679302 MICAZ.F.17 19.0 -82.0 12.0 -84.0 11.0 -87.0 20.0 -87.0 
1395246679621 SHIMMER.M.200 4.0 -80.0 3.0 -80.0 
1395246679858 SHIMMER.M.200 4.0 -80.0 3.0 -83.0 
1395246680784 SHIMMER.M.200 4.0 -78.0 3.0 -80.0 
1395246681978 MICAZ.F.20 14.0 -73.0 18.0 -74.0 13.0 -77.0 5.0 -81.0 12.0 -82.0 11.0 -82.0 9.0 -85.0 17.0 -86.0 
1395246682226 MICAZ.F.8 6.0 -78.0 7.0 -78.0 9.0 -79.0 10.0 -80.0 13.0 -83.0 19.0 -86.0 5.0 -87.0 
1395246682358 SHIMMER.M.200 4.0 -77.0 3.0 -79.0 
1395246682571 MICAZ.F.16 14.0 -71.0 15.0 -78.0 20.0 -81.0 12.0 -81.0 13.0 -84.0 7.0 -87.0 
1395246683436 SHIMMER.M.200 4.0 -78.0 3.0 -78.0 
1395246683670 SHIMMER.M.200 4.0 -78.0 3.0 -79.0 
1395246683951 MICAZ.F.10 9.0 -72.0 13.0 -76.0 8.0 -78.0 5.0 -83.0 6.0 -83.0 
1395246684786 SHIMMER.M.200 4.0 -77.0 3.0 -80.0 5.0 -85.0 
1395246685884 MICAZ.F.9 5.0 -70.0 10.0 -75.0 12.0 -80.0 8.0 -81.0 4.0 -82.0 6.0 -87.0 3.0 -88.0 20.0 -88.0 19.0 -88.0 
1395246686070 SHIMMER.M.200 4.0 -78.0 5.0 -83.0 3.0 -86.0 
1395246687020 SHIMMER.M.200 4.0 -78.0 5.0 -84.0 3.0 -86.0 
1395246687241 MICAZ.F.4 3.0 -70.0 9.0 -82.0 
1395246687406 MICAZ.F.12 9.0 -76.0 6.0 -77.0 7.0 -77.0 14.0 -78.0 11.0 -79.0 18.0 -80.0 20.0 -80.0 16.0 -81.0 15.0 -82.0 5.0 -83.0 
1395246687641 SHIMMER.M.200 4.0 -79.0 3.0 -83.0 5.0 -85.0 
1395246688330 MICAZ.F.5 9.0 -68.0 20.0 -81.0 6.0 -81.0 10.0 -82.0 13.0 -83.0 7.0 -83.0 8.0 -85.0 19.0 -85.0 12.0 -85.0 14.0 -86.0 
1395246688610 MICAZ.F.2 7.0 -84.0 
1395246688825 SHIMMER.M.200 4.0 -78.0 3.0 -84.0 5.0 -87.0 
1395246688997 MICAZ.F.11 7.0 -74.0 19.0 -81.0 14.0 -81.0 20.0 -82.0 13.0 -83.0 12.0 -83.0 9.0 -85.0 6.0 -85.0 17.0 -86.0 8.0 -88.0 
1395246689274 MICAZ.F.13 9.0 -76.0 20.0 -78.0 10.0 -78.0 14.0 -80.0 8.0 -82.0 5.0 -83.0 11.0 -83.0 18.0 -85.0 16.0 -85.0 12.0 -88.0 
1395246689729 SHIMMER.M.200 4.0 -78.0 3.0 -82.0 
1395246690818 MICAZ.F.18 20.0 -75.0 19.0 -80.0 11.0 -81.0 12.0 -82.0 13.0 -85.0 15.0 -86.0 
1395246691035 SHIMMER.M.200 3.0 -81.0 4.0 -82.0 5.0 -82.0 9.0 -87.0 
1395246691892 MICAZ.F.15 16.0 -80.0 12.0 -85.0 14.0 -87.0 18.0 -88.0 
1395246692124 MICAZ.F.3 5.0 -80.0 
1395246692322 SHIMMER.M.200 4.0 -80.0 5.0 -82.0 3.0 -84.0 9.0 -87.0 
1395246692529 SHIMMER.M.200 4.0 -80.0 5.0 -81.0 3.0 -84.0 9.0 -87.0 
1395246692788 MICAZ.F.19 20.0 -68.0 14.0 -69.0 18.0 -81.0 17.0 -81.0 11.0 -82.0 9.0 -87.0 5.0 -88.0 8.0 -88.0 
1395246693213 MICAZ.F.6 8.0 -79.0 12.0 -79.0 5.0 -80.0 10.0 -84.0 13.0 -86.0 9.0 -87.0 
1395246693718 SHIMMER.M.200 4.0 -78.0 3.0 -80.0 5.0 -80.0 9.0 -86.0 
1395246694188 MICAZ.F.7 8.0 -74.0 12.0 -76.0 5.0 -78.0 2.0 -79.0 6.0 -83.0 18.0 -84.0 17.0 -84.0 16.0 -85.0 
1395246694887 SHIMMER.M.200 4.0 -76.0 3.0 -80.0 5.0 -80.0 9.0 -84.0 
1395246696025 SHIMMER.M.200 4.0 -75.0 3.0 -77.0 5.0 -79.0 9.0 -84.0 
1395246696304 SHIMMER.M.200 3.0 -75.0 5.0 -83.0 4.0 -84.0 9.0 -85.0 
1395246696814 MICAZ.F.14 19.0 -68.0 13.0 -80.0 11.0 -82.0 12.0 -82.0 9.0 -84.0 15.0 -85.0 5.0 -86.0 
1395246697346 SHIMMER.M.200 3.0 -78.0 4.0 -87.0 
1395246698537 SHIMMER.M.200 4.0 -73.0 3.0 -78.0 5.0 -80.0 
1395246698832 MICAZ.F.17 19.0 -80.0 12.0 -84.0 20.0 -86.0 
1395246699837 SHIMMER.M.200 4.0 -72.0 5.0 -75.0 9.0 -79.0 3.0 -80.0 13.0 -80.0 
1395246700349 SHIMMER.M.200 9.0 -76.0 5.0 -78.0 4.0 -82.0 7.0 -83.0 3.0 -86.0 
1395246701203 SHIMMER.M.200 5.0 -71.0 4.0 -76.0 9.0 -76.0 13.0 -81.0 3.0 -83.0 
1395246701437 MICAZ.F.20 14.0 -71.0 18.0 -76.0 13.0 -78.0 5.0 -81.0 12.0 -82.0 11.0 -83.0 17.0 -84.0 9.0 -85.0 
1395246701688 MICAZ.F.8 7.0 -77.0 6.0 -78.0 9.0 -80.0 10.0 -80.0 13.0 -82.0 5.0 -85.0 19.0 -87.0 
1395246701954 MICAZ.F.16 14.0 -72.0 15.0 -76.0 12.0 -79.0 20.0 -81.0 13.0 -82.0 7.0 -87.0 
1395246702479 SHIMMER.M.200 5.0 -74.0 3.0 -78.0 9.0 -78.0 4.0 -85.0 13.0 -86.0 
1395246703536 MICAZ.F.10 9.0 -72.0 13.0 -77.0 8.0 -79.0 6.0 -82.0 5.0 -83.0 4.0 -87.0 
1395246703699 SHIMMER.M.200 3.0 -69.0 4.0 -77.0 5.0 -78.0 10.0 -86.0 13.0 -87.0 
1395246704161 SHIMMER.M.200 4.0 -75.0 5.0 -75.0 3.0 -78.0 9.0 -80.0 6.0 -82.0 
1395246705320 SHIMMER.M.200 5.0 -72.0 3.0 -78.0 13.0 -80.0 9.0 -80.0 20.0 -81.0 
1395246705462 MICAZ.F.9 5.0 -71.0 10.0 -74.0 8.0 -81.0 4.0 -82.0 12.0 -82.0 6.0 -86.0 20.0 -87.0 19.0 -88.0 
1395246706470 SHIMMER.M.200 13.0 -76.0 9.0 -76.0 14.0 -79.0 10.0 -79.0 5.0 -80.0 
1395246706695 MICAZ.F.4 3.0 -71.0 9.0 -81.0 
1395246706984 MICAZ.F.12 6.0 -75.0 9.0 -78.0 14.0 -79.0 16.0 -80.0 15.0 -80.0 11.0 -80.0 7.0 -80.0 18.0 -81.0 20.0 -81.0 13.0 -83.0 
1395246707635 SHIMMER.M.200 5.0 -69.0 9.0 -70.0 4.0 -82.0 3.0 -82.0 7.0 -82.0 
1395246707791 MICAZ.F.5 9.0 -69.0 20.0 -80.0 13.0 -81.0 7.0 -81.0 10.0 -82.0 8.0 -83.0 6.0 -83.0 14.0 -84.0 4.0 -85.0 12.0 -85.0 
1395246707953 MICAZ.F.2 7.0 -83.0 
1395246708607 MICAZ.F.11 7.0 -75.0 19.0 -80.0 14.0 -81.0 12.0 -82.0 20.0 -83.0 13.0 -84.0 17.0 -85.0 9.0 -87.0 6.0 -88.0 
1395246708760 SHIMMER.M.200 5.0 -68.0 9.0 -70.0 13.0 -80.0 6.0 -82.0 3.0 -83.0 
1395246708987 MICAZ.F.13 9.0 -77.0 10.0 -78.0 20.0 -79.0 14.0 -80.0 8.0 -81.0 16.0 -83.0 18.0 -84.0 5.0 -84.0 11.0 -84.0 12.0 -88.0 
1395246709114 SHIMMER.M.200 5.0 -75.0 13.0 -78.0 9.0 -78.0 20.0 -80.0 7.0 -81.0 
1395246710204 MICAZ.F.18 20.0 -75.0 19.0 -79.0 12.0 -82.0 11.0 -82.0 13.0 -83.0 14.0 -84.0 17.0 -87.0 8.0 -87.0 15.0 -87.0 
1395246710439 SHIMMER.M.200 9.0 -63.0 10.0 -78.0 13.0 -79.0 20.0 -80.0 12.0 -81.0 
1395246711126 MICAZ.F.15 16.0 -80.0 12.0 -84.0 14.0 -85.0 18.0 -88.0 
1395246711369 SHIMMER.M.200 13.0 -74.0 9.0 -74.0 5.0 -76.0 20.0 -82.0 10.0 -82.0 
1395246711565 MICAZ.F.3 5.0 -81.0 
1395246712522 MICAZ.F.19 14.0 -68.0 20.0 -68.0 18.0 -79.0 17.0 -82.0 11.0 -82.0 5.0 -86.0 8.0 -88.0 
1395246712669 MICAZ.F.6 12.0 -78.0 8.0 -80.0 5.0 -80.0 9.0 -85.0 2.0 -87.0 10.0 -88.0 
1395246712905 SHIMMER.M.200 10.0 -68.0 13.0 -74.0 5.0 -76.0 9.0 -76.0 20.0 -82.0 
1395246713156 SHIMMER.M.200 10.0 -74.0 5.0 -80.0 20.0 -82.0 9.0 -82.0 14.0 -83.0 
1395246713788 MICAZ.F.7 8.0 -74.0 2.0 -77.0 5.0 -78.0 12.0 -78.0 6.0 -80.0 9.0 -82.0 16.0 -84.0 18.0 -84.0 13.0 -85.0 14.0 -87.0 
1395246714054 SHIMMER.M.200 10.0 -70.0 9.0 -79.0 5.0 -80.0 20.0 -82.0 14.0 -83.0 
1395246715272 SHIMMER.M.200 10.0 -72.0 14.0 -83.0 9.0 -83.0 5.0 -86.0 8.0 -87.0 
1395246716120 MICAZ.F.14 19.0 -68.0 13.0 -78.0 11.0 -81.0 12.0 -81.0 9.0 -83.0 5.0 -87.0 15.0 -88.0 
1395246716830 SHIMMER.M.200 10.0 -69.0 14.0 -83.0 9.0 -83.0 13.0 -85.0 8.0 -87.0 
1395246717054 SHIMMER.M.200 10.0 -68.0 14.0 -83.0 9.0 -85.0 13.0 -86.0 8.0 -87.0 
1395246717971 SHIMMER.M.200 10.0 -71.0 9.0 -85.0 5.0 -87.0 
1395246718327 MICAZ.F.17 19.0 -81.0 20.0 -84.0 11.0 -86.0 12.0 -86.0 
1395246719187 SHIMMER.M.200 10.0 -69.0 9.0 -80.0 13.0 -85.0 
1395246719789 SHIMMER.M.200 10.0 -74.0 9.0 -74.0 13.0 -78.0 7.0 -80.0 5.0 -81.0 
1395246720801 SHIMMER.M.200 13.0 -78.0 10.0 -78.0 9.0 -78.0 5.0 -79.0 7.0 -81.0 
1395246721045 MICAZ.F.20 14.0 -73.0 18.0 -74.0 13.0 -78.0 5.0 -80.0 12.0 -82.0 11.0 -82.0 17.0 -83.0 9.0 -85.0 
1395246721299 MICAZ.F.8 7.0 -77.0 9.0 -80.0 6.0 -80.0 13.0 -81.0 10.0 -82.0 5.0 -84.0 11.0 -85.0 19.0 -88.0 18.0 -88.0 
1395246721499 MICAZ.F.16 14.0 -72.0 15.0 -77.0 20.0 -80.0 12.0 -81.0 13.0 -84.0 7.0 -87.0 
1395246721874 SHIMMER.M.200 9.0 -74.0 7.0 -78.0 10.0 -78.0 19.0 -86.0 14.0 -86.0 
1395246722993 SHIMMER.M.200 9.0 -70.0 5.0 -73.0 7.0 -75.0 6.0 -78.0 8.0 -78.0 
1395246723220 MICAZ.F.10 9.0 -73.0 13.0 -76.0 5.0 -79.0 8.0 -81.0 7.0 -85.0 4.0 -87.0 6.0 -88.0 
1395246724320 SHIMMER.M.200 5.0 -70.0 9.0 -71.0 7.0 -77.0 3.0 -78.0 8.0 -78.0 
1395246724615 SHIMMER.M.200 5.0 -72.0 9.0 -75.0 4.0 -79.0 7.0 -79.0 3.0 -80.0 
1395246725059 MICAZ.F.9 5.0 -70.0 10.0 -75.0 12.0 -81.0 4.0 -82.0 8.0 -82.0 20.0 -86.0 19.0 -86.0 6.0 -88.0 
1395246725783 SHIMMER.M.200 9.0 -70.0 5.0 -76.0 7.0 -77.0 3.0 -78.0 4.0 -79.0 
1395246726231 MICAZ.F.4 3.0 -74.0 9.0 -82.0 5.0 -84.0 
1395246726462 MICAZ.F.12 6.0 -76.0 7.0 -76.0 14.0 -77.0 9.0 -78.0 18.0 -79.0 11.0 -80.0 16.0 -81.0 15.0 -81.0 20.0 -81.0 19.0 -84.0 
1395246726924 SHIMMER.M.200 8.0 -76.0 9.0 -77.0 6.0 -78.0 3.0 -78.0 4.0 -79.0 
1395246727480 MICAZ.F.5 9.0 -68.0 10.0 -79.0 20.0 -80.0 6.0 -80.0 13.0 -81.0 7.0 -82.0 4.0 -83.0 8.0 -84.0 14.0 -86.0 19.0 -86.0 
1395246727598 MICAZ.F.2 7.0 -86.0 
1395246727965 MICAZ.F.11 7.0 -76.0 12.0 -80.0 14.0 -82.0 19.0 -83.0 13.0 -84.0 20.0 -85.0 17.0 -85.0 6.0 -87.0 8.0 -87.0 9.0 -88.0 
1395246728195 SHIMMER.M.200 7.0 -78.0 3.0 -78.0 8.0 -78.0 9.0 -78.0 4.0 -79.0 
1395246728371 MICAZ.F.13 10.0 -76.0 9.0 -77.0 20.0 -79.0 14.0 -81.0 8.0 -81.0 5.0 -82.0 18.0 -84.0 11.0 -85.0 16.0 -87.0 
1395246728629 SHIMMER.M.200 8.0 -75.0 7.0 -78.0 3.0 -78.0 4.0 -79.0 9.0 -80.0 
1395246729847 SHIMMER.M.200 8.0 -71.0 12.0 -76.0 9.0 -76.0 13.0 -78.0 3.0 -78.0 
1395246729976 MICAZ.F.18 20.0 -75.0 12.0 -81.0 11.0 -82.0 19.0 -83.0 13.0 -83.0 8.0 -85.0 14.0 -86.0 15.0 -86.0 7.0 -87.0 
1395246730796 SHIMMER.M.200 7.0 -72.0 3.0 -78.0 8.0 -78.0 6.0 -79.0 9.0 -79.0 
1395246730948 MICAZ.F.15 16.0 -78.0 13.0 -84.0 12.0 -85.0 14.0 -85.0 19.0 -88.0 20.0 -88.0 
1395246731063 MICAZ.F.3 5.0 -78.0 9.0 -88.0 
1395246732073 MICAZ.F.19 14.0 -68.0 20.0 -68.0 17.0 -79.0 18.0 -83.0 11.0 -84.0 5.0 -88.0 
1395246732196 SHIMMER.M.200 7.0 -72.0 8.0 -76.0 11.0 -82.0 13.0 -82.0 9.0 -82.0 
1395246732335 MICAZ.F.6 12.0 -78.0 7.0 -82.0 5.0 -83.0 9.0 -84.0 8.0 -84.0 11.0 -87.0 2.0 -88.0 
1395246732490 SHIMMER.M.200 8.0 -65.0 7.0 -68.0 6.0 -77.0 20.0 -81.0 12.0 -85.0 
1395246733545 MICAZ.F.7 12.0 -75.0 6.0 -76.0 8.0 -76.0 5.0 -78.0 2.0 -79.0 9.0 -79.0 13.0 -80.0 18.0 -83.0 16.0 -84.0 14.0 -86.0 
1395246733692 SHIMMER.M.200 8.0 -62.0 7.0 -68.0 9.0 -74.0 12.0 -75.0 13.0 -76.0 
1395246734769 SHIMMER.M.200 8.0 -75.0 12.0 -76.0 7.0 -76.0 9.0 -77.0 5.0 -78.0 
1395246735348 MICAZ.F.14 19.0 -68.0 13.0 -78.0 12.0 -80.0 11.0 -81.0 9.0 -83.0 15.0 -87.0 5.0 -87.0 
1395246735738 SHIMMER.M.200 8.0 -74.0 7.0 -78.0 12.0 -80.0 20.0 -81.0 6.0 -81.0 
1395246736781 SHIMMER.M.200 8.0 -68.0 7.0 -71.0 11.0 -78.0 6.0 -78.0 12.0 -79.0 
1395246737548 SHIMMER.M.200 7.0 -65.0 8.0 -68.0 13.0 -80.0 6.0 -80.0 19.0 -84.0 
1395246737989 MICAZ.F.17 19.0 -80.0 11.0 -82.0 20.0 -85.0 12.0 -85.0 
1395246738663 SHIMMER.M.200 7.0 -65.0 6.0 -80.0 8.0 -81.0 12.0 -82.0 5.0 -82.0 
1395246739808 SHIMMER.M.200 7.0 -68.0 6.0 -81.0 8.0 -81.0 9.0 -81.0 19.0 -84.0 
1395246740395 SHIMMER.M.200 7.0 -62.0 8.0 -76.0 6.0 -79.0 12.0 -80.0 9.0 -80.0 
1395246740506 MICAZ.F.20 14.0 -72.0 18.0 -74.0 13.0 -79.0 5.0 -80.0 12.0 -83.0 11.0 -83.0 17.0 -84.0 9.0 -85.0 15.0 -86.0 8.0 -88.0 
1395246740895 MICAZ.F.8 13.0 -76.0 6.0 -80.0 7.0 -80.0 9.0 -81.0 10.0 -81.0 11.0 -84.0 5.0 -84.0 19.0 -86.0 12.0 -88.0 
1395246741055 MICAZ.F.16 14.0 -70.0 15.0 -74.0 12.0 -81.0 13.0 -84.0 20.0 -85.0 
1395246741368 SHIMMER.M.200 7.0 -61.0 8.0 -76.0 6.0 -77.0 12.0 -80.0 13.0 -82.0 
1395246742372 SHIMMER.M.200 7.0 -57.0 8.0 -74.0 9.0 -78.0 12.0 -79.0 6.0 -80.0 
1395246742517 MICAZ.F.10 9.0 -73.0 13.0 -76.0 8.0 -79.0 5.0 -80.0 7.0 -85.0 6.0 -86.0 4.0 -87.0 
1395246743717 SHIMMER.M.200 7.0 -65.0 11.0 -79.0 6.0 -79.0 2.0 -83.0 8.0 -84.0 
1395246744038 SHIMMER.M.200 7.0 -62.0 2.0 -83.0 11.0 -83.0 8.0 -83.0 9.0 -83.0 
1395246744603 MICAZ.F.9 5.0 -71.0 10.0 -75.0 8.0 -80.0 12.0 -81.0 4.0 -84.0 6.0 -85.0 20.0 -86.0 
1395246745240 SHIMMER.M.200 7.0 -64.0 11.0 -80.0 8.0 -80.0 9.0 -82.0 2.0 -83.0 
1395246745605 MICAZ.F.4 3.0 -72.0 9.0 -84.0 
1395246746061 MICAZ.F.12 9.0 -76.0 14.0 -77.0 6.0 -77.0 11.0 -79.0 7.0 -79.0 18.0 -80.0 16.0 -80.0 15.0 -81.0 20.0 -81.0 19.0 -84.0 
1395246746260 SHIMMER.M.200 7.0 -66.0 11.0 -80.0 8.0 -80.0 9.0 -81.0 2.0 -83.0 
1395246747007 MICAZ.F.5 9.0 -68.0 20.0 -80.0 13.0 -80.0 10.0 -80.0 6.0 -80.0 7.0 -84.0 14.0 -85.0 8.0 -86.0 4.0 -87.0 19.0 -87.0 
1395246747252 MICAZ.F.2 7.0 -85.0 
1395246747489 MICAZ.F.11 7.0 -78.0 12.0 -80.0 14.0 -81.0 19.0 -82.0 13.0 -82.0 6.0 -82.0 20.0 -83.0 17.0 -84.0 9.0 -86.0 
1395246747713 SHIMMER.M.200 7.0 -65.0 8.0 -78.0 6.0 -79.0 9.0 -81.0 11.0 -83.0 
1395246747948 MICAZ.F.13 9.0 -75.0 10.0 -76.0 8.0 -78.0 20.0 -79.0 14.0 -81.0 5.0 -81.0 11.0 -82.0 18.0 -85.0 
1395246748502 SHIMMER.M.200 7.0 -62.0 9.0 -80.0 11.0 -82.0 6.0 -82.0 13.0 -85.0 
1395246749080 SHIMMER.M.200 7.0 -64.0 11.0 -83.0 8.0 -83.0 6.0 -84.0 9.0 -84.0 
1395246749327 MICAZ.F.18 20.0 -76.0 19.0 -81.0 12.0 -82.0 11.0 -83.0 13.0 -84.0 17.0 -85.0 14.0 -85.0 7.0 -86.0 15.0 -86.0 8.0 -87.0 
1395246750222 SHIMMER.M.200 7.0 -63.0 6.0 -80.0 11.0 -82.0 8.0 -82.0 9.0 -85.0 
1395246750401 MICAZ.F.15 16.0 -78.0 13.0 -82.0 12.0 -85.0 14.0 -85.0 18.0 -87.0 
1395246750592 MICAZ.F.3 5.0 -78.0 
1395246751403 SHIMMER.M.200 7.0 -64.0 6.0 -79.0 13.0 -82.0 11.0 -85.0 12.0 -85.0 
1395246751645 MICAZ.F.19 14.0 -68.0 20.0 -68.0 18.0 -82.0 17.0 -82.0 11.0 -83.0 8.0 -88.0 
1395246751818 MICAZ.F.6 12.0 -79.0 8.0 -81.0 7.0 -82.0 5.0 -82.0 9.0 -83.0 11.0 -86.0 10.0 -88.0 13.0 -88.0 
1395246752360 SHIMMER.M.200 7.0 -64.0 6.0 -79.0 13.0 -82.0 12.0 -86.0 5.0 -87.0 
1395246752817 MICAZ.F.7 8.0 -74.0 12.0 -77.0 2.0 -80.0 6.0 -81.0 17.0 -82.0 5.0 -83.0 13.0 -83.0 18.0 -84.0 20.0 -85.0 14.0 -86.0 
1395246753180 SHIMMER.M.200 7.0 -65.0 6.0 -80.0 13.0 -83.0 11.0 -86.0 12.0 -86.0 
1395246754002 SHIMMER.M.200 7.0 -65.0 6.0 -80.0 13.0 -87.0 11.0 -88.0 5.0 -88.0 
1395246754954 MICAZ.F.14 19.0 -68.0 13.0 -80.0 12.0 -81.0 11.0 -83.0 9.0 -83.0 15.0 -85.0 5.0 -86.0 
1395246755222 SHIMMER.M.200 7.0 -64.0 6.0 -80.0 13.0 -85.0 11.0 -86.0 2.0 -88.0 
1395246756547 SHIMMER.M.200 7.0 -64.0 6.0 -81.0 11.0 -86.0 13.0 -88.0 
1395246757010 SHIMMER.M.200 7.0 -68.0 6.0 -81.0 11.0 -85.0 13.0 -85.0 12.0 -88.0 
1395246757350 MICAZ.F.17 19.0 -80.0 18.0 -85.0 12.0 -86.0 11.0 -88.0 
1395246757953 SHIMMER.M.200 7.0 -67.0 6.0 -80.0 13.0 -86.0 5.0 -87.0 12.0 -88.0 
1395246759082 SHIMMER.M.200 7.0 -66.0 6.0 -81.0 11.0 -84.0 13.0 -88.0 8.0 -88.0 
1395246760057 SHIMMER.M.200 7.0 -64.0 6.0 -81.0 11.0 -83.0 8.0 -85.0 2.0 -87.0 
1395246760233 MICAZ.F.20 14.0 -72.0 18.0 -74.0 13.0 -79.0 5.0 -80.0 11.0 -83.0 9.0 -85.0 12.0 -85.0 15.0 -86.0 8.0 -87.0 17.0 -88.0 
1395246760352 MICAZ.F.8 13.0 -78.0 9.0 -79.0 6.0 -80.0 10.0 -81.0 12.0 -81.0 7.0 -84.0 5.0 -85.0 19.0 -86.0 
1395246760602 MICAZ.F.16 14.0 -70.0 15.0 -75.0 12.0 -80.0 20.0 -84.0 13.0 -85.0 11.0 -88.0 
1395246760896 SHIMMER.M.200 7.0 -64.0 11.0 -80.0 6.0 -80.0 8.0 -84.0 13.0 -88.0 
1395246761865 SHIMMER.M.200 7.0 -66.0 11.0 -80.0 6.0 -80.0 2.0 -88.0 
1395246762109 MICAZ.F.10 9.0 -73.0 13.0 -76.0 5.0 -79.0 8.0 -80.0 6.0 -86.0 12.0 -87.0 
1395246762926 SHIMMER.M.200 7.0 -66.0 6.0 -80.0 11.0 -81.0 2.0 -87.0 
1395246764005 MICAZ.F.9 5.0 -71.0 10.0 -76.0 12.0 -80.0 8.0 -80.0 4.0 -82.0 6.0 -86.0 20.0 -87.0 19.0 -88.0 
1395246764407 SHIMMER.M.200 7.0 -66.0 6.0 -81.0 11.0 -84.0 
