1395236847316 SHIMMER.M.200 7.0 -55.0 8.0 -73.0 6.0 -76.0 11.0 -78.0 12.0 -78.0 
1395236847773 MICAZ.F.15 13.0 -78.0 16.0 -79.0 14.0 -82.0 20.0 -85.0 18.0 -88.0 19.0 -88.0 
1395236848336 MICAZ.F.3 5.0 -78.0 9.0 -86.0 
1395236848489 SHIMMER.M.200 7.0 -56.0 6.0 -76.0 12.0 -79.0 9.0 -82.0 8.0 -83.0 
1395236848941 SHIMMER.M.200 7.0 -56.0 6.0 -76.0 12.0 -80.0 8.0 -80.0 9.0 -81.0 
1395236849302 MICAZ.F.19 20.0 -66.0 14.0 -70.0 17.0 -80.0 11.0 -84.0 8.0 -88.0 
1395236849559 MICAZ.F.6 12.0 -78.0 8.0 -78.0 5.0 -80.0 9.0 -83.0 11.0 -85.0 2.0 -85.0 13.0 -87.0 4.0 -88.0 10.0 -88.0 
1395236850036 SHIMMER.M.200 7.0 -55.0 6.0 -75.0 12.0 -80.0 11.0 -82.0 9.0 -82.0 
1395236850565 MICAZ.F.7 8.0 -74.0 12.0 -74.0 2.0 -78.0 9.0 -79.0 5.0 -80.0 18.0 -83.0 10.0 -85.0 20.0 -86.0 
1395236851032 SHIMMER.M.200 7.0 -55.0 6.0 -76.0 12.0 -79.0 9.0 -81.0 8.0 -81.0 
1395236852272 SHIMMER.M.200 7.0 -55.0 6.0 -76.0 12.0 -80.0 8.0 -82.0 9.0 -85.0 
1395236852586 MICAZ.F.14 19.0 -69.0 20.0 -72.0 16.0 -74.0 13.0 -78.0 15.0 -79.0 12.0 -82.0 11.0 -82.0 9.0 -83.0 5.0 -84.0 18.0 -84.0 
1395236852982 SHIMMER.M.200 7.0 -55.0 6.0 -76.0 12.0 -80.0 8.0 -80.0 9.0 -85.0 
1395236854005 SHIMMER.M.200 7.0 -55.0 6.0 -76.0 12.0 -80.0 8.0 -82.0 2.0 -86.0 
1395236855061 MICAZ.F.17 19.0 -79.0 20.0 -82.0 12.0 -84.0 18.0 -85.0 11.0 -85.0 
1395236855295 SHIMMER.M.200 7.0 -55.0 6.0 -76.0 12.0 -80.0 8.0 -82.0 2.0 -86.0 
1395236856268 SHIMMER.M.200 7.0 -54.0 6.0 -76.0 12.0 -80.0 8.0 -81.0 2.0 -86.0 
1395236857252 SHIMMER.M.200 7.0 -55.0 6.0 -77.0 12.0 -79.0 8.0 -80.0 9.0 -85.0 
1395236857786 MICAZ.F.20 14.0 -72.0 18.0 -75.0 13.0 -76.0 17.0 -81.0 5.0 -82.0 12.0 -83.0 15.0 -84.0 11.0 -84.0 9.0 -87.0 
1395236857941 SHIMMER.M.200 7.0 -54.0 6.0 -77.0 12.0 -79.0 8.0 -82.0 9.0 -85.0 
1395236858119 MICAZ.F.8 7.0 -74.0 12.0 -75.0 6.0 -80.0 13.0 -81.0 9.0 -81.0 19.0 -85.0 
1395236858359 MICAZ.F.16 15.0 -76.0 12.0 -84.0 18.0 -86.0 19.0 -88.0 
1395236858940 SHIMMER.M.200 7.0 -55.0 6.0 -78.0 12.0 -80.0 8.0 -81.0 9.0 -85.0 
1395236859721 MICAZ.F.10 9.0 -74.0 13.0 -76.0 8.0 -78.0 5.0 -79.0 6.0 -86.0 12.0 -88.0 
1395236860113 SHIMMER.M.200 7.0 -55.0 6.0 -77.0 12.0 -80.0 8.0 -81.0 2.0 -87.0 
1395236861410 SHIMMER.M.200 7.0 -58.0 6.0 -78.0 12.0 -79.0 8.0 -82.0 2.0 -86.0 
1395236861636 MICAZ.F.9 5.0 -71.0 10.0 -76.0 12.0 -80.0 13.0 -80.0 8.0 -80.0 6.0 -84.0 14.0 -84.0 3.0 -86.0 11.0 -87.0 19.0 -88.0 
1395236861790 SHIMMER.M.200 7.0 -55.0 6.0 -78.0 12.0 -79.0 8.0 -82.0 11.0 -86.0 
1395236862716 MICAZ.F.4 3.0 -72.0 5.0 -83.0 
1395236862932 SHIMMER.M.200 7.0 -56.0 6.0 -78.0 12.0 -79.0 8.0 -82.0 2.0 -86.0 
1395236863168 MICAZ.F.12 8.0 -70.0 6.0 -76.0 7.0 -76.0 13.0 -77.0 9.0 -77.0 11.0 -77.0 14.0 -80.0 20.0 -81.0 17.0 -81.0 5.0 -82.0 
1395236863985 SHIMMER.M.200 7.0 -56.0 6.0 -79.0 12.0 -80.0 13.0 -81.0 8.0 -82.0 
1395236864149 MICAZ.F.5 6.0 -79.0 10.0 -79.0 13.0 -82.0 4.0 -82.0 20.0 -82.0 7.0 -82.0 14.0 -84.0 12.0 -84.0 19.0 -87.0 
1395236864334 MICAZ.F.2 7.0 -88.0 
1395236864569 MICAZ.F.11 7.0 -76.0 12.0 -78.0 13.0 -80.0 18.0 -80.0 19.0 -83.0 20.0 -85.0 6.0 -85.0 
1395236865033 MICAZ.F.13 20.0 -77.0 15.0 -77.0 14.0 -77.0 10.0 -77.0 8.0 -79.0 9.0 -80.0 12.0 -80.0 5.0 -82.0 11.0 -82.0 7.0 -84.0 
1395236865245 SHIMMER.M.200 7.0 -61.0 13.0 -76.0 9.0 -80.0 6.0 -82.0 12.0 -85.0 
1395236865444 SHIMMER.M.200 7.0 -67.0 8.0 -75.0 13.0 -77.0 9.0 -78.0 11.0 -81.0 
1395236866622 MICAZ.F.18 11.0 -81.0 12.0 -81.0 17.0 -83.0 14.0 -84.0 15.0 -87.0 8.0 -88.0 
1395236866860 SHIMMER.M.200 7.0 -63.0 9.0 -76.0 8.0 -76.0 11.0 -78.0 13.0 -79.0 
1395236867581 MICAZ.F.15 13.0 -78.0 16.0 -78.0 14.0 -79.0 20.0 -88.0 
1395236867755 MICAZ.F.3 5.0 -78.0 9.0 -86.0 
1395236867919 SHIMMER.M.200 7.0 -69.0 6.0 -75.0 9.0 -76.0 13.0 -77.0 8.0 -77.0 
1395236868603 MICAZ.F.19 20.0 -67.0 14.0 -70.0 17.0 -80.0 11.0 -86.0 8.0 -87.0 9.0 -88.0 
1395236868925 MICAZ.F.6 12.0 -79.0 5.0 -80.0 8.0 -80.0 9.0 -85.0 13.0 -86.0 10.0 -87.0 2.0 -87.0 
1395236869325 SHIMMER.M.200 8.0 -71.0 7.0 -76.0 12.0 -78.0 11.0 -79.0 6.0 -79.0 
1395236869669 SHIMMER.M.200 9.0 -70.0 7.0 -71.0 8.0 -74.0 6.0 -77.0 5.0 -78.0 
1395236869890 MICAZ.F.7 8.0 -69.0 6.0 -76.0 12.0 -76.0 5.0 -77.0 9.0 -78.0 2.0 -78.0 20.0 -84.0 10.0 -84.0 18.0 -84.0 
1395236870616 SHIMMER.M.200 9.0 -70.0 8.0 -72.0 7.0 -73.0 6.0 -78.0 5.0 -78.0 
1395236871576 SHIMMER.M.200 7.0 -74.0 6.0 -77.0 9.0 -78.0 5.0 -78.0 10.0 -80.0 
1395236872244 MICAZ.F.14 19.0 -69.0 20.0 -74.0 16.0 -75.0 13.0 -78.0 15.0 -79.0 11.0 -81.0 12.0 -82.0 9.0 -82.0 5.0 -85.0 18.0 -85.0 
1395236872777 SHIMMER.M.200 7.0 -73.0 9.0 -76.0 6.0 -78.0 5.0 -78.0 10.0 -80.0 
1395236873468 SHIMMER.M.200 7.0 -72.0 9.0 -76.0 6.0 -78.0 5.0 -78.0 10.0 -79.0 
1395236874417 SHIMMER.M.200 7.0 -72.0 9.0 -76.0 5.0 -78.0 10.0 -79.0 6.0 -79.0 
1395236874620 MICAZ.F.17 19.0 -80.0 20.0 -81.0 18.0 -83.0 11.0 -83.0 12.0 -84.0 
1395236875639 SHIMMER.M.200 7.0 -73.0 9.0 -74.0 6.0 -76.0 5.0 -78.0 10.0 -79.0 
1395236877110 SHIMMER.M.200 7.0 -73.0 9.0 -76.0 6.0 -77.0 10.0 -79.0 11.0 -80.0 
1395236877325 MICAZ.F.20 14.0 -72.0 18.0 -74.0 13.0 -76.0 17.0 -80.0 5.0 -82.0 12.0 -83.0 11.0 -84.0 15.0 -86.0 7.0 -86.0 9.0 -87.0 
1395236877501 SHIMMER.M.200 7.0 -72.0 6.0 -77.0 9.0 -77.0 8.0 -79.0 10.0 -80.0 
1395236877688 MICAZ.F.8 12.0 -74.0 7.0 -78.0 6.0 -78.0 13.0 -79.0 9.0 -79.0 19.0 -84.0 20.0 -88.0 18.0 -88.0 
1395236877839 MICAZ.F.16 15.0 -76.0 12.0 -82.0 18.0 -85.0 
1395236878314 SHIMMER.M.200 7.0 -72.0 6.0 -75.0 9.0 -75.0 8.0 -79.0 10.0 -80.0 
1395236879231 MICAZ.F.10 9.0 -74.0 13.0 -76.0 8.0 -78.0 5.0 -79.0 6.0 -87.0 12.0 -88.0 
1395236879468 SHIMMER.M.200 7.0 -73.0 6.0 -75.0 9.0 -75.0 8.0 -78.0 10.0 -80.0 
1395236880609 SHIMMER.M.200 7.0 -73.0 6.0 -76.0 9.0 -76.0 8.0 -77.0 10.0 -80.0 
1395236881046 MICAZ.F.9 5.0 -72.0 10.0 -76.0 12.0 -80.0 8.0 -80.0 13.0 -81.0 7.0 -84.0 14.0 -84.0 3.0 -85.0 6.0 -86.0 11.0 -87.0 
1395236881623 SHIMMER.M.200 7.0 -73.0 9.0 -75.0 8.0 -77.0 10.0 -81.0 11.0 -81.0 
1395236882223 MICAZ.F.4 3.0 -74.0 5.0 -84.0 
1395236882352 SHIMMER.M.200 7.0 -73.0 9.0 -74.0 6.0 -76.0 10.0 -80.0 8.0 -80.0 
1395236882770 MICAZ.F.12 8.0 -71.0 13.0 -77.0 9.0 -77.0 6.0 -77.0 11.0 -78.0 7.0 -78.0 14.0 -81.0 20.0 -81.0 17.0 -81.0 16.0 -82.0 
1395236883379 SHIMMER.M.200 7.0 -73.0 9.0 -74.0 6.0 -77.0 10.0 -79.0 8.0 -80.0 
1395236883674 MICAZ.F.5 6.0 -78.0 10.0 -80.0 13.0 -81.0 4.0 -82.0 20.0 -82.0 7.0 -82.0 14.0 -84.0 12.0 -85.0 19.0 -87.0 
1395236883900 MICAZ.F.2 7.0 -88.0 
1395236884106 MICAZ.F.11 7.0 -74.0 18.0 -80.0 12.0 -80.0 20.0 -82.0 13.0 -84.0 19.0 -85.0 
1395236884472 SHIMMER.M.200 7.0 -72.0 9.0 -76.0 6.0 -78.0 10.0 -79.0 8.0 -80.0 
1395236884642 MICAZ.F.13 20.0 -77.0 15.0 -77.0 10.0 -77.0 14.0 -78.0 12.0 -79.0 8.0 -79.0 9.0 -80.0 5.0 -82.0 6.0 -83.0 11.0 -85.0 
1395236885139 SHIMMER.M.200 9.0 -74.0 7.0 -74.0 6.0 -77.0 10.0 -79.0 8.0 -79.0 
1395236886000 MICAZ.F.18 11.0 -79.0 12.0 -80.0 17.0 -82.0 14.0 -85.0 15.0 -86.0 7.0 -87.0 
1395236886258 SHIMMER.M.200 9.0 -75.0 7.0 -75.0 6.0 -77.0 10.0 -78.0 8.0 -80.0 
1395236886917 MICAZ.F.15 13.0 -78.0 16.0 -78.0 14.0 -79.0 20.0 -88.0 
1395236887185 SHIMMER.M.200 7.0 -74.0 9.0 -77.0 6.0 -78.0 10.0 -79.0 11.0 -80.0 
1395236887427 MICAZ.F.3 5.0 -77.0 9.0 -86.0 
1395236888323 MICAZ.F.19 20.0 -67.0 14.0 -70.0 17.0 -80.0 8.0 -85.0 5.0 -88.0 11.0 -88.0 
1395236888523 MICAZ.F.6 8.0 -78.0 5.0 -80.0 12.0 -80.0 7.0 -82.0 13.0 -83.0 9.0 -85.0 2.0 -85.0 
1395236888714 SHIMMER.M.200 7.0 -74.0 9.0 -76.0 10.0 -78.0 6.0 -78.0 8.0 -79.0 
1395236889382 MICAZ.F.7 8.0 -74.0 9.0 -78.0 2.0 -78.0 6.0 -78.0 12.0 -78.0 5.0 -81.0 20.0 -82.0 18.0 -83.0 10.0 -85.0 16.0 -85.0 
1395236889592 SHIMMER.M.200 9.0 -75.0 7.0 -75.0 10.0 -78.0 6.0 -78.0 11.0 -80.0 
1395236889827 SHIMMER.M.200 9.0 -76.0 7.0 -76.0 6.0 -78.0 10.0 -79.0 8.0 -79.0 
1395236891000 SHIMMER.M.200 9.0 -76.0 7.0 -76.0 6.0 -78.0 10.0 -79.0 8.0 -79.0 
1395236891693 MICAZ.F.14 19.0 -69.0 20.0 -74.0 16.0 -75.0 15.0 -78.0 13.0 -78.0 11.0 -80.0 9.0 -83.0 12.0 -84.0 5.0 -85.0 18.0 -86.0 
1395236892178 SHIMMER.M.200 9.0 -74.0 7.0 -76.0 6.0 -78.0 8.0 -78.0 10.0 -79.0 
1395236893480 SHIMMER.M.200 9.0 -75.0 7.0 -75.0 6.0 -78.0 8.0 -78.0 10.0 -80.0 
1395236893749 SHIMMER.M.200 9.0 -74.0 7.0 -75.0 10.0 -78.0 6.0 -78.0 8.0 -79.0 
1395236894191 MICAZ.F.17 19.0 -79.0 20.0 -81.0 11.0 -81.0 12.0 -82.0 18.0 -82.0 
1395236894957 SHIMMER.M.200 9.0 -74.0 7.0 -75.0 6.0 -78.0 8.0 -78.0 10.0 -79.0 
1395236896129 SHIMMER.M.200 9.0 -74.0 7.0 -75.0 6.0 -78.0 10.0 -79.0 8.0 -79.0 
1395236896598 MICAZ.F.20 14.0 -72.0 18.0 -75.0 13.0 -78.0 17.0 -79.0 5.0 -82.0 12.0 -82.0 11.0 -84.0 15.0 -85.0 7.0 -86.0 9.0 -87.0 
1395236896909 MICAZ.F.8 12.0 -76.0 6.0 -77.0 7.0 -78.0 9.0 -80.0 13.0 -81.0 19.0 -85.0 18.0 -86.0 
1395236897192 MICAZ.F.16 15.0 -76.0 12.0 -83.0 18.0 -85.0 
1395236897325 SHIMMER.M.200 7.0 -74.0 9.0 -76.0 6.0 -78.0 8.0 -78.0 10.0 -79.0 
1395236897590 SHIMMER.M.200 7.0 -74.0 9.0 -75.0 8.0 -77.0 6.0 -78.0 10.0 -79.0 
1395236898864 MICAZ.F.10 9.0 -74.0 13.0 -76.0 8.0 -78.0 5.0 -80.0 6.0 -86.0 12.0 -87.0 7.0 -88.0 
1395236899031 SHIMMER.M.200 7.0 -74.0 9.0 -76.0 6.0 -78.0 10.0 -79.0 8.0 -79.0 
1395236899999 SHIMMER.M.200 7.0 -74.0 9.0 -76.0 8.0 -77.0 6.0 -78.0 10.0 -79.0 
1395236900634 MICAZ.F.9 5.0 -72.0 10.0 -76.0 12.0 -80.0 8.0 -80.0 13.0 -82.0 7.0 -83.0 14.0 -84.0 3.0 -85.0 11.0 -85.0 6.0 -85.0 
1395236901129 SHIMMER.M.200 9.0 -75.0 7.0 -75.0 6.0 -78.0 10.0 -79.0 8.0 -79.0 
1395236901760 SHIMMER.M.200 9.0 -74.0 7.0 -75.0 10.0 -78.0 6.0 -78.0 8.0 -79.0 
1395236901875 MICAZ.F.4 3.0 -74.0 5.0 -83.0 
1395236902293 MICAZ.F.12 8.0 -71.0 6.0 -76.0 13.0 -77.0 9.0 -77.0 7.0 -78.0 11.0 -79.0 17.0 -79.0 20.0 -80.0 14.0 -82.0 5.0 -83.0 
1395236902784 SHIMMER.M.200 8.0 -70.0 13.0 -74.0 7.0 -74.0 9.0 -76.0 10.0 -79.0 
1395236903116 MICAZ.F.5 6.0 -78.0 10.0 -80.0 13.0 -81.0 4.0 -82.0 20.0 -82.0 14.0 -84.0 7.0 -84.0 12.0 -85.0 19.0 -87.0 
1395236903298 MICAZ.F.2 7.0 -88.0 
1395236903713 MICAZ.F.11 7.0 -75.0 12.0 -80.0 18.0 -82.0 13.0 -83.0 19.0 -83.0 20.0 -85.0 6.0 -85.0 8.0 -87.0 
1395236903985 SHIMMER.M.200 8.0 -70.0 7.0 -72.0 9.0 -76.0 10.0 -77.0 6.0 -78.0 
1395236904237 MICAZ.F.13 10.0 -77.0 20.0 -78.0 15.0 -78.0 14.0 -78.0 12.0 -79.0 9.0 -80.0 8.0 -80.0 5.0 -81.0 11.0 -84.0 6.0 -85.0 
1395236905034 SHIMMER.M.200 5.0 -70.0 9.0 -71.0 8.0 -76.0 7.0 -79.0 13.0 -81.0 
1395236905543 MICAZ.F.18 17.0 -81.0 12.0 -81.0 11.0 -82.0 8.0 -85.0 14.0 -85.0 15.0 -86.0 16.0 -86.0 7.0 -87.0 
1395236905719 SHIMMER.M.200 9.0 -70.0 5.0 -73.0 7.0 -76.0 13.0 -78.0 10.0 -79.0 
1395236906410 MICAZ.F.15 13.0 -78.0 14.0 -80.0 16.0 -81.0 20.0 -88.0 
1395236906597 SHIMMER.M.200 9.0 -68.0 7.0 -78.0 12.0 -79.0 8.0 -79.0 13.0 -80.0 
1395236906813 MICAZ.F.3 5.0 -78.0 9.0 -85.0 
1395236907787 SHIMMER.M.200 9.0 -68.0 5.0 -74.0 13.0 -77.0 12.0 -78.0 7.0 -78.0 
1395236907970 MICAZ.F.19 20.0 -67.0 14.0 -70.0 17.0 -80.0 8.0 -85.0 11.0 -87.0 9.0 -88.0 
1395236908104 MICAZ.F.6 8.0 -78.0 5.0 -80.0 12.0 -80.0 9.0 -82.0 13.0 -84.0 7.0 -85.0 11.0 -85.0 2.0 -85.0 4.0 -88.0 10.0 -88.0 
1395236908927 MICAZ.F.7 8.0 -69.0 12.0 -75.0 9.0 -77.0 2.0 -79.0 6.0 -80.0 5.0 -82.0 20.0 -83.0 18.0 -84.0 
1395236909072 SHIMMER.M.200 7.0 -68.0 9.0 -74.0 8.0 -74.0 5.0 -76.0 12.0 -80.0 
1395236909649 SHIMMER.M.200 9.0 -64.0 5.0 -67.0 10.0 -74.0 8.0 -76.0 7.0 -76.0 
1395236910489 SHIMMER.M.200 9.0 -63.0 5.0 -68.0 13.0 -75.0 10.0 -76.0 3.0 -76.0 
1395236911168 MICAZ.F.14 19.0 -69.0 20.0 -73.0 16.0 -76.0 13.0 -77.0 15.0 -78.0 11.0 -79.0 9.0 -82.0 12.0 -84.0 18.0 -85.0 5.0 -86.0 
1395236911743 SHIMMER.M.200 9.0 -68.0 5.0 -73.0 10.0 -74.0 13.0 -75.0 3.0 -78.0 
1395236913010 SHIMMER.M.200 9.0 -67.0 5.0 -72.0 10.0 -76.0 13.0 -78.0 3.0 -78.0 
1395236913579 SHIMMER.M.200 9.0 -66.0 5.0 -75.0 13.0 -76.0 10.0 -77.0 3.0 -78.0 
1395236913718 MICAZ.F.17 19.0 -81.0 20.0 -82.0 12.0 -82.0 18.0 -82.0 11.0 -84.0 
1395236914694 SHIMMER.M.200 9.0 -67.0 5.0 -74.0 10.0 -76.0 13.0 -77.0 3.0 -78.0 
1395236915558 SHIMMER.M.200 9.0 -68.0 5.0 -76.0 13.0 -77.0 10.0 -77.0 3.0 -78.0 
1395236916302 MICAZ.F.20 14.0 -73.0 18.0 -75.0 13.0 -76.0 17.0 -82.0 5.0 -83.0 12.0 -83.0 11.0 -84.0 9.0 -87.0 15.0 -88.0 8.0 -88.0 
1395236916645 MICAZ.F.8 12.0 -74.0 7.0 -76.0 9.0 -79.0 6.0 -79.0 13.0 -80.0 19.0 -85.0 18.0 -88.0 
1395236916828 SHIMMER.M.200 9.0 -74.0 3.0 -76.0 13.0 -81.0 7.0 -81.0 5.0 -82.0 
1395236916836 MICAZ.F.16 15.0 -78.0 12.0 -83.0 18.0 -84.0 5.0 -87.0 11.0 -88.0 13.0 -88.0 
1395236917375 SHIMMER.M.200 9.0 -72.0 3.0 -77.0 5.0 -79.0 7.0 -80.0 13.0 -82.0 
1395236918361 MICAZ.F.10 9.0 -73.0 13.0 -76.0 8.0 -78.0 5.0 -81.0 6.0 -85.0 
1395236918592 SHIMMER.M.200 9.0 -68.0 5.0 -77.0 10.0 -78.0 3.0 -78.0 8.0 -80.0 
1395236919647 SHIMMER.M.200 9.0 -69.0 10.0 -78.0 3.0 -78.0 8.0 -80.0 7.0 -80.0 
1395236920192 MICAZ.F.9 5.0 -71.0 10.0 -76.0 12.0 -80.0 8.0 -81.0 7.0 -82.0 13.0 -82.0 6.0 -85.0 14.0 -85.0 3.0 -86.0 11.0 -86.0 
1395236920893 SHIMMER.M.200 5.0 -68.0 9.0 -68.0 3.0 -78.0 7.0 -78.0 4.0 -78.0 
1395236921146 SHIMMER.M.200 9.0 -70.0 5.0 -76.0 13.0 -77.0 3.0 -78.0 7.0 -79.0 
1395236921393 MICAZ.F.4 3.0 -73.0 5.0 -85.0 
1395236921648 MICAZ.F.12 8.0 -71.0 13.0 -74.0 9.0 -76.0 11.0 -76.0 7.0 -76.0 6.0 -77.0 17.0 -80.0 16.0 -80.0 20.0 -81.0 5.0 -83.0 
1395236922721 SHIMMER.M.200 5.0 -61.0 3.0 -73.0 13.0 -78.0 9.0 -81.0 8.0 -83.0 
1395236922944 MICAZ.F.5 6.0 -78.0 13.0 -79.0 10.0 -80.0 4.0 -82.0 20.0 -82.0 7.0 -82.0 14.0 -83.0 12.0 -84.0 19.0 -86.0 8.0 -87.0 
1395236923164 MICAZ.F.11 7.0 -76.0 12.0 -79.0 13.0 -82.0 18.0 -82.0 20.0 -83.0 6.0 -84.0 19.0 -86.0 5.0 -88.0 
1395236923377 MICAZ.F.2 6.0 -86.0 7.0 -88.0 
1395236923552 SHIMMER.M.200 5.0 -55.0 3.0 -68.0 4.0 -78.0 9.0 -83.0 8.0 -83.0 
1395236923730 MICAZ.F.13 20.0 -76.0 15.0 -76.0 10.0 -77.0 12.0 -78.0 14.0 -78.0 8.0 -79.0 5.0 -80.0 9.0 -81.0 11.0 -82.0 6.0 -84.0 
1395236924684 SHIMMER.M.200 3.0 -67.0 4.0 -68.0 5.0 -78.0 9.0 -83.0 8.0 -83.0 
1395236925024 MICAZ.F.18 12.0 -82.0 17.0 -83.0 11.0 -84.0 8.0 -85.0 16.0 -85.0 14.0 -85.0 15.0 -86.0 
1395236925762 SHIMMER.M.200 5.0 -74.0 4.0 -75.0 3.0 -77.0 12.0 -83.0 9.0 -84.0 
1395236925932 MICAZ.F.15 13.0 -78.0 14.0 -78.0 16.0 -86.0 19.0 -88.0 
1395236926265 SHIMMER.M.200 9.0 -69.0 5.0 -74.0 4.0 -75.0 3.0 -77.0 13.0 -78.0 
1395236926475 MICAZ.F.3 5.0 -78.0 9.0 -86.0 
1395236927287 SHIMMER.M.200 5.0 -76.0 13.0 -78.0 9.0 -78.0 3.0 -78.0 4.0 -82.0 
1395236927524 MICAZ.F.19 20.0 -66.0 14.0 -70.0 17.0 -80.0 8.0 -86.0 9.0 -88.0 
1395236927691 MICAZ.F.6 5.0 -80.0 12.0 -80.0 8.0 -80.0 9.0 -83.0 13.0 -83.0 2.0 -84.0 7.0 -86.0 11.0 -86.0 4.0 -87.0 10.0 -87.0 
1395236928478 MICAZ.F.7 8.0 -71.0 12.0 -75.0 9.0 -77.0 5.0 -79.0 2.0 -80.0 6.0 -81.0 18.0 -85.0 20.0 -86.0 
1395236928670 SHIMMER.M.200 4.0 -62.0 3.0 -71.0 5.0 -76.0 13.0 -78.0 7.0 -84.0 
1395236929805 SHIMMER.M.200 3.0 -66.0 4.0 -68.0 13.0 -78.0 5.0 -80.0 7.0 -84.0 
1395236930101 SHIMMER.M.200 3.0 -65.0 4.0 -65.0 5.0 -76.0 13.0 -78.0 7.0 -84.0 
1395236930859 MICAZ.F.14 19.0 -70.0 20.0 -72.0 16.0 -74.0 13.0 -78.0 15.0 -80.0 11.0 -80.0 9.0 -83.0 12.0 -85.0 5.0 -86.0 18.0 -86.0 
1395236931117 SHIMMER.M.200 3.0 -66.0 4.0 -67.0 5.0 -76.0 20.0 -85.0 6.0 -85.0 
1395236932421 SHIMMER.M.200 4.0 -65.0 3.0 -67.0 5.0 -76.0 9.0 -85.0 
1395236933408 MICAZ.F.17 19.0 -80.0 20.0 -82.0 18.0 -82.0 11.0 -82.0 12.0 -84.0 
1395236933528 SHIMMER.M.200 4.0 -64.0 3.0 -72.0 5.0 -78.0 9.0 -84.0 
1395236934113 SHIMMER.M.200 4.0 -64.0 3.0 -72.0 5.0 -78.0 9.0 -85.0 
1395236935155 SHIMMER.M.200 4.0 -65.0 3.0 -70.0 5.0 -77.0 9.0 -85.0 
1395236935952 MICAZ.F.8 12.0 -75.0 7.0 -76.0 13.0 -78.0 9.0 -79.0 6.0 -79.0 19.0 -85.0 18.0 -86.0 5.0 -88.0 
1395236936142 MICAZ.F.20 14.0 -72.0 13.0 -76.0 18.0 -76.0 17.0 -80.0 5.0 -82.0 11.0 -82.0 12.0 -84.0 15.0 -86.0 
1395236936361 SHIMMER.M.200 4.0 -65.0 3.0 -70.0 5.0 -77.0 9.0 -85.0 
1395236936585 MICAZ.F.16 14.0 -73.0 15.0 -76.0 18.0 -83.0 12.0 -84.0 
1395236937483 SHIMMER.M.200 4.0 -66.0 3.0 -72.0 5.0 -79.0 9.0 -83.0 
1395236937911 SHIMMER.M.200 4.0 -67.0 3.0 -74.0 5.0 -78.0 9.0 -83.0 
1395236938052 MICAZ.F.10 9.0 -73.0 13.0 -76.0 8.0 -78.0 5.0 -80.0 6.0 -85.0 12.0 -88.0 
1395236939091 SHIMMER.M.200 3.0 -65.0 4.0 -70.0 5.0 -83.0 9.0 -85.0 
1395236939790 MICAZ.F.9 5.0 -70.0 10.0 -76.0 12.0 -79.0 8.0 -80.0 7.0 -82.0 13.0 -82.0 6.0 -84.0 14.0 -84.0 11.0 -86.0 3.0 -88.0 
1395236940051 SHIMMER.M.200 3.0 -67.0 4.0 -70.0 5.0 -79.0 9.0 -82.0 
1395236940816 MICAZ.F.4 3.0 -71.0 6.0 -88.0 
1395236941317 MICAZ.F.12 8.0 -70.0 9.0 -75.0 13.0 -76.0 6.0 -77.0 7.0 -77.0 11.0 -78.0 17.0 -79.0 14.0 -82.0 20.0 -82.0 16.0 -83.0 
1395236941448 SHIMMER.M.200 3.0 -66.0 4.0 -70.0 5.0 -79.0 9.0 -82.0 
1395236941677 SHIMMER.M.200 3.0 -68.0 4.0 -70.0 5.0 -80.0 9.0 -87.0 
1395236942248 MICAZ.F.5 6.0 -79.0 10.0 -79.0 7.0 -80.0 13.0 -82.0 20.0 -82.0 14.0 -85.0 4.0 -86.0 12.0 -86.0 8.0 -87.0 11.0 -87.0 
1395236942391 MICAZ.F.2 7.0 -86.0 6.0 -87.0 
1395236942713 MICAZ.F.11 7.0 -76.0 12.0 -80.0 18.0 -81.0 20.0 -82.0 13.0 -83.0 6.0 -84.0 19.0 -85.0 5.0 -87.0 15.0 -88.0 8.0 -88.0 
1395236942841 SHIMMER.M.200 3.0 -64.0 4.0 -69.0 5.0 -79.0 13.0 -82.0 
1395236943971 SHIMMER.M.200 3.0 -63.0 4.0 -70.0 5.0 -76.0 13.0 -82.0 
1395236944619 MICAZ.F.18 17.0 -80.0 12.0 -81.0 11.0 -82.0 16.0 -85.0 14.0 -85.0 8.0 -86.0 15.0 -86.0 7.0 -88.0 
1395236945201 SHIMMER.M.200 3.0 -63.0 4.0 -76.0 5.0 -79.0 13.0 -83.0 9.0 -86.0 
1395236945708 MICAZ.F.15 13.0 -78.0 14.0 -80.0 16.0 -80.0 20.0 -87.0 
1395236945964 SHIMMER.M.200 3.0 -63.0 4.0 -76.0 5.0 -81.0 9.0 -83.0 13.0 -83.0 
1395236946181 MICAZ.F.3 5.0 -79.0 9.0 -85.0 13.0 -86.0 
1395236946758 MICAZ.F.19 20.0 -66.0 14.0 -70.0 17.0 -80.0 8.0 -85.0 11.0 -86.0 
1395236946982 SHIMMER.M.200 3.0 -62.0 4.0 -77.0 5.0 -80.0 13.0 -83.0 9.0 -86.0 
1395236947211 MICAZ.F.6 5.0 -80.0 12.0 -80.0 8.0 -80.0 9.0 -83.0 13.0 -84.0 2.0 -84.0 11.0 -85.0 7.0 -87.0 10.0 -88.0 
1395236947977 SHIMMER.M.200 3.0 -63.0 4.0 -76.0 9.0 -82.0 13.0 -83.0 5.0 -87.0 
1395236948085 MICAZ.F.7 8.0 -71.0 9.0 -76.0 12.0 -77.0 5.0 -78.0 2.0 -79.0 6.0 -82.0 18.0 -84.0 10.0 -85.0 20.0 -86.0 
1395236949139 SHIMMER.M.200 3.0 -65.0 4.0 -75.0 9.0 -81.0 13.0 -82.0 
1395236950179 SHIMMER.M.200 3.0 -65.0 4.0 -76.0 9.0 -82.0 13.0 -82.0 
1395236950355 MICAZ.F.14 19.0 -69.0 20.0 -73.0 16.0 -74.0 13.0 -76.0 11.0 -79.0 15.0 -81.0 9.0 -82.0 5.0 -85.0 12.0 -85.0 18.0 -86.0 
1395236950545 SHIMMER.M.200 3.0 -64.0 13.0 -82.0 4.0 -82.0 9.0 -83.0 
1395236951845 SHIMMER.M.200 3.0 -64.0 13.0 -82.0 9.0 -83.0 5.0 -84.0 4.0 -85.0 
1395236952623 MICAZ.F.17 19.0 -79.0 20.0 -82.0 12.0 -82.0 11.0 -82.0 18.0 -84.0 
1395236953227 SHIMMER.M.200 3.0 -64.0 13.0 -82.0 9.0 -83.0 5.0 -85.0 4.0 -85.0 
1395236953462 SHIMMER.M.200 3.0 -63.0 9.0 -83.0 5.0 -87.0 
1395236954522 SHIMMER.M.200 3.0 -63.0 9.0 -83.0 5.0 -86.0 4.0 -86.0 
1395236955410 MICAZ.F.20 14.0 -72.0 18.0 -76.0 17.0 -80.0 5.0 -82.0 11.0 -82.0 12.0 -83.0 16.0 -84.0 9.0 -87.0 15.0 -88.0 
1395236955572 MICAZ.F.8 12.0 -74.0 7.0 -76.0 9.0 -78.0 6.0 -80.0 19.0 -85.0 18.0 -85.0 5.0 -87.0 
1395236955709 SHIMMER.M.200 3.0 -63.0 9.0 -83.0 5.0 -86.0 4.0 -86.0 
1395236955904 MICAZ.F.16 14.0 -71.0 15.0 -76.0 18.0 -82.0 20.0 -83.0 12.0 -83.0 11.0 -88.0 
1395236956974 SHIMMER.M.200 3.0 -63.0 9.0 -82.0 4.0 -85.0 5.0 -86.0 
1395236957459 MICAZ.F.10 9.0 -73.0 8.0 -77.0 5.0 -79.0 6.0 -86.0 12.0 -88.0 
1395236958226 SHIMMER.M.200 3.0 -64.0 9.0 -82.0 4.0 -84.0 
1395236958480 SHIMMER.M.200 3.0 -64.0 9.0 -81.0 4.0 -82.0 5.0 -86.0 
1395236959369 MICAZ.F.9 5.0 -72.0 10.0 -76.0 8.0 -79.0 12.0 -80.0 7.0 -81.0 6.0 -83.0 14.0 -84.0 3.0 -85.0 11.0 -86.0 
1395236959590 SHIMMER.M.200 3.0 -64.0 4.0 -80.0 9.0 -81.0 
1395236960393 MICAZ.F.4 3.0 -74.0 5.0 -87.0 
1395236960649 SHIMMER.M.200 3.0 -63.0 9.0 -81.0 4.0 -82.0 5.0 -87.0 
1395236960806 MICAZ.F.12 8.0 -71.0 9.0 -76.0 6.0 -77.0 11.0 -77.0 7.0 -78.0 17.0 -78.0 20.0 -81.0 16.0 -82.0 5.0 -83.0 14.0 -83.0 
1395236961691 MICAZ.F.5 6.0 -78.0 10.0 -80.0 7.0 -81.0 20.0 -83.0 14.0 -84.0 12.0 -86.0 8.0 -87.0 19.0 -88.0 4.0 -88.0 11.0 -88.0 
1395236962038 MICAZ.F.2 7.0 -86.0 6.0 -88.0 
1395236962185 SHIMMER.M.200 3.0 -63.0 9.0 -81.0 4.0 -82.0 5.0 -87.0 
1395236962422 SHIMMER.M.200 3.0 -63.0 9.0 -80.0 5.0 -88.0 
1395236962611 MICAZ.F.11 12.0 -76.0 7.0 -76.0 18.0 -80.0 20.0 -82.0 6.0 -83.0 19.0 -85.0 8.0 -88.0 
1395236963382 SHIMMER.M.200 3.0 -63.0 9.0 -81.0 5.0 -87.0 
1395236964048 MICAZ.F.18 11.0 -81.0 12.0 -81.0 17.0 -82.0 8.0 -85.0 16.0 -85.0 15.0 -86.0 14.0 -87.0 7.0 -88.0 
1395236964579 SHIMMER.M.200 3.0 -63.0 9.0 -81.0 13.0 -81.0 5.0 -88.0 
1395236965140 MICAZ.F.15 13.0 -77.0 14.0 -80.0 16.0 -81.0 20.0 -87.0 
1395236965394 MICAZ.F.3 5.0 -79.0 9.0 -86.0 
1395236965824 SHIMMER.M.200 3.0 -63.0 9.0 -81.0 13.0 -81.0 4.0 -86.0 
1395236966078 SHIMMER.M.200 3.0 -63.0 9.0 -80.0 13.0 -81.0 
1395236966322 MICAZ.F.19 20.0 -66.0 14.0 -70.0 17.0 -80.0 8.0 -85.0 
1395236966594 MICAZ.F.6 5.0 -80.0 12.0 -80.0 9.0 -82.0 8.0 -82.0 13.0 -84.0 11.0 -84.0 2.0 -84.0 7.0 -85.0 4.0 -88.0 10.0 -88.0 
1395236967231 SHIMMER.M.200 3.0 -63.0 9.0 -80.0 13.0 -81.0 4.0 -81.0 
1395236967567 MICAZ.F.7 8.0 -68.0 12.0 -76.0 9.0 -77.0 5.0 -77.0 2.0 -79.0 6.0 -80.0 18.0 -84.0 17.0 -84.0 20.0 -85.0 10.0 -88.0 
1395236968603 SHIMMER.M.200 3.0 -64.0 4.0 -76.0 9.0 -81.0 13.0 -82.0 
1395236969793 MICAZ.F.14 19.0 -70.0 20.0 -72.0 16.0 -73.0 13.0 -76.0 11.0 -78.0 15.0 -81.0 12.0 -84.0 9.0 -84.0 5.0 -85.0 18.0 -86.0 
1395236969956 SHIMMER.M.200 3.0 -65.0 4.0 -71.0 5.0 -79.0 13.0 -81.0 9.0 -82.0 
1395236970180 SHIMMER.M.200 3.0 -66.0 4.0 -69.0 5.0 -81.0 13.0 -81.0 9.0 -83.0 
1395236971421 SHIMMER.M.200 3.0 -67.0 4.0 -69.0 13.0 -80.0 5.0 -83.0 9.0 -85.0 
1395236972476 SHIMMER.M.200 3.0 -68.0 4.0 -69.0 5.0 -83.0 13.0 -83.0 9.0 -85.0 
1395236972704 MICAZ.F.17 18.0 -79.0 19.0 -80.0 20.0 -82.0 11.0 -82.0 12.0 -83.0 
1395236973708 SHIMMER.M.200 3.0 -66.0 4.0 -66.0 9.0 -82.0 5.0 -83.0 13.0 -83.0 
1395236974098 SHIMMER.M.200 4.0 -67.0 5.0 -68.0 9.0 -72.0 3.0 -73.0 13.0 -79.0 
1395236974858 MICAZ.F.20 14.0 -72.0 18.0 -76.0 17.0 -81.0 12.0 -81.0 5.0 -83.0 11.0 -83.0 15.0 -86.0 16.0 -86.0 9.0 -87.0 8.0 -88.0 
1395236975137 MICAZ.F.8 12.0 -71.0 7.0 -76.0 9.0 -77.0 13.0 -80.0 6.0 -80.0 19.0 -84.0 18.0 -87.0 
1395236975259 SHIMMER.M.200 5.0 -64.0 3.0 -68.0 9.0 -72.0 13.0 -79.0 4.0 -81.0 
1395236975431 MICAZ.F.16 14.0 -71.0 15.0 -78.0 18.0 -82.0 12.0 -83.0 20.0 -84.0 13.0 -85.0 
1395236976161 SHIMMER.M.200 9.0 -71.0 4.0 -73.0 5.0 -74.0 3.0 -74.0 13.0 -80.0 
1395236976961 MICAZ.F.10 9.0 -73.0 13.0 -76.0 8.0 -77.0 5.0 -78.0 6.0 -85.0 
1395236977234 SHIMMER.M.200 3.0 -68.0 5.0 -74.0 4.0 -76.0 9.0 -81.0 12.0 -85.0 
1395236978167 SHIMMER.M.200 3.0 -67.0 5.0 -72.0 4.0 -73.0 9.0 -79.0 12.0 -85.0 
1395236978809 MICAZ.F.9 5.0 -70.0 10.0 -76.0 12.0 -79.0 8.0 -80.0 7.0 -82.0 14.0 -83.0 6.0 -84.0 4.0 -87.0 11.0 -88.0 
1395236979140 SHIMMER.M.200 5.0 -60.0 9.0 -73.0 4.0 -77.0 3.0 -80.0 13.0 -82.0 
1395236979843 MICAZ.F.4 3.0 -74.0 5.0 -81.0 9.0 -86.0 6.0 -87.0 
1395236980065 SHIMMER.M.200 5.0 -60.0 10.0 -76.0 9.0 -76.0 4.0 -77.0 6.0 -78.0 
1395236980443 MICAZ.F.12 8.0 -68.0 9.0 -75.0 13.0 -76.0 11.0 -76.0 6.0 -78.0 7.0 -78.0 20.0 -80.0 17.0 -80.0 5.0 -81.0 14.0 -82.0 
1395236981107 SHIMMER.M.200 9.0 -68.0 13.0 -71.0 5.0 -75.0 10.0 -78.0 6.0 -78.0 
1395236981336 MICAZ.F.5 13.0 -80.0 6.0 -80.0 7.0 -80.0 10.0 -80.0 14.0 -82.0 20.0 -82.0 4.0 -84.0 12.0 -84.0 19.0 -88.0 11.0 -88.0 
1395236981539 MICAZ.F.2 6.0 -88.0 7.0 -88.0 
1395236982069 MICAZ.F.11 7.0 -76.0 12.0 -78.0 18.0 -80.0 13.0 -81.0 6.0 -81.0 20.0 -83.0 19.0 -85.0 5.0 -88.0 8.0 -88.0 
1395236982297 MICAZ.F.13 15.0 -76.0 14.0 -76.0 20.0 -77.0 10.0 -77.0 12.0 -79.0 8.0 -80.0 9.0 -81.0 5.0 -82.0 11.0 -82.0 6.0 -84.0 
1395236982636 SHIMMER.M.200 9.0 -72.0 13.0 -74.0 14.0 -75.0 5.0 -76.0 6.0 -77.0 
1395236983013 SHIMMER.M.200 14.0 -75.0 5.0 -76.0 3.0 -76.0 6.0 -80.0 10.0 -82.0 
1395236983768 MICAZ.F.18 17.0 -78.0 11.0 -80.0 12.0 -81.0 16.0 -85.0 8.0 -86.0 15.0 -86.0 14.0 -86.0 
1395236983983 SHIMMER.M.200 5.0 -76.0 9.0 -76.0 3.0 -76.0 6.0 -79.0 12.0 -81.0 
1395236984615 MICAZ.F.15 13.0 -77.0 14.0 -80.0 16.0 -82.0 
1395236984826 MICAZ.F.3 5.0 -77.0 9.0 -85.0 13.0 -88.0 
1395236985132 SHIMMER.M.200 5.0 -74.0 6.0 -75.0 9.0 -75.0 3.0 -80.0 4.0 -80.0 
1395236985726 MICAZ.F.19 20.0 -66.0 14.0 -70.0 17.0 -80.0 8.0 -84.0 5.0 -88.0 11.0 -88.0 9.0 -88.0 
1395236986004 SHIMMER.M.200 9.0 -67.0 13.0 -75.0 5.0 -77.0 6.0 -78.0 8.0 -79.0 
1395236986346 MICAZ.F.6 5.0 -80.0 12.0 -81.0 9.0 -82.0 8.0 -82.0 11.0 -82.0 13.0 -84.0 2.0 -84.0 7.0 -86.0 4.0 -87.0 10.0 -88.0 
1395236986771 SHIMMER.M.200 9.0 -68.0 13.0 -76.0 14.0 -79.0 8.0 -80.0 7.0 -80.0 
1395236987140 MICAZ.F.7 8.0 -68.0 9.0 -76.0 12.0 -76.0 5.0 -78.0 2.0 -80.0 6.0 -81.0 18.0 -83.0 13.0 -85.0 20.0 -85.0 16.0 -87.0 
1395236988080 SHIMMER.M.200 14.0 -72.0 9.0 -73.0 7.0 -76.0 13.0 -77.0 12.0 -79.0 
1395236989010 SHIMMER.M.200 9.0 -71.0 13.0 -74.0 5.0 -78.0 8.0 -80.0 7.0 -81.0 
1395236989414 MICAZ.F.14 19.0 -69.0 16.0 -73.0 20.0 -73.0 13.0 -77.0 11.0 -78.0 15.0 -81.0 9.0 -82.0 5.0 -83.0 12.0 -84.0 18.0 -86.0 
1395236990105 SHIMMER.M.200 9.0 -71.0 10.0 -74.0 8.0 -75.0 7.0 -78.0 5.0 -80.0 
1395236990385 SHIMMER.M.200 9.0 -68.0 10.0 -71.0 13.0 -75.0 5.0 -76.0 7.0 -78.0 
1395236991716 MICAZ.F.17 19.0 -80.0 18.0 -81.0 11.0 -81.0 20.0 -82.0 12.0 -83.0 
1395236991866 SHIMMER.M.200 10.0 -71.0 9.0 -72.0 5.0 -76.0 13.0 -80.0 12.0 -83.0 
1395236992928 SHIMMER.M.200 10.0 -70.0 5.0 -70.0 9.0 -74.0 13.0 -80.0 8.0 -82.0 
1395236994080 SHIMMER.M.200 10.0 -68.0 5.0 -80.0 3.0 -81.0 9.0 -84.0 13.0 -84.0 
1395236994383 SHIMMER.M.200 10.0 -66.0 9.0 -82.0 5.0 -83.0 13.0 -85.0 14.0 -86.0 
1395236994561 MICAZ.F.20 14.0 -71.0 18.0 -76.0 17.0 -80.0 12.0 -82.0 11.0 -82.0 5.0 -83.0 15.0 -86.0 9.0 -87.0 7.0 -88.0 
1395236994710 MICAZ.F.8 7.0 -74.0 12.0 -74.0 9.0 -78.0 13.0 -80.0 6.0 -80.0 19.0 -84.0 5.0 -88.0 18.0 -88.0 
1395236994872 MICAZ.F.16 14.0 -71.0 15.0 -78.0 18.0 -83.0 12.0 -84.0 13.0 -86.0 20.0 -86.0 
1395236995711 SHIMMER.M.200 10.0 -70.0 9.0 -80.0 13.0 -82.0 14.0 -86.0 8.0 -87.0 
1395236996479 MICAZ.F.10 9.0 -73.0 13.0 -76.0 8.0 -78.0 5.0 -79.0 14.0 -88.0 6.0 -88.0 
1395236996616 SHIMMER.M.200 10.0 -72.0 9.0 -79.0 14.0 -86.0 5.0 -86.0 13.0 -88.0 
1395236997907 SHIMMER.M.200 10.0 -67.0 5.0 -85.0 9.0 -85.0 14.0 -86.0 
1395236998317 MICAZ.F.9 5.0 -71.0 10.0 -76.0 12.0 -79.0 8.0 -80.0 7.0 -81.0 6.0 -83.0 14.0 -85.0 19.0 -88.0 11.0 -88.0 
1395236998512 SHIMMER.M.200 9.0 -76.0 10.0 -78.0 5.0 -81.0 4.0 -84.0 3.0 -86.0 
1395236999361 SHIMMER.M.200 10.0 -68.0 9.0 -68.0 7.0 -79.0 13.0 -84.0 5.0 -86.0 
1395236999606 MICAZ.F.4 3.0 -74.0 5.0 -83.0 
1395236999939 MICAZ.F.12 8.0 -70.0 13.0 -75.0 9.0 -76.0 11.0 -76.0 6.0 -78.0 20.0 -79.0 7.0 -80.0 17.0 -81.0 14.0 -82.0 16.0 -83.0 
1395237000641 SHIMMER.M.200 10.0 -69.0 9.0 -73.0 5.0 -78.0 13.0 -78.0 8.0 -81.0 
1395237000783 MICAZ.F.5 6.0 -78.0 7.0 -80.0 13.0 -81.0 10.0 -81.0 4.0 -82.0 20.0 -83.0 14.0 -85.0 12.0 -85.0 8.0 -88.0 19.0 -88.0 
1395237000974 MICAZ.F.2 6.0 -88.0 7.0 -88.0 
1395237001245 MICAZ.F.11 7.0 -76.0 12.0 -78.0 13.0 -80.0 20.0 -82.0 6.0 -83.0 18.0 -84.0 19.0 -85.0 15.0 -88.0 8.0 -88.0 
1395237001748 MICAZ.F.13 20.0 -76.0 15.0 -77.0 10.0 -77.0 12.0 -78.0 14.0 -78.0 11.0 -80.0 8.0 -80.0 9.0 -81.0 5.0 -82.0 6.0 -83.0 
1395237001982 SHIMMER.M.200 9.0 -70.0 5.0 -75.0 10.0 -78.0 8.0 -78.0 13.0 -79.0 
1395237003190 SHIMMER.M.200 13.0 -73.0 9.0 -74.0 7.0 -75.0 20.0 -77.0 5.0 -78.0 
1395237003390 MICAZ.F.18 17.0 -79.0 11.0 -81.0 12.0 -82.0 14.0 -85.0 8.0 -86.0 15.0 -86.0 16.0 -87.0 
1395237003538 SHIMMER.M.200 9.0 -68.0 7.0 -72.0 8.0 -74.0 5.0 -74.0 12.0 -78.0 
1395237004015 MICAZ.F.15 13.0 -78.0 14.0 -79.0 16.0 -80.0 
1395237004344 MICAZ.F.3 5.0 -79.0 9.0 -84.0 
1395237004539 SHIMMER.M.200 9.0 -68.0 8.0 -75.0 7.0 -76.0 5.0 -77.0 6.0 -79.0 
1395237005396 MICAZ.F.19 20.0 -66.0 14.0 -70.0 17.0 -80.0 8.0 -84.0 11.0 -85.0 9.0 -88.0 
1395237005654 SHIMMER.M.200 8.0 -69.0 7.0 -72.0 12.0 -74.0 9.0 -77.0 14.0 -83.0 
1395237005798 MICAZ.F.6 5.0 -78.0 8.0 -80.0 12.0 -81.0 9.0 -82.0 13.0 -84.0 11.0 -84.0 2.0 -84.0 4.0 -88.0 7.0 -88.0 
1395237006434 SHIMMER.M.200 8.0 -78.0 5.0 -78.0 9.0 -78.0 7.0 -78.0 13.0 -78.0 
1395237006587 MICAZ.F.7 8.0 -69.0 9.0 -75.0 5.0 -77.0 12.0 -78.0 2.0 -80.0 10.0 -81.0 6.0 -82.0 13.0 -83.0 18.0 -84.0 20.0 -85.0 
1395237007171 SHIMMER.M.200 12.0 -77.0 9.0 -77.0 5.0 -78.0 7.0 -78.0 11.0 -80.0 
1395237008209 SHIMMER.M.200 8.0 -69.0 12.0 -72.0 9.0 -73.0 7.0 -76.0 6.0 -78.0 
1395237009059 MICAZ.F.14 19.0 -70.0 16.0 -72.0 20.0 -72.0 13.0 -77.0 11.0 -78.0 15.0 -81.0 9.0 -84.0 12.0 -85.0 5.0 -86.0 18.0 -86.0 
1395237009573 SHIMMER.M.200 8.0 -62.0 7.0 -68.0 12.0 -76.0 6.0 -78.0 9.0 -79.0 
1395237010560 SHIMMER.M.200 8.0 -72.0 7.0 -72.0 9.0 -75.0 6.0 -76.0 13.0 -79.0 
1395237011110 SHIMMER.M.200 8.0 -70.0 7.0 -78.0 13.0 -79.0 6.0 -81.0 12.0 -82.0 
1395237011349 MICAZ.F.17 18.0 -79.0 20.0 -80.0 19.0 -81.0 11.0 -81.0 12.0 -83.0 
1395237012289 SHIMMER.M.200 8.0 -72.0 7.0 -78.0 13.0 -79.0 12.0 -81.0 20.0 -84.0 
1395237013332 SHIMMER.M.200 8.0 -71.0 7.0 -76.0 13.0 -78.0 12.0 -82.0 11.0 -83.0 
1395237013920 MICAZ.F.20 14.0 -71.0 18.0 -76.0 13.0 -77.0 17.0 -80.0 12.0 -81.0 11.0 -81.0 5.0 -82.0 16.0 -83.0 9.0 -86.0 15.0 -87.0 
1395237014147 MICAZ.F.8 12.0 -74.0 9.0 -75.0 7.0 -76.0 13.0 -78.0 6.0 -81.0 19.0 -84.0 18.0 -84.0 
1395237014403 MICAZ.F.16 14.0 -71.0 15.0 -77.0 20.0 -82.0 12.0 -83.0 19.0 -84.0 18.0 -86.0 13.0 -88.0 
1395237014671 SHIMMER.M.200 8.0 -70.0 7.0 -76.0 13.0 -80.0 12.0 -81.0 11.0 -83.0 
1395237014931 SHIMMER.M.200 8.0 -70.0 7.0 -75.0 12.0 -80.0 13.0 -80.0 14.0 -83.0 
1395237015989 MICAZ.F.10 9.0 -73.0 13.0 -76.0 8.0 -77.0 5.0 -80.0 6.0 -86.0 
1395237016141 SHIMMER.M.200 8.0 -70.0 7.0 -75.0 9.0 -79.0 13.0 -79.0 12.0 -80.0 
1395237017211 SHIMMER.M.200 8.0 -68.0 9.0 -77.0 7.0 -78.0 13.0 -80.0 14.0 -81.0 
1395237017733 MICAZ.F.9 5.0 -72.0 8.0 -76.0 10.0 -76.0 12.0 -80.0 7.0 -82.0 6.0 -84.0 14.0 -85.0 11.0 -86.0 19.0 -88.0 3.0 -88.0 
1395237018281 SHIMMER.M.200 8.0 -70.0 7.0 -76.0 12.0 -81.0 14.0 -81.0 9.0 -82.0 
1395237018857 MICAZ.F.4 3.0 -74.0 5.0 -86.0 
1395237018994 SHIMMER.M.200 8.0 -70.0 7.0 -76.0 9.0 -78.0 6.0 -80.0 14.0 -81.0 
1395237019450 MICAZ.F.12 8.0 -71.0 6.0 -75.0 13.0 -76.0 9.0 -76.0 11.0 -77.0 7.0 -77.0 20.0 -80.0 17.0 -81.0 16.0 -81.0 14.0 -82.0 
1395237019974 SHIMMER.M.200 8.0 -66.0 9.0 -76.0 7.0 -76.0 6.0 -78.0 12.0 -79.0 
1395237020293 MICAZ.F.5 6.0 -78.0 7.0 -80.0 10.0 -80.0 13.0 -82.0 20.0 -82.0 4.0 -84.0 14.0 -85.0 12.0 -85.0 11.0 -87.0 8.0 -88.0 
1395237020493 MICAZ.F.2 6.0 -88.0 7.0 -88.0 
1395237020749 MICAZ.F.11 12.0 -79.0 7.0 -79.0 13.0 -82.0 20.0 -82.0 18.0 -83.0 19.0 -84.0 6.0 -85.0 8.0 -86.0 5.0 -87.0 
1395237021155 SHIMMER.M.200 8.0 -72.0 6.0 -76.0 9.0 -77.0 12.0 -78.0 7.0 -79.0 
1395237021282 MICAZ.F.13 15.0 -77.0 12.0 -77.0 20.0 -78.0 14.0 -78.0 10.0 -78.0 8.0 -79.0 5.0 -82.0 11.0 -82.0 9.0 -82.0 6.0 -84.0 
1395237022331 SHIMMER.M.200 8.0 -61.0 7.0 -76.0 12.0 -77.0 6.0 -78.0 9.0 -78.0 
1395237022850 SHIMMER.M.200 7.0 -60.0 8.0 -70.0 12.0 -77.0 6.0 -77.0 11.0 -78.0 
1395237022970 MICAZ.F.18 17.0 -78.0 12.0 -81.0 11.0 -84.0 8.0 -86.0 15.0 -86.0 14.0 -86.0 
1395237023625 MICAZ.F.15 13.0 -78.0 14.0 -80.0 16.0 -82.0 
1395237023858 SHIMMER.M.200 7.0 -72.0 8.0 -73.0 13.0 -79.0 17.0 -80.0 12.0 -82.0 
1395237024038 MICAZ.F.3 5.0 -79.0 9.0 -88.0 
1395237024927 MICAZ.F.19 20.0 -66.0 14.0 -70.0 17.0 -80.0 11.0 -86.0 8.0 -86.0 9.0 -88.0 
1395237025090 SHIMMER.M.200 7.0 -68.0 8.0 -73.0 13.0 -79.0 6.0 -80.0 12.0 -82.0 
1395237025318 MICAZ.F.6 7.0 -79.0 5.0 -80.0 12.0 -80.0 9.0 -82.0 8.0 -83.0 13.0 -85.0 2.0 -86.0 4.0 -88.0 11.0 -88.0 
1395237026231 MICAZ.F.7 8.0 -74.0 12.0 -77.0 9.0 -78.0 6.0 -78.0 5.0 -79.0 2.0 -79.0 20.0 -82.0 10.0 -84.0 17.0 -85.0 13.0 -86.0 
1395237026481 SHIMMER.M.200 7.0 -63.0 6.0 -76.0 8.0 -78.0 13.0 -79.0 5.0 -84.0 
1395237026667 SHIMMER.M.200 7.0 -70.0 6.0 -76.0 12.0 -81.0 8.0 -81.0 11.0 -85.0 
1395237028051 SHIMMER.M.200 7.0 -63.0 11.0 -76.0 8.0 -77.0 9.0 -80.0 13.0 -80.0 
1395237028434 MICAZ.F.14 19.0 -69.0 16.0 -72.0 20.0 -72.0 13.0 -77.0 11.0 -80.0 15.0 -81.0 9.0 -82.0 5.0 -85.0 12.0 -85.0 
1395237029011 SHIMMER.M.200 7.0 -61.0 11.0 -76.0 8.0 -76.0 6.0 -78.0 9.0 -81.0 
1395237030044 SHIMMER.M.200 7.0 -64.0 8.0 -70.0 11.0 -74.0 13.0 -79.0 6.0 -82.0 
1395237030632 SHIMMER.M.200 7.0 -66.0 8.0 -69.0 11.0 -72.0 13.0 -79.0 12.0 -82.0 
1395237030902 MICAZ.F.17 20.0 -79.0 19.0 -80.0 18.0 -80.0 12.0 -83.0 11.0 -85.0 13.0 -88.0 
1395237031636 SHIMMER.M.200 7.0 -66.0 8.0 -73.0 6.0 -76.0 11.0 -77.0 9.0 -80.0 
1395237032656 SHIMMER.M.200 9.0 -74.0 7.0 -75.0 12.0 -76.0 8.0 -76.0 13.0 -76.0 
1395237033277 MICAZ.F.20 14.0 -72.0 18.0 -75.0 13.0 -77.0 17.0 -77.0 12.0 -80.0 11.0 -80.0 5.0 -82.0 15.0 -86.0 9.0 -86.0 7.0 -87.0 
1395237033681 MICAZ.F.8 12.0 -74.0 7.0 -76.0 9.0 -78.0 6.0 -83.0 13.0 -84.0 19.0 -84.0 18.0 -86.0 
1395237033910 MICAZ.F.16 14.0 -71.0 15.0 -78.0 12.0 -81.0 19.0 -84.0 18.0 -86.0 13.0 -87.0 20.0 -88.0 
1395237034147 SHIMMER.M.200 7.0 -62.0 11.0 -75.0 9.0 -78.0 13.0 -78.0 8.0 -80.0 
1395237034522 SHIMMER.M.200 7.0 -59.0 12.0 -75.0 13.0 -76.0 9.0 -77.0 6.0 -79.0 
1395237035510 MICAZ.F.10 9.0 -74.0 13.0 -76.0 8.0 -78.0 5.0 -79.0 6.0 -86.0 
1395237035677 SHIMMER.M.200 7.0 -65.0 13.0 -74.0 12.0 -77.0 8.0 -80.0 6.0 -80.0 
1395237036649 SHIMMER.M.200 7.0 -64.0 13.0 -74.0 12.0 -78.0 6.0 -79.0 9.0 -80.0 
1395237037361 MICAZ.F.9 5.0 -72.0 10.0 -76.0 8.0 -79.0 12.0 -80.0 14.0 -84.0 6.0 -85.0 20.0 -88.0 19.0 -88.0 3.0 -88.0 11.0 -88.0 
1395237037951 SHIMMER.M.200 7.0 -65.0 13.0 -74.0 12.0 -78.0 6.0 -79.0 9.0 -80.0 
1395237038529 MICAZ.F.4 3.0 -72.0 5.0 -88.0 6.0 -88.0 
1395237038921 MICAZ.F.12 8.0 -70.0 13.0 -76.0 6.0 -76.0 9.0 -77.0 11.0 -77.0 20.0 -78.0 7.0 -79.0 16.0 -80.0 14.0 -81.0 17.0 -81.0 
1395237039216 SHIMMER.M.200 7.0 -66.0 13.0 -74.0 12.0 -78.0 6.0 -79.0 9.0 -80.0 
1395237039540 SHIMMER.M.200 7.0 -66.0 13.0 -74.0 12.0 -78.0 9.0 -78.0 11.0 -80.0 
1395237040059 MICAZ.F.5 6.0 -79.0 10.0 -80.0 13.0 -82.0 20.0 -82.0 7.0 -83.0 14.0 -84.0 12.0 -85.0 4.0 -86.0 11.0 -87.0 8.0 -88.0 
1395237040267 MICAZ.F.2 6.0 -88.0 
1395237040479 MICAZ.F.11 7.0 -76.0 13.0 -79.0 12.0 -80.0 18.0 -81.0 20.0 -82.0 19.0 -86.0 5.0 -87.0 15.0 -88.0 
1395237040629 SHIMMER.M.200 7.0 -66.0 13.0 -74.0 12.0 -78.0 6.0 -78.0 9.0 -78.0 
1395237040813 MICAZ.F.13 15.0 -76.0 20.0 -77.0 14.0 -77.0 10.0 -77.0 12.0 -78.0 11.0 -80.0 9.0 -81.0 5.0 -82.0 19.0 -86.0 8.0 -87.0 
1395237041776 SHIMMER.M.200 7.0 -67.0 13.0 -74.0 12.0 -78.0 6.0 -79.0 9.0 -79.0 
1395237042357 MICAZ.F.18 17.0 -77.0 12.0 -80.0 11.0 -83.0 8.0 -84.0 15.0 -86.0 16.0 -86.0 14.0 -86.0 7.0 -88.0 13.0 -88.0 
1395237042856 SHIMMER.M.200 7.0 -68.0 13.0 -75.0 12.0 -76.0 6.0 -78.0 9.0 -79.0 
1395237043285 MICAZ.F.15 13.0 -78.0 14.0 -80.0 16.0 -82.0 
1395237043457 SHIMMER.M.200 7.0 -65.0 12.0 -76.0 13.0 -76.0 9.0 -79.0 6.0 -80.0 
1395237043670 MICAZ.F.3 5.0 -80.0 13.0 -88.0 
