1395246101016 MICAZ.F.4 3.0 -74.0 5.0 -80.0 9.0 -81.0 
1395246101229 SHIMMER.M.200 7.0 -61.0 8.0 -69.0 9.0 -81.0 5.0 -84.0 12.0 -84.0 
1395246101518 SHIMMER.M.200 7.0 -61.0 8.0 -68.0 9.0 -80.0 5.0 -84.0 13.0 -85.0 
1395246101723 MICAZ.F.12 9.0 -76.0 18.0 -78.0 13.0 -79.0 11.0 -79.0 6.0 -79.0 20.0 -80.0 15.0 -81.0 7.0 -81.0 16.0 -83.0 14.0 -83.0 
1395246102318 MICAZ.F.5 9.0 -68.0 4.0 -79.0 6.0 -80.0 10.0 -81.0 20.0 -82.0 13.0 -83.0 14.0 -85.0 19.0 -85.0 8.0 -86.0 12.0 -86.0 
1395246102466 MICAZ.F.2 7.0 -85.0 
1395246102662 SHIMMER.M.200 7.0 -60.0 8.0 -70.0 9.0 -78.0 6.0 -81.0 12.0 -83.0 
1395246103063 MICAZ.F.11 7.0 -76.0 12.0 -78.0 15.0 -83.0 13.0 -83.0 14.0 -83.0 20.0 -84.0 19.0 -84.0 9.0 -84.0 17.0 -86.0 
1395246103267 MICAZ.F.13 9.0 -76.0 10.0 -78.0 8.0 -79.0 20.0 -80.0 14.0 -81.0 12.0 -82.0 16.0 -83.0 5.0 -84.0 11.0 -84.0 
1395246103641 SHIMMER.M.200 7.0 -60.0 8.0 -73.0 13.0 -81.0 9.0 -82.0 12.0 -83.0 
1395246104712 MICAZ.F.18 20.0 -76.0 19.0 -82.0 12.0 -82.0 17.0 -84.0 11.0 -84.0 14.0 -85.0 15.0 -85.0 
1395246104968 SHIMMER.M.200 7.0 -55.0 8.0 -71.0 12.0 -78.0 6.0 -78.0 13.0 -77.0 
1395246105615 MICAZ.F.15 16.0 -76.0 12.0 -84.0 14.0 -84.0 13.0 -85.0 11.0 -86.0 18.0 -86.0 20.0 -88.0 
1395246105974 MICAZ.F.3 5.0 -79.0 
1395246106415 SHIMMER.M.200 7.0 -63.0 8.0 -73.0 13.0 -76.0 12.0 -77.0 6.0 -78.0 
1395246106625 SHIMMER.M.200 7.0 -69.0 13.0 -73.0 8.0 -74.0 12.0 -76.0 6.0 -76.0 
1395246106941 MICAZ.F.19 20.0 -67.0 14.0 -70.0 18.0 -84.0 17.0 -84.0 5.0 -86.0 8.0 -87.0 
1395246107225 MICAZ.F.6 7.0 -77.0 8.0 -80.0 12.0 -80.0 5.0 -81.0 9.0 -83.0 10.0 -85.0 11.0 -85.0 2.0 -86.0 13.0 -87.0 
1395246107627 SHIMMER.M.200 7.0 -68.0 13.0 -74.0 9.0 -76.0 12.0 -77.0 6.0 -77.0 
1395246108174 MICAZ.F.7 6.0 -72.0 2.0 -79.0 9.0 -79.0 8.0 -79.0 12.0 -81.0 5.0 -82.0 17.0 -82.0 18.0 -86.0 16.0 -88.0 
1395246108977 SHIMMER.M.200 7.0 -72.0 13.0 -74.0 12.0 -77.0 9.0 -77.0 8.0 -78.0 
1395246109922 SHIMMER.M.200 7.0 -74.0 13.0 -74.0 8.0 -78.0 12.0 -78.0 9.0 -78.0 
1395246110413 MICAZ.F.14 19.0 -68.0 11.0 -80.0 13.0 -80.0 15.0 -83.0 9.0 -85.0 5.0 -86.0 12.0 -87.0 
1395246110644 SHIMMER.M.200 7.0 -72.0 13.0 -74.0 9.0 -77.0 8.0 -78.0 12.0 -78.0 
1395246111540 SHIMMER.M.200 7.0 -72.0 13.0 -75.0 8.0 -78.0 12.0 -78.0 9.0 -78.0 
1395246112728 SHIMMER.M.200 8.0 -69.0 7.0 -72.0 9.0 -74.0 6.0 -74.0 13.0 -74.0 
1395246112960 MICAZ.F.17 12.0 -82.0 19.0 -83.0 18.0 -84.0 20.0 -84.0 11.0 -85.0 
1395246113865 SHIMMER.M.200 8.0 -69.0 7.0 -70.0 6.0 -72.0 9.0 -76.0 13.0 -78.0 
1395246114122 SHIMMER.M.200 7.0 -71.0 6.0 -72.0 8.0 -74.0 9.0 -77.0 13.0 -77.0 
1395246115326 SHIMMER.M.200 7.0 -68.0 6.0 -70.0 8.0 -71.0 13.0 -77.0 9.0 -78.0 
1395246115658 MICAZ.F.8 9.0 -78.0 13.0 -79.0 10.0 -80.0 12.0 -80.0 6.0 -81.0 7.0 -83.0 19.0 -86.0 5.0 -87.0 11.0 -88.0 
1395246115795 MICAZ.F.20 14.0 -71.0 18.0 -77.0 13.0 -78.0 12.0 -82.0 5.0 -82.0 17.0 -83.0 11.0 -83.0 9.0 -85.0 15.0 -88.0 8.0 -88.0 
1395246116009 MICAZ.F.16 15.0 -73.0 14.0 -74.0 12.0 -82.0 13.0 -82.0 20.0 -88.0 7.0 -88.0 
1395246116797 SHIMMER.M.200 8.0 -70.0 6.0 -70.0 7.0 -72.0 9.0 -77.0 13.0 -78.0 
1395246117181 SHIMMER.M.200 7.0 -68.0 6.0 -69.0 8.0 -70.0 9.0 -76.0 11.0 -80.0 
1395246118017 MICAZ.F.10 9.0 -73.0 8.0 -78.0 13.0 -78.0 5.0 -81.0 6.0 -83.0 
1395246118397 SHIMMER.M.200 8.0 -68.0 6.0 -69.0 7.0 -70.0 9.0 -78.0 2.0 -84.0 
1395246119231 SHIMMER.M.200 8.0 -68.0 7.0 -70.0 6.0 -70.0 9.0 -78.0 10.0 -82.0 
1395246119527 MICAZ.F.9 5.0 -70.0 10.0 -76.0 12.0 -79.0 8.0 -79.0 4.0 -81.0 6.0 -84.0 20.0 -86.0 19.0 -87.0 
1395246120500 SHIMMER.M.200 8.0 -69.0 7.0 -70.0 6.0 -70.0 9.0 -78.0 12.0 -80.0 
1395246120637 MICAZ.F.4 3.0 -73.0 5.0 -80.0 9.0 -82.0 
1395246121060 MICAZ.F.12 9.0 -75.0 6.0 -77.0 11.0 -78.0 7.0 -79.0 18.0 -80.0 20.0 -80.0 16.0 -81.0 15.0 -81.0 13.0 -82.0 5.0 -84.0 
1395246121664 SHIMMER.M.200 8.0 -68.0 7.0 -80.0 11.0 -80.0 10.0 -82.0 6.0 -82.0 
1395246121910 MICAZ.F.5 9.0 -68.0 4.0 -80.0 6.0 -81.0 20.0 -82.0 10.0 -82.0 13.0 -83.0 7.0 -84.0 14.0 -85.0 8.0 -86.0 19.0 -86.0 
1395246122109 MICAZ.F.2 7.0 -86.0 
1395246122336 SHIMMER.M.200 9.0 -72.0 8.0 -76.0 7.0 -78.0 11.0 -79.0 5.0 -80.0 
1395246122558 MICAZ.F.11 7.0 -75.0 12.0 -80.0 13.0 -82.0 19.0 -83.0 9.0 -83.0 14.0 -84.0 20.0 -85.0 6.0 -86.0 15.0 -87.0 
1395246122687 MICAZ.F.13 9.0 -77.0 10.0 -79.0 20.0 -80.0 14.0 -80.0 8.0 -80.0 16.0 -81.0 11.0 -83.0 12.0 -83.0 5.0 -85.0 18.0 -88.0 
1395246123208 SHIMMER.M.200 8.0 -72.0 9.0 -75.0 7.0 -78.0 11.0 -79.0 12.0 -80.0 
1395246124245 SHIMMER.M.200 8.0 -74.0 7.0 -78.0 11.0 -79.0 13.0 -81.0 9.0 -82.0 
1395246124803 MICAZ.F.18 20.0 -77.0 19.0 -81.0 12.0 -82.0 17.0 -82.0 15.0 -84.0 14.0 -85.0 11.0 -86.0 13.0 -88.0 
1395246125226 MICAZ.F.15 16.0 -74.0 14.0 -83.0 18.0 -85.0 20.0 -86.0 12.0 -86.0 
1395246125551 MICAZ.F.3 5.0 -79.0 9.0 -88.0 
1395246125795 SHIMMER.M.200 7.0 -75.0 8.0 -76.0 9.0 -76.0 6.0 -80.0 12.0 -84.0 
1395246125981 SHIMMER.M.200 7.0 -72.0 9.0 -78.0 6.0 -81.0 8.0 -82.0 11.0 -85.0 
1395246126685 MICAZ.F.19 20.0 -68.0 14.0 -69.0 18.0 -82.0 17.0 -83.0 11.0 -85.0 9.0 -86.0 8.0 -86.0 
1395246126885 MICAZ.F.6 12.0 -80.0 8.0 -82.0 5.0 -82.0 7.0 -83.0 9.0 -86.0 2.0 -86.0 10.0 -86.0 13.0 -86.0 11.0 -86.0 
1395246127116 SHIMMER.M.200 7.0 -72.0 8.0 -77.0 9.0 -78.0 6.0 -84.0 11.0 -86.0 
1395246127820 MICAZ.F.7 6.0 -74.0 8.0 -74.0 2.0 -77.0 9.0 -79.0 12.0 -79.0 5.0 -81.0 13.0 -81.0 17.0 -84.0 16.0 -88.0 
1395246128157 SHIMMER.M.200 7.0 -73.0 8.0 -77.0 9.0 -78.0 6.0 -82.0 11.0 -84.0 
1395246129374 SHIMMER.M.200 7.0 -74.0 9.0 -79.0 8.0 -80.0 6.0 -82.0 11.0 -83.0 
1395246129852 MICAZ.F.14 19.0 -68.0 15.0 -80.0 13.0 -80.0 11.0 -82.0 12.0 -83.0 9.0 -85.0 5.0 -86.0 
1395246130747 SHIMMER.M.200 7.0 -74.0 9.0 -78.0 13.0 -80.0 6.0 -81.0 11.0 -83.0 
1395246130995 SHIMMER.M.200 7.0 -76.0 8.0 -76.0 9.0 -80.0 6.0 -81.0 13.0 -81.0 
1395246132033 SHIMMER.M.200 8.0 -76.0 7.0 -77.0 9.0 -80.0 13.0 -82.0 6.0 -83.0 
1395246132470 MICAZ.F.17 19.0 -82.0 20.0 -85.0 12.0 -85.0 11.0 -87.0 18.0 -88.0 
1395246133216 SHIMMER.M.200 7.0 -78.0 9.0 -80.0 8.0 -82.0 6.0 -82.0 12.0 -83.0 
1395246134610 SHIMMER.M.200 7.0 -77.0 8.0 -80.0 9.0 -80.0 12.0 -83.0 13.0 -82.0 
1395246134839 SHIMMER.M.200 7.0 -80.0 8.0 -80.0 9.0 -80.0 13.0 -81.0 6.0 -82.0 
1395246135089 MICAZ.F.20 14.0 -72.0 18.0 -77.0 13.0 -78.0 5.0 -81.0 12.0 -83.0 17.0 -83.0 16.0 -85.0 9.0 -85.0 8.0 -85.0 11.0 -85.0 
1395246135312 MICAZ.F.8 7.0 -78.0 9.0 -79.0 12.0 -80.0 6.0 -80.0 13.0 -81.0 10.0 -81.0 5.0 -86.0 20.0 -86.0 19.0 -87.0 
1395246135590 MICAZ.F.16 15.0 -72.0 14.0 -72.0 12.0 -81.0 20.0 -83.0 13.0 -84.0 7.0 -88.0 
1395246135869 SHIMMER.M.200 7.0 -79.0 9.0 -79.0 8.0 -80.0 13.0 -80.0 6.0 -82.0 
1395246137278 MICAZ.F.10 9.0 -73.0 13.0 -77.0 8.0 -80.0 5.0 -81.0 6.0 -83.0 
1395246137397 SHIMMER.M.200 7.0 -78.0 8.0 -78.0 9.0 -79.0 13.0 -80.0 6.0 -83.0 
1395246138345 SHIMMER.M.200 8.0 -78.0 7.0 -80.0 9.0 -80.0 13.0 -81.0 6.0 -82.0 
1395246138721 SHIMMER.M.200 8.0 -74.0 7.0 -78.0 9.0 -79.0 13.0 -81.0 6.0 -82.0 
1395246139045 MICAZ.F.9 5.0 -71.0 10.0 -76.0 12.0 -79.0 8.0 -80.0 4.0 -81.0 20.0 -86.0 19.0 -87.0 7.0 -88.0 
1395246139831 SHIMMER.M.200 8.0 -70.0 9.0 -80.0 13.0 -80.0 7.0 -82.0 6.0 -82.0 
1395246140272 MICAZ.F.4 3.0 -73.0 5.0 -80.0 9.0 -81.0 
1395246140599 MICAZ.F.12 9.0 -76.0 6.0 -77.0 11.0 -78.0 18.0 -79.0 7.0 -80.0 15.0 -81.0 14.0 -81.0 20.0 -81.0 13.0 -82.0 16.0 -82.0 
1395246141119 SHIMMER.M.200 8.0 -72.0 9.0 -77.0 7.0 -78.0 13.0 -78.0 12.0 -81.0 
1395246141427 MICAZ.F.5 9.0 -69.0 4.0 -78.0 6.0 -81.0 20.0 -82.0 13.0 -82.0 10.0 -82.0 8.0 -84.0 14.0 -85.0 7.0 -85.0 19.0 -86.0 
1395246141710 MICAZ.F.2 7.0 -88.0 
1395246142162 SHIMMER.M.200 8.0 -72.0 9.0 -76.0 13.0 -76.0 7.0 -79.0 12.0 -82.0 
1395246142321 MICAZ.F.11 12.0 -76.0 7.0 -78.0 13.0 -80.0 8.0 -82.0 20.0 -82.0 17.0 -82.0 14.0 -83.0 19.0 -85.0 15.0 -85.0 
1395246142529 MICAZ.F.13 9.0 -76.0 10.0 -78.0 20.0 -79.0 14.0 -80.0 8.0 -80.0 11.0 -80.0 7.0 -82.0 5.0 -83.0 12.0 -84.0 16.0 -86.0 
1395246142785 SHIMMER.M.200 8.0 -68.0 9.0 -77.0 13.0 -77.0 6.0 -78.0 7.0 -80.0 
1395246143796 SHIMMER.M.200 8.0 -66.0 7.0 -77.0 6.0 -78.0 12.0 -81.0 10.0 -81.0 
1395246143922 MICAZ.F.18 20.0 -77.0 19.0 -82.0 17.0 -82.0 15.0 -83.0 12.0 -84.0 14.0 -85.0 11.0 -85.0 
1395246144810 MICAZ.F.15 16.0 -77.0 13.0 -83.0 20.0 -86.0 12.0 -86.0 14.0 -86.0 18.0 -86.0 
1395246145071 SHIMMER.M.200 8.0 -65.0 9.0 -73.0 7.0 -74.0 13.0 -76.0 12.0 -77.0 
1395246145244 MICAZ.F.3 5.0 -79.0 
1395246146010 SHIMMER.M.200 8.0 -73.0 13.0 -76.0 10.0 -77.0 7.0 -78.0 12.0 -78.0 
1395246146123 MICAZ.F.19 20.0 -67.0 14.0 -69.0 17.0 -83.0 18.0 -85.0 5.0 -88.0 9.0 -88.0 8.0 -88.0 11.0 -88.0 
1395246146335 MICAZ.F.6 7.0 -77.0 8.0 -80.0 12.0 -81.0 5.0 -82.0 9.0 -85.0 10.0 -85.0 13.0 -85.0 
1395246146633 SHIMMER.M.200 5.0 -75.0 9.0 -75.0 8.0 -76.0 7.0 -82.0 13.0 -84.0 
1395246147266 MICAZ.F.7 6.0 -74.0 8.0 -75.0 12.0 -78.0 2.0 -79.0 5.0 -81.0 13.0 -83.0 17.0 -83.0 9.0 -87.0 16.0 -88.0 
1395246147595 SHIMMER.M.200 9.0 -62.0 5.0 -73.0 8.0 -76.0 10.0 -76.0 13.0 -79.0 
1395246148748 SHIMMER.M.200 9.0 -68.0 13.0 -75.0 8.0 -76.0 5.0 -77.0 7.0 -79.0 
1395246149517 MICAZ.F.14 19.0 -68.0 13.0 -79.0 15.0 -82.0 11.0 -83.0 12.0 -83.0 9.0 -85.0 5.0 -87.0 
1395246150145 SHIMMER.M.200 9.0 -66.0 5.0 -76.0 13.0 -76.0 6.0 -79.0 10.0 -82.0 
1395246150378 SHIMMER.M.200 7.0 -69.0 9.0 -71.0 12.0 -75.0 6.0 -80.0 11.0 -81.0 
1395246151636 SHIMMER.M.200 7.0 -69.0 12.0 -76.0 8.0 -78.0 9.0 -79.0 5.0 -80.0 
1395246152130 MICAZ.F.17 18.0 -83.0 19.0 -83.0 20.0 -84.0 12.0 -84.0 11.0 -87.0 7.0 -88.0 
1395246152667 SHIMMER.M.200 5.0 -68.0 9.0 -68.0 3.0 -76.0 13.0 -76.0 7.0 -77.0 
1395246153885 SHIMMER.M.200 5.0 -65.0 9.0 -65.0 7.0 -76.0 10.0 -76.0 3.0 -78.0 
1395246154185 SHIMMER.M.200 9.0 -70.0 5.0 -74.0 3.0 -74.0 10.0 -77.0 13.0 -78.0 
1395246154569 MICAZ.F.20 14.0 -72.0 18.0 -75.0 13.0 -78.0 12.0 -81.0 15.0 -82.0 5.0 -82.0 17.0 -83.0 11.0 -83.0 9.0 -84.0 16.0 -85.0 
1395246154902 MICAZ.F.8 12.0 -78.0 9.0 -79.0 13.0 -80.0 7.0 -81.0 10.0 -82.0 6.0 -83.0 11.0 -83.0 19.0 -86.0 18.0 -88.0 5.0 -88.0 
1395246155079 MICAZ.F.16 14.0 -72.0 15.0 -74.0 12.0 -82.0 20.0 -83.0 13.0 -83.0 19.0 -86.0 7.0 -88.0 5.0 -88.0 
1395246155386 SHIMMER.M.200 5.0 -60.0 9.0 -71.0 8.0 -78.0 3.0 -79.0 6.0 -82.0 
1395246156705 SHIMMER.M.200 5.0 -60.0 4.0 -70.0 9.0 -73.0 3.0 -74.0 8.0 -78.0 
1395246156913 MICAZ.F.10 9.0 -72.0 13.0 -78.0 8.0 -79.0 5.0 -81.0 6.0 -84.0 
1395246157912 SHIMMER.M.200 5.0 -72.0 3.0 -72.0 8.0 -78.0 4.0 -80.0 9.0 -80.0 
1395246158255 SHIMMER.M.200 4.0 -71.0 8.0 -78.0 9.0 -79.0 3.0 -80.0 5.0 -82.0 
1395246158575 MICAZ.F.9 5.0 -70.0 10.0 -76.0 12.0 -79.0 8.0 -81.0 20.0 -87.0 
1395246159582 SHIMMER.M.200 4.0 -64.0 3.0 -73.0 8.0 -78.0 5.0 -80.0 9.0 -81.0 
1395246159789 MICAZ.F.4 3.0 -72.0 5.0 -79.0 9.0 -80.0 
1395246160131 MICAZ.F.12 9.0 -75.0 6.0 -75.0 11.0 -76.0 18.0 -79.0 13.0 -80.0 14.0 -80.0 20.0 -80.0 16.0 -81.0 7.0 -81.0 5.0 -83.0 
1395246160435 SHIMMER.M.200 4.0 -64.0 3.0 -73.0 8.0 -78.0 5.0 -80.0 9.0 -83.0 
1395246161141 MICAZ.F.5 9.0 -68.0 4.0 -78.0 6.0 -80.0 13.0 -81.0 10.0 -81.0 20.0 -82.0 14.0 -84.0 7.0 -84.0 19.0 -85.0 11.0 -85.0 
1395246161259 MICAZ.F.2 7.0 -84.0 6.0 -88.0 
1395246161642 MICAZ.F.11 7.0 -78.0 13.0 -80.0 20.0 -81.0 12.0 -81.0 8.0 -82.0 14.0 -82.0 19.0 -84.0 
1395246161862 MICAZ.F.13 20.0 -78.0 8.0 -78.0 10.0 -78.0 9.0 -78.0 14.0 -80.0 5.0 -82.0 11.0 -82.0 12.0 -83.0 16.0 -84.0 18.0 -88.0 
1395246162049 SHIMMER.M.200 5.0 -72.0 4.0 -72.0 3.0 -76.0 9.0 -78.0 13.0 -86.0 
1395246162279 SHIMMER.M.200 5.0 -72.0 4.0 -74.0 3.0 -81.0 9.0 -85.0 10.0 -88.0 
1395246163415 SHIMMER.M.200 3.0 -68.0 4.0 -70.0 5.0 -75.0 10.0 -88.0 13.0 -88.0 
1395246164133 MICAZ.F.18 20.0 -76.0 12.0 -82.0 17.0 -82.0 14.0 -84.0 15.0 -84.0 19.0 -86.0 8.0 -87.0 13.0 -87.0 
1395246164329 MICAZ.F.15 16.0 -74.0 14.0 -84.0 18.0 -85.0 20.0 -86.0 12.0 -86.0 13.0 -88.0 
1395246164532 SHIMMER.M.200 3.0 -64.0 4.0 -71.0 5.0 -82.0 9.0 -84.0 10.0 -88.0 
1395246164735 MICAZ.F.3 5.0 -78.0 9.0 -88.0 
1395246165427 SHIMMER.M.200 3.0 -50.0 4.0 -74.0 5.0 -81.0 9.0 -85.0 
1395246165703 MICAZ.F.19 20.0 -66.0 14.0 -70.0 17.0 -84.0 11.0 -84.0 5.0 -86.0 9.0 -87.0 8.0 -88.0 
1395246165894 MICAZ.F.6 8.0 -78.0 7.0 -78.0 12.0 -79.0 5.0 -82.0 9.0 -84.0 2.0 -84.0 10.0 -85.0 13.0 -86.0 11.0 -87.0 
1395246166733 SHIMMER.M.200 3.0 -52.0 4.0 -79.0 5.0 -84.0 9.0 -85.0 
1395246166971 MICAZ.F.7 6.0 -74.0 8.0 -78.0 2.0 -79.0 12.0 -80.0 5.0 -81.0 17.0 -84.0 16.0 -88.0 
1395246167146 SHIMMER.M.200 3.0 -54.0 4.0 -80.0 9.0 -84.0 5.0 -85.0 
1395246168154 SHIMMER.M.200 3.0 -54.0 4.0 -79.0 5.0 -85.0 9.0 -85.0 
1395246169010 MICAZ.F.14 19.0 -68.0 13.0 -80.0 11.0 -83.0 15.0 -83.0 12.0 -84.0 9.0 -85.0 5.0 -87.0 
1395246169554 SHIMMER.M.200 3.0 -54.0 4.0 -78.0 5.0 -83.0 9.0 -84.0 
1395246169821 SHIMMER.M.200 3.0 -54.0 4.0 -78.0 9.0 -84.0 5.0 -86.0 
1395246171100 SHIMMER.M.200 3.0 -53.0 4.0 -78.0 5.0 -82.0 9.0 -85.0 
1395246171445 MICAZ.F.17 18.0 -81.0 19.0 -84.0 12.0 -84.0 20.0 -86.0 
1395246172159 SHIMMER.M.200 3.0 -54.0 5.0 -81.0 4.0 -81.0 
1395246173400 SHIMMER.M.200 3.0 -53.0 5.0 -80.0 4.0 -80.0 9.0 -87.0 
1395246174114 MICAZ.F.20 14.0 -73.0 18.0 -76.0 13.0 -78.0 12.0 -81.0 5.0 -81.0 16.0 -82.0 15.0 -83.0 17.0 -85.0 11.0 -85.0 9.0 -86.0 
1395246174350 MICAZ.F.8 6.0 -78.0 9.0 -80.0 13.0 -80.0 10.0 -80.0 12.0 -80.0 7.0 -82.0 5.0 -86.0 19.0 -87.0 11.0 -88.0 
1395246174513 SHIMMER.M.200 3.0 -54.0 5.0 -80.0 4.0 -80.0 9.0 -88.0 
1395246174689 MICAZ.F.16 15.0 -70.0 14.0 -73.0 12.0 -81.0 20.0 -83.0 19.0 -86.0 13.0 -86.0 7.0 -88.0 
1395246174998 SHIMMER.M.200 3.0 -55.0 5.0 -80.0 4.0 -80.0 9.0 -87.0 
1395246176025 SHIMMER.M.200 3.0 -54.0 5.0 -80.0 4.0 -80.0 9.0 -87.0 
1395246176244 MICAZ.F.10 9.0 -73.0 13.0 -78.0 8.0 -79.0 5.0 -81.0 6.0 -83.0 4.0 -87.0 
1395246177114 SHIMMER.M.200 3.0 -54.0 4.0 -80.0 5.0 -81.0 9.0 -87.0 
1395246178144 MICAZ.F.9 5.0 -70.0 10.0 -76.0 12.0 -79.0 8.0 -80.0 4.0 -83.0 6.0 -84.0 20.0 -88.0 19.0 -88.0 
1395246178349 SHIMMER.M.200 3.0 -54.0 4.0 -82.0 5.0 -83.0 9.0 -87.0 
1395246179167 SHIMMER.M.200 3.0 -54.0 5.0 -80.0 4.0 -80.0 9.0 -87.0 
1395246179295 MICAZ.F.4 3.0 -73.0 5.0 -80.0 9.0 -82.0 
1395246179615 MICAZ.F.12 9.0 -76.0 6.0 -77.0 18.0 -79.0 11.0 -79.0 20.0 -79.0 16.0 -80.0 7.0 -80.0 13.0 -81.0 14.0 -81.0 15.0 -82.0 
1395246179795 SHIMMER.M.200 3.0 -54.0 4.0 -79.0 5.0 -83.0 9.0 -85.0 
1395246180370 MICAZ.F.5 9.0 -68.0 4.0 -78.0 6.0 -80.0 20.0 -81.0 10.0 -81.0 13.0 -82.0 8.0 -84.0 19.0 -84.0 7.0 -84.0 11.0 -86.0 
1395246180610 MICAZ.F.2 7.0 -83.0 
1395246180867 SHIMMER.M.200 3.0 -54.0 4.0 -77.0 5.0 -82.0 9.0 -84.0 
1395246181134 MICAZ.F.11 7.0 -78.0 19.0 -80.0 12.0 -80.0 20.0 -82.0 14.0 -82.0 13.0 -83.0 6.0 -85.0 17.0 -87.0 9.0 -87.0 
1395246181336 MICAZ.F.13 9.0 -77.0 10.0 -78.0 20.0 -79.0 8.0 -79.0 14.0 -81.0 5.0 -83.0 11.0 -84.0 12.0 -85.0 16.0 -86.0 18.0 -88.0 
1395246182385 SHIMMER.M.200 3.0 -54.0 4.0 -79.0 5.0 -83.0 9.0 -85.0 
1395246182629 SHIMMER.M.200 3.0 -54.0 4.0 -78.0 5.0 -84.0 9.0 -85.0 
1395246182902 MICAZ.F.18 20.0 -77.0 12.0 -82.0 15.0 -83.0 17.0 -83.0 14.0 -85.0 13.0 -85.0 11.0 -86.0 19.0 -87.0 8.0 -88.0 
1395246183778 SHIMMER.M.200 3.0 -54.0 4.0 -78.0 5.0 -83.0 9.0 -86.0 
1395246184022 MICAZ.F.15 16.0 -74.0 14.0 -81.0 12.0 -84.0 18.0 -84.0 13.0 -85.0 20.0 -86.0 
1395246184233 MICAZ.F.3 5.0 -78.0 9.0 -88.0 
1395246184754 SHIMMER.M.200 3.0 -54.0 4.0 -80.0 5.0 -83.0 9.0 -84.0 
1395246185109 MICAZ.F.19 20.0 -66.0 14.0 -69.0 11.0 -83.0 17.0 -84.0 5.0 -86.0 9.0 -88.0 18.0 -88.0 8.0 -88.0 
1395246185342 MICAZ.F.6 8.0 -78.0 7.0 -78.0 12.0 -80.0 5.0 -82.0 9.0 -84.0 10.0 -86.0 13.0 -86.0 11.0 -86.0 
1395246186077 SHIMMER.M.200 3.0 -54.0 4.0 -80.0 5.0 -83.0 9.0 -85.0 
1395246186438 MICAZ.F.7 6.0 -74.0 2.0 -76.0 8.0 -76.0 12.0 -80.0 5.0 -82.0 17.0 -84.0 20.0 -86.0 16.0 -88.0 18.0 -88.0 
1395246187088 SHIMMER.M.200 3.0 -54.0 4.0 -79.0 5.0 -83.0 9.0 -85.0 
1395246187807 SHIMMER.M.200 3.0 -53.0 4.0 -78.0 5.0 -85.0 9.0 -86.0 
1395246188592 MICAZ.F.14 19.0 -68.0 13.0 -80.0 11.0 -81.0 15.0 -82.0 12.0 -84.0 9.0 -85.0 5.0 -88.0 
1395246188827 SHIMMER.M.200 3.0 -54.0 4.0 -79.0 5.0 -85.0 9.0 -85.0 
1395246190114 SHIMMER.M.200 3.0 -53.0 4.0 -79.0 5.0 -84.0 9.0 -85.0 
1395246190610 SHIMMER.M.200 3.0 -54.0 4.0 -80.0 5.0 -84.0 9.0 -85.0 
1395246191036 MICAZ.F.17 18.0 -82.0 19.0 -83.0 12.0 -84.0 11.0 -86.0 20.0 -86.0 7.0 -87.0 
1395246191762 SHIMMER.M.200 3.0 -54.0 4.0 -78.0 9.0 -84.0 5.0 -85.0 
1395246192658 SHIMMER.M.200 3.0 -54.0 4.0 -77.0 5.0 -84.0 9.0 -84.0 
1395246193748 MICAZ.F.20 14.0 -72.0 18.0 -77.0 13.0 -79.0 5.0 -80.0 12.0 -81.0 16.0 -82.0 11.0 -83.0 17.0 -85.0 9.0 -86.0 15.0 -87.0 
1395246193969 MICAZ.F.8 13.0 -78.0 6.0 -78.0 9.0 -80.0 10.0 -80.0 12.0 -80.0 7.0 -82.0 5.0 -87.0 19.0 -88.0 
1395246194171 SHIMMER.M.200 3.0 -54.0 4.0 -78.0 5.0 -80.0 9.0 -84.0 
1395246194374 MICAZ.F.16 15.0 -70.0 14.0 -72.0 12.0 -80.0 13.0 -83.0 20.0 -84.0 
1395246195209 SHIMMER.M.200 3.0 -54.0 4.0 -78.0 5.0 -80.0 9.0 -86.0 
1395246195468 SHIMMER.M.200 3.0 -54.0 5.0 -76.0 4.0 -84.0 9.0 -88.0 
1395246196013 MICAZ.F.10 9.0 -73.0 13.0 -77.0 8.0 -79.0 5.0 -81.0 6.0 -82.0 4.0 -88.0 
1395246196556 SHIMMER.M.200 3.0 -54.0 5.0 -78.0 4.0 -80.0 9.0 -85.0 
1395246197779 MICAZ.F.9 5.0 -70.0 10.0 -76.0 12.0 -80.0 8.0 -80.0 4.0 -84.0 3.0 -85.0 6.0 -85.0 20.0 -87.0 19.0 -88.0 
1395246198027 SHIMMER.M.200 3.0 -54.0 5.0 -78.0 4.0 -82.0 9.0 -86.0 
1395246198719 MICAZ.F.4 3.0 -72.0 5.0 -78.0 9.0 -84.0 
1395246198981 SHIMMER.M.200 3.0 -53.0 5.0 -82.0 4.0 -82.0 9.0 -82.0 
1395246199276 MICAZ.F.12 9.0 -76.0 6.0 -76.0 18.0 -79.0 20.0 -79.0 16.0 -81.0 15.0 -81.0 11.0 -81.0 7.0 -82.0 5.0 -83.0 14.0 -83.0 
1395246199457 SHIMMER.M.200 3.0 -54.0 4.0 -81.0 5.0 -82.0 9.0 -85.0 
1395246200054 MICAZ.F.5 9.0 -68.0 4.0 -78.0 10.0 -80.0 20.0 -82.0 6.0 -82.0 13.0 -83.0 19.0 -84.0 7.0 -84.0 8.0 -85.0 14.0 -85.0 
1395246200228 MICAZ.F.2 7.0 -88.0 
1395246200439 SHIMMER.M.200 3.0 -54.0 4.0 -81.0 5.0 -82.0 9.0 -83.0 
1395246200678 MICAZ.F.11 7.0 -77.0 20.0 -82.0 19.0 -82.0 14.0 -82.0 13.0 -83.0 12.0 -83.0 17.0 -86.0 9.0 -87.0 6.0 -87.0 15.0 -88.0 
1395246200891 MICAZ.F.13 8.0 -78.0 10.0 -78.0 9.0 -78.0 20.0 -79.0 14.0 -81.0 11.0 -82.0 16.0 -86.0 18.0 -88.0 12.0 -88.0 
1395246201600 SHIMMER.M.200 3.0 -54.0 5.0 -81.0 4.0 -81.0 9.0 -83.0 10.0 -88.0 
1395246202441 MICAZ.F.18 20.0 -77.0 12.0 -81.0 15.0 -82.0 11.0 -84.0 14.0 -85.0 19.0 -86.0 17.0 -86.0 13.0 -87.0 
1395246202915 SHIMMER.M.200 3.0 -54.0 5.0 -81.0 4.0 -81.0 10.0 -88.0 
1395246203265 SHIMMER.M.200 3.0 -54.0 4.0 -80.0 5.0 -82.0 9.0 -87.0 10.0 -88.0 
1395246203415 MICAZ.F.15 16.0 -74.0 14.0 -82.0 13.0 -84.0 12.0 -85.0 18.0 -85.0 
1395246203988 MICAZ.F.3 5.0 -78.0 9.0 -88.0 
1395246204249 SHIMMER.M.200 3.0 -54.0 4.0 -80.0 5.0 -82.0 9.0 -87.0 
1395246204776 MICAZ.F.19 20.0 -67.0 14.0 -69.0 17.0 -83.0 11.0 -84.0 9.0 -85.0 18.0 -86.0 8.0 -88.0 
1395246204925 MICAZ.F.6 12.0 -78.0 8.0 -79.0 7.0 -79.0 5.0 -82.0 9.0 -84.0 10.0 -85.0 13.0 -85.0 2.0 -86.0 11.0 -87.0 
1395246205571 SHIMMER.M.200 3.0 -54.0 4.0 -77.0 5.0 -83.0 9.0 -85.0 10.0 -87.0 
1395246205860 MICAZ.F.7 2.0 -76.0 6.0 -77.0 8.0 -79.0 12.0 -80.0 5.0 -82.0 17.0 -83.0 20.0 -85.0 16.0 -88.0 
1395246206692 SHIMMER.M.200 3.0 -54.0 4.0 -79.0 9.0 -83.0 5.0 -84.0 10.0 -88.0 
1395246206925 SHIMMER.M.200 3.0 -54.0 4.0 -76.0 5.0 -83.0 9.0 -85.0 
1395246208060 MICAZ.F.14 19.0 -68.0 15.0 -80.0 13.0 -80.0 11.0 -83.0 9.0 -84.0 12.0 -85.0 5.0 -86.0 
1395246208260 SHIMMER.M.200 3.0 -54.0 4.0 -79.0 5.0 -82.0 9.0 -86.0 
1395246209224 SHIMMER.M.200 3.0 -54.0 4.0 -79.0 5.0 -83.0 9.0 -84.0 
1395246210471 SHIMMER.M.200 3.0 -53.0 4.0 -81.0 5.0 -84.0 9.0 -84.0 
1395246210629 MICAZ.F.17 19.0 -82.0 20.0 -83.0 12.0 -84.0 11.0 -88.0 7.0 -88.0 
1395246211068 SHIMMER.M.200 3.0 -55.0 4.0 -81.0 9.0 -84.0 5.0 -85.0 
1395246212071 SHIMMER.M.200 3.0 -55.0 4.0 -81.0 9.0 -84.0 5.0 -85.0 
1395246213188 MICAZ.F.20 14.0 -72.0 18.0 -77.0 13.0 -80.0 5.0 -81.0 16.0 -82.0 12.0 -82.0 17.0 -82.0 11.0 -83.0 9.0 -84.0 15.0 -85.0 
1395246213417 MICAZ.F.8 13.0 -78.0 6.0 -78.0 9.0 -79.0 12.0 -80.0 10.0 -81.0 7.0 -82.0 5.0 -85.0 19.0 -88.0 
1395246213550 SHIMMER.M.200 3.0 -55.0 4.0 -81.0 9.0 -84.0 5.0 -85.0 
1395246213775 MICAZ.F.16 15.0 -71.0 14.0 -75.0 20.0 -83.0 12.0 -83.0 7.0 -88.0 8.0 -88.0 
1395246214697 SHIMMER.M.200 3.0 -55.0 4.0 -81.0 9.0 -84.0 5.0 -85.0 
1395246214919 SHIMMER.M.200 3.0 -54.0 4.0 -82.0 9.0 -83.0 5.0 -85.0 
1395246215276 MICAZ.F.10 13.0 -74.0 9.0 -74.0 8.0 -78.0 5.0 -80.0 6.0 -86.0 
1395246216110 SHIMMER.M.200 3.0 -54.0 4.0 -82.0 9.0 -82.0 5.0 -84.0 
1395246217140 MICAZ.F.9 5.0 -71.0 10.0 -76.0 12.0 -81.0 8.0 -81.0 6.0 -83.0 4.0 -83.0 3.0 -87.0 20.0 -87.0 19.0 -87.0 
1395246217328 SHIMMER.M.200 3.0 -54.0 4.0 -83.0 5.0 -84.0 9.0 -84.0 
1395246218176 MICAZ.F.4 3.0 -74.0 5.0 -81.0 9.0 -82.0 
1395246218451 SHIMMER.M.200 3.0 -54.0 4.0 -82.0 5.0 -83.0 9.0 -84.0 
1395246218694 MICAZ.F.12 6.0 -75.0 9.0 -77.0 18.0 -79.0 20.0 -79.0 16.0 -81.0 15.0 -81.0 14.0 -81.0 7.0 -81.0 13.0 -84.0 5.0 -84.0 
1395246218952 SHIMMER.M.200 3.0 -54.0 4.0 -82.0 9.0 -83.0 5.0 -84.0 
1395246219524 MICAZ.F.5 9.0 -69.0 6.0 -78.0 20.0 -80.0 10.0 -80.0 7.0 -80.0 4.0 -81.0 13.0 -82.0 19.0 -85.0 12.0 -85.0 8.0 -88.0 
1395246219777 MICAZ.F.2 7.0 -85.0 
1395246220026 SHIMMER.M.200 3.0 -53.0 5.0 -83.0 9.0 -83.0 4.0 -85.0 
1395246220189 MICAZ.F.11 7.0 -78.0 13.0 -79.0 19.0 -80.0 14.0 -81.0 6.0 -84.0 20.0 -86.0 15.0 -86.0 17.0 -87.0 9.0 -87.0 12.0 -88.0 
1395246220440 MICAZ.F.13 10.0 -76.0 9.0 -76.0 8.0 -78.0 20.0 -79.0 11.0 -80.0 14.0 -81.0 5.0 -82.0 16.0 -86.0 12.0 -87.0 18.0 -88.0 
1395246220900 SHIMMER.M.200 3.0 -53.0 5.0 -84.0 4.0 -84.0 9.0 -84.0 
1395246221790 MICAZ.F.18 20.0 -77.0 19.0 -81.0 12.0 -81.0 15.0 -84.0 8.0 -87.0 14.0 -88.0 
1395246222246 SHIMMER.M.200 3.0 -54.0 4.0 -83.0 5.0 -84.0 9.0 -85.0 
1395246222746 SHIMMER.M.200 3.0 -53.0 4.0 -81.0 5.0 -84.0 9.0 -84.0 
1395246222898 MICAZ.F.15 16.0 -75.0 14.0 -82.0 13.0 -83.0 12.0 -84.0 18.0 -86.0 20.0 -87.0 11.0 -88.0 
1395246223091 MICAZ.F.3 5.0 -79.0 
1395246223840 SHIMMER.M.200 3.0 -54.0 4.0 -78.0 9.0 -83.0 5.0 -85.0 
1395246224146 MICAZ.F.19 20.0 -67.0 14.0 -68.0 17.0 -82.0 11.0 -82.0 9.0 -85.0 18.0 -85.0 5.0 -88.0 8.0 -88.0 
1395246224627 MICAZ.F.6 8.0 -78.0 12.0 -79.0 7.0 -79.0 9.0 -82.0 5.0 -82.0 13.0 -85.0 11.0 -86.0 10.0 -88.0 
1395246224993 SHIMMER.M.200 3.0 -53.0 4.0 -78.0 5.0 -82.0 9.0 -86.0 
1395246225374 MICAZ.F.7 6.0 -75.0 9.0 -78.0 5.0 -79.0 8.0 -81.0 12.0 -81.0 17.0 -82.0 20.0 -84.0 16.0 -86.0 2.0 -86.0 18.0 -88.0 
1395246226085 SHIMMER.M.200 3.0 -54.0 4.0 -78.0 5.0 -82.0 9.0 -85.0 
1395246227283 SHIMMER.M.200 3.0 -54.0 5.0 -80.0 4.0 -80.0 9.0 -85.0 10.0 -88.0 
1395246227610 MICAZ.F.14 19.0 -68.0 13.0 -81.0 11.0 -82.0 9.0 -82.0 12.0 -83.0 15.0 -83.0 5.0 -87.0 8.0 -88.0 
1395246227852 SHIMMER.M.200 3.0 -54.0 4.0 -80.0 5.0 -82.0 9.0 -87.0 10.0 -88.0 
1395246228734 SHIMMER.M.200 3.0 -53.0 4.0 -78.0 5.0 -82.0 9.0 -88.0 
1395246230085 SHIMMER.M.200 3.0 -54.0 4.0 -78.0 5.0 -83.0 9.0 -87.0 
1395246230257 MICAZ.F.17 19.0 -81.0 20.0 -84.0 12.0 -84.0 7.0 -86.0 18.0 -87.0 
1395246231018 SHIMMER.M.200 3.0 -54.0 4.0 -79.0 5.0 -82.0 9.0 -88.0 
1395246231830 SHIMMER.M.200 3.0 -54.0 4.0 -80.0 5.0 -82.0 9.0 -88.0 
1395246232626 SHIMMER.M.200 3.0 -54.0 4.0 -79.0 5.0 -82.0 
1395246232847 MICAZ.F.20 14.0 -73.0 18.0 -76.0 13.0 -79.0 5.0 -81.0 16.0 -82.0 12.0 -83.0 17.0 -83.0 11.0 -83.0 9.0 -84.0 15.0 -87.0 
1395246233011 MICAZ.F.8 7.0 -76.0 13.0 -78.0 6.0 -78.0 9.0 -81.0 10.0 -82.0 12.0 -82.0 19.0 -86.0 18.0 -86.0 14.0 -87.0 
1395246233155 MICAZ.F.16 15.0 -72.0 14.0 -74.0 20.0 -82.0 12.0 -82.0 13.0 -85.0 
1395246233969 SHIMMER.M.200 3.0 -54.0 4.0 -79.0 5.0 -82.0 9.0 -88.0 
1395246235106 MICAZ.F.10 9.0 -74.0 13.0 -76.0 8.0 -78.0 5.0 -80.0 6.0 -84.0 4.0 -88.0 
1395246235293 SHIMMER.M.200 3.0 -54.0 4.0 -79.0 5.0 -82.0 9.0 -88.0 
1395246235584 SHIMMER.M.200 3.0 -54.0 4.0 -79.0 5.0 -82.0 9.0 -88.0 
1395246236572 SHIMMER.M.200 3.0 -54.0 4.0 -79.0 5.0 -81.0 9.0 -87.0 10.0 -88.0 
1395246236845 MICAZ.F.9 5.0 -71.0 10.0 -76.0 12.0 -81.0 8.0 -81.0 4.0 -82.0 6.0 -86.0 20.0 -87.0 19.0 -88.0 
1395246237661 MICAZ.F.4 3.0 -74.0 5.0 -81.0 9.0 -82.0 
1395246237916 SHIMMER.M.200 3.0 -54.0 4.0 -78.0 5.0 -82.0 9.0 -87.0 10.0 -88.0 
1395246238306 MICAZ.F.12 9.0 -77.0 6.0 -77.0 11.0 -78.0 18.0 -79.0 20.0 -80.0 15.0 -81.0 14.0 -82.0 16.0 -83.0 7.0 -83.0 13.0 -84.0 
1395246238965 SHIMMER.M.200 3.0 -53.0 4.0 -77.0 5.0 -82.0 9.0 -87.0 10.0 -88.0 
1395246239223 MICAZ.F.2 7.0 -88.0 
1395246239372 SHIMMER.M.200 3.0 -54.0 4.0 -78.0 5.0 -80.0 9.0 -87.0 10.0 -88.0 
1395246239670 MICAZ.F.11 7.0 -77.0 12.0 -79.0 14.0 -82.0 20.0 -83.0 19.0 -83.0 13.0 -83.0 6.0 -84.0 8.0 -84.0 17.0 -87.0 15.0 -87.0 
1395246239898 MICAZ.F.5 9.0 -69.0 4.0 -79.0 20.0 -81.0 13.0 -81.0 10.0 -81.0 6.0 -81.0 8.0 -83.0 19.0 -84.0 14.0 -85.0 7.0 -86.0 
1395246240081 MICAZ.F.13 10.0 -76.0 9.0 -77.0 20.0 -78.0 14.0 -80.0 8.0 -80.0 5.0 -82.0 11.0 -82.0 7.0 -86.0 16.0 -86.0 18.0 -88.0 
1395246240391 SHIMMER.M.200 3.0 -54.0 4.0 -78.0 5.0 -81.0 10.0 -88.0 9.0 -88.0 
1395246241604 MICAZ.F.18 20.0 -78.0 12.0 -81.0 19.0 -83.0 17.0 -83.0 15.0 -84.0 11.0 -84.0 14.0 -87.0 13.0 -88.0 
1395246241753 SHIMMER.M.200 3.0 -54.0 4.0 -78.0 5.0 -82.0 9.0 -87.0 10.0 -88.0 
1395246242329 MICAZ.F.15 16.0 -74.0 13.0 -83.0 18.0 -84.0 12.0 -85.0 14.0 -88.0 
1395246242838 MICAZ.F.3 5.0 -80.0 9.0 -87.0 
1395246243049 SHIMMER.M.200 3.0 -54.0 4.0 -79.0 5.0 -81.0 9.0 -86.0 
1395246243206 SHIMMER.M.200 3.0 -54.0 4.0 -79.0 5.0 -82.0 9.0 -86.0 10.0 -88.0 
1395246243725 MICAZ.F.19 20.0 -67.0 14.0 -69.0 17.0 -81.0 11.0 -82.0 18.0 -84.0 5.0 -87.0 8.0 -87.0 9.0 -88.0 
1395246243965 MICAZ.F.6 7.0 -72.0 8.0 -78.0 12.0 -80.0 5.0 -82.0 9.0 -84.0 2.0 -84.0 13.0 -85.0 10.0 -86.0 11.0 -88.0 
1395246244473 SHIMMER.M.200 3.0 -54.0 4.0 -78.0 5.0 -80.0 9.0 -85.0 
1395246244980 MICAZ.F.7 6.0 -71.0 8.0 -71.0 9.0 -81.0 17.0 -81.0 12.0 -82.0 5.0 -84.0 2.0 -84.0 13.0 -85.0 16.0 -86.0 
1395246245464 SHIMMER.M.200 3.0 -54.0 4.0 -80.0 5.0 -82.0 9.0 -86.0 
1395246246723 SHIMMER.M.200 3.0 -54.0 4.0 -81.0 5.0 -82.0 9.0 -86.0 
1395246246948 SHIMMER.M.200 3.0 -54.0 5.0 -80.0 4.0 -81.0 9.0 -87.0 10.0 -88.0 
1395246247197 MICAZ.F.14 19.0 -68.0 13.0 -80.0 11.0 -81.0 12.0 -83.0 9.0 -83.0 15.0 -86.0 5.0 -86.0 
1395246248278 SHIMMER.M.200 3.0 -55.0 5.0 -80.0 4.0 -81.0 9.0 -88.0 
1395246249267 SHIMMER.M.200 3.0 -54.0 5.0 -80.0 4.0 -80.0 9.0 -87.0 10.0 -88.0 
1395246249513 MICAZ.F.17 19.0 -81.0 20.0 -83.0 18.0 -84.0 12.0 -85.0 11.0 -86.0 7.0 -88.0 
1395246250629 SHIMMER.M.200 3.0 -54.0 4.0 -79.0 5.0 -81.0 9.0 -88.0 
1395246251127 SHIMMER.M.200 3.0 -53.0 4.0 -79.0 5.0 -82.0 9.0 -88.0 
1395246252221 SHIMMER.M.200 3.0 -54.0 4.0 -79.0 5.0 -83.0 9.0 -85.0 
1395246252391 MICAZ.F.20 14.0 -72.0 18.0 -77.0 13.0 -78.0 5.0 -81.0 16.0 -82.0 12.0 -82.0 17.0 -82.0 11.0 -83.0 9.0 -84.0 
1395246252605 MICAZ.F.8 7.0 -77.0 6.0 -78.0 10.0 -79.0 9.0 -80.0 13.0 -81.0 5.0 -84.0 11.0 -85.0 19.0 -85.0 
1395246252825 MICAZ.F.16 15.0 -70.0 14.0 -74.0 12.0 -82.0 13.0 -83.0 20.0 -84.0 
1395246253136 SHIMMER.M.200 3.0 -54.0 4.0 -80.0 5.0 -83.0 9.0 -85.0 
1395246254420 MICAZ.F.10 9.0 -74.0 13.0 -76.0 8.0 -77.0 5.0 -80.0 6.0 -84.0 4.0 -88.0 
1395246254644 SHIMMER.M.200 3.0 -54.0 4.0 -79.0 5.0 -82.0 9.0 -85.0 
1395246255445 SHIMMER.M.200 3.0 -54.0 4.0 -78.0 5.0 -82.0 9.0 -85.0 
1395246256201 SHIMMER.M.200 3.0 -54.0 5.0 -82.0 4.0 -82.0 9.0 -85.0 
1395246256454 MICAZ.F.9 5.0 -71.0 10.0 -77.0 12.0 -80.0 8.0 -80.0 4.0 -82.0 6.0 -84.0 7.0 -87.0 20.0 -87.0 
1395246257002 SHIMMER.M.200 3.0 -54.0 5.0 -82.0 4.0 -84.0 9.0 -85.0 
1395246257305 MICAZ.F.4 3.0 -73.0 5.0 -80.0 9.0 -82.0 
1395246257736 MICAZ.F.12 11.0 -76.0 9.0 -77.0 6.0 -77.0 18.0 -78.0 15.0 -81.0 14.0 -81.0 20.0 -81.0 7.0 -81.0 16.0 -82.0 5.0 -84.0 
1395246258297 SHIMMER.M.200 3.0 -54.0 4.0 -81.0 5.0 -84.0 9.0 -84.0 
1395246258640 MICAZ.F.5 9.0 -68.0 4.0 -80.0 6.0 -80.0 13.0 -81.0 10.0 -81.0 20.0 -82.0 8.0 -83.0 19.0 -84.0 14.0 -85.0 12.0 -86.0 
1395246258833 MICAZ.F.2 6.0 -87.0 7.0 -88.0 
1395246259259 MICAZ.F.11 12.0 -78.0 7.0 -78.0 14.0 -81.0 19.0 -82.0 20.0 -84.0 13.0 -84.0 6.0 -84.0 8.0 -84.0 17.0 -86.0 9.0 -86.0 
1395246259555 MICAZ.F.13 10.0 -76.0 9.0 -76.0 8.0 -79.0 14.0 -80.0 20.0 -81.0 5.0 -82.0 11.0 -83.0 16.0 -85.0 12.0 -87.0 18.0 -88.0 
1395246259767 SHIMMER.M.200 3.0 -54.0 4.0 -80.0 9.0 -84.0 5.0 -87.0 
1395246259992 SHIMMER.M.200 3.0 -54.0 4.0 -80.0 9.0 -84.0 5.0 -87.0 
1395246260961 SHIMMER.M.200 3.0 -54.0 4.0 -80.0 9.0 -84.0 5.0 -88.0 
1395246261202 MICAZ.F.18 20.0 -78.0 12.0 -82.0 17.0 -82.0 15.0 -83.0 13.0 -85.0 11.0 -85.0 19.0 -86.0 14.0 -88.0 
1395246261914 MICAZ.F.15 16.0 -74.0 14.0 -82.0 13.0 -82.0 20.0 -85.0 12.0 -85.0 18.0 -85.0 
1395246262161 SHIMMER.M.200 3.0 -54.0 4.0 -80.0 9.0 -84.0 5.0 -87.0 
1395246262386 MICAZ.F.3 5.0 -80.0 
1395246263238 MICAZ.F.19 20.0 -67.0 14.0 -70.0 17.0 -80.0 11.0 -82.0 8.0 -85.0 5.0 -86.0 9.0 -87.0 18.0 -88.0 
1395246263493 MICAZ.F.6 7.0 -77.0 8.0 -78.0 12.0 -80.0 5.0 -82.0 9.0 -84.0 2.0 -84.0 13.0 -84.0 10.0 -86.0 11.0 -86.0 
1395246263704 SHIMMER.M.200 3.0 -54.0 4.0 -81.0 9.0 -84.0 5.0 -86.0 
1395246263851 SHIMMER.M.200 3.0 -53.0 4.0 -81.0 5.0 -84.0 9.0 -84.0 
1395246264501 MICAZ.F.7 6.0 -73.0 8.0 -76.0 17.0 -81.0 5.0 -82.0 2.0 -82.0 9.0 -83.0 12.0 -83.0 16.0 -85.0 18.0 -85.0 13.0 -86.0 
1395246264877 SHIMMER.M.200 3.0 -54.0 4.0 -79.0 5.0 -83.0 9.0 -85.0 
1395246266148 SHIMMER.M.200 3.0 -54.0 4.0 -80.0 9.0 -84.0 5.0 -87.0 
1395246266745 MICAZ.F.14 19.0 -68.0 13.0 -79.0 11.0 -81.0 12.0 -82.0 9.0 -82.0 15.0 -83.0 5.0 -86.0 
1395246267278 SHIMMER.M.200 3.0 -54.0 4.0 -80.0 9.0 -84.0 5.0 -87.0 
1395246267534 SHIMMER.M.200 3.0 -54.0 4.0 -80.0 9.0 -85.0 5.0 -87.0 
