1395245744640 MICAZ.F.20 14.0 -70.0 18.0 -74.0 13.0 -78.0 11.0 -79.0 5.0 -82.0 12.0 -83.0 17.0 -84.0 9.0 -85.0 15.0 -88.0 8.0 -88.0 
1395245744836 MICAZ.F.8 7.0 -74.0 12.0 -75.0 6.0 -78.0 9.0 -80.0 10.0 -80.0 13.0 -81.0 18.0 -85.0 5.0 -85.0 19.0 -87.0 
1395245744949 MICAZ.F.16 15.0 -70.0 14.0 -70.0 12.0 -80.0 20.0 -83.0 18.0 -86.0 11.0 -88.0 
1395245745683 SHIMMER.M.200 7.0 -60.0 9.0 -76.0 12.0 -78.0 11.0 -83.0 13.0 -85.0 
1395245746257 SHIMMER.M.200 7.0 -64.0 8.0 -75.0 9.0 -77.0 12.0 -79.0 11.0 -85.0 
1395245746443 MICAZ.F.10 9.0 -74.0 13.0 -76.0 8.0 -79.0 5.0 -81.0 6.0 -81.0 4.0 -87.0 
1395245747230 SHIMMER.M.200 7.0 -63.0 8.0 -75.0 9.0 -78.0 12.0 -79.0 13.0 -81.0 
1395245748263 SHIMMER.M.200 7.0 -61.0 8.0 -77.0 13.0 -78.0 9.0 -80.0 12.0 -87.0 
1395245748498 MICAZ.F.9 5.0 -70.0 10.0 -76.0 12.0 -80.0 8.0 -81.0 3.0 -83.0 4.0 -83.0 6.0 -85.0 7.0 -86.0 20.0 -88.0 19.0 -88.0 
1395245749360 MICAZ.F.4 3.0 -76.0 5.0 -81.0 9.0 -83.0 
1395245749606 SHIMMER.M.200 7.0 -62.0 6.0 -76.0 8.0 -76.0 13.0 -78.0 9.0 -82.0 
1395245750039 MICAZ.F.12 9.0 -76.0 6.0 -76.0 14.0 -79.0 18.0 -80.0 16.0 -80.0 7.0 -80.0 15.0 -81.0 20.0 -81.0 5.0 -83.0 13.0 -85.0 
1395245750248 SHIMMER.M.200 7.0 -64.0 8.0 -72.0 13.0 -79.0 6.0 -80.0 12.0 -83.0 
1395245750779 MICAZ.F.5 9.0 -68.0 4.0 -80.0 10.0 -81.0 20.0 -82.0 13.0 -83.0 8.0 -85.0 14.0 -85.0 12.0 -87.0 11.0 -88.0 
1395245751011 MICAZ.F.2 7.0 -86.0 
1395245751141 SHIMMER.M.200 7.0 -66.0 8.0 -73.0 6.0 -74.0 13.0 -78.0 12.0 -80.0 
1395245751485 MICAZ.F.11 13.0 -78.0 20.0 -79.0 7.0 -79.0 9.0 -81.0 14.0 -82.0 17.0 -83.0 19.0 -85.0 6.0 -85.0 15.0 -87.0 5.0 -88.0 
1395245751706 MICAZ.F.13 10.0 -76.0 9.0 -76.0 11.0 -78.0 14.0 -79.0 20.0 -80.0 8.0 -81.0 5.0 -84.0 18.0 -86.0 
1395245752215 SHIMMER.M.200 7.0 -70.0 6.0 -74.0 8.0 -76.0 13.0 -78.0 12.0 -79.0 
1395245753202 MICAZ.F.18 20.0 -75.0 12.0 -81.0 11.0 -83.0 17.0 -84.0 19.0 -85.0 14.0 -85.0 8.0 -85.0 13.0 -85.0 16.0 -87.0 15.0 -87.0 
1395245753395 SHIMMER.M.200 7.0 -70.0 6.0 -74.0 8.0 -76.0 13.0 -78.0 9.0 -79.0 
1395245754378 SHIMMER.M.200 7.0 -70.0 6.0 -76.0 8.0 -76.0 13.0 -78.0 12.0 -80.0 
1395245754606 MICAZ.F.15 16.0 -72.0 12.0 -84.0 14.0 -84.0 13.0 -86.0 18.0 -88.0 
1395245754804 MICAZ.F.3 5.0 -80.0 9.0 -83.0 
1395245755016 SHIMMER.M.200 7.0 -70.0 6.0 -75.0 8.0 -76.0 13.0 -78.0 9.0 -80.0 
1395245755543 MICAZ.F.19 20.0 -66.0 14.0 -70.0 17.0 -80.0 5.0 -85.0 18.0 -86.0 11.0 -86.0 9.0 -87.0 8.0 -88.0 
1395245755692 MICAZ.F.6 8.0 -78.0 12.0 -79.0 5.0 -80.0 9.0 -82.0 7.0 -82.0 11.0 -83.0 10.0 -85.0 2.0 -87.0 
1395245756025 SHIMMER.M.200 7.0 -71.0 6.0 -75.0 8.0 -77.0 13.0 -78.0 12.0 -80.0 
1395245756738 MICAZ.F.7 8.0 -75.0 2.0 -77.0 6.0 -81.0 12.0 -81.0 17.0 -82.0 9.0 -83.0 18.0 -84.0 5.0 -84.0 20.0 -85.0 13.0 -85.0 
1395245757330 SHIMMER.M.200 7.0 -71.0 6.0 -75.0 8.0 -77.0 13.0 -78.0 9.0 -80.0 
1395245758263 SHIMMER.M.200 7.0 -72.0 6.0 -75.0 8.0 -76.0 13.0 -78.0 12.0 -80.0 
1395245758903 MICAZ.F.14 19.0 -69.0 13.0 -78.0 11.0 -82.0 12.0 -83.0 15.0 -83.0 5.0 -85.0 9.0 -86.0 
1395245759111 SHIMMER.M.200 7.0 -69.0 6.0 -74.0 8.0 -77.0 13.0 -78.0 9.0 -79.0 
1395245759989 SHIMMER.M.200 7.0 -68.0 6.0 -74.0 8.0 -78.0 13.0 -78.0 9.0 -79.0 
1395245761165 SHIMMER.M.200 7.0 -68.0 6.0 -73.0 8.0 -76.0 9.0 -78.0 13.0 -78.0 
1395245761419 MICAZ.F.17 19.0 -80.0 11.0 -84.0 18.0 -84.0 20.0 -84.0 12.0 -84.0 7.0 -87.0 
1395245762408 SHIMMER.M.200 7.0 -64.0 6.0 -72.0 13.0 -77.0 12.0 -79.0 9.0 -79.0 
1395245762799 SHIMMER.M.200 7.0 -71.0 6.0 -72.0 13.0 -79.0 8.0 -83.0 14.0 -85.0 
1395245763881 SHIMMER.M.200 8.0 -70.0 7.0 -71.0 6.0 -72.0 9.0 -74.0 12.0 -78.0 
1395245764042 MICAZ.F.20 14.0 -70.0 18.0 -74.0 13.0 -79.0 11.0 -80.0 5.0 -82.0 12.0 -83.0 17.0 -83.0 9.0 -85.0 8.0 -87.0 
1395245764210 MICAZ.F.8 7.0 -75.0 12.0 -76.0 6.0 -76.0 9.0 -79.0 10.0 -81.0 13.0 -82.0 5.0 -84.0 18.0 -85.0 19.0 -86.0 20.0 -88.0 
1395245764544 MICAZ.F.16 14.0 -70.0 15.0 -74.0 12.0 -81.0 13.0 -88.0 
1395245765104 SHIMMER.M.200 9.0 -73.0 8.0 -74.0 6.0 -75.0 7.0 -75.0 12.0 -78.0 
1395245765974 MICAZ.F.10 9.0 -73.0 13.0 -76.0 8.0 -80.0 5.0 -81.0 6.0 -84.0 4.0 -87.0 
1395245766394 SHIMMER.M.200 8.0 -68.0 9.0 -71.0 6.0 -76.0 7.0 -76.0 13.0 -77.0 
1395245766645 SHIMMER.M.200 8.0 -70.0 9.0 -72.0 12.0 -76.0 7.0 -78.0 10.0 -80.0 
1395245767749 SHIMMER.M.200 8.0 -70.0 9.0 -72.0 12.0 -76.0 7.0 -77.0 10.0 -79.0 
1395245767985 MICAZ.F.9 5.0 -70.0 10.0 -76.0 4.0 -81.0 12.0 -81.0 6.0 -84.0 8.0 -84.0 3.0 -85.0 7.0 -85.0 20.0 -87.0 19.0 -88.0 
1395245768968 SHIMMER.M.200 8.0 -74.0 9.0 -75.0 12.0 -76.0 7.0 -76.0 10.0 -78.0 
1395245769170 MICAZ.F.4 3.0 -74.0 9.0 -82.0 5.0 -83.0 
1395245769550 MICAZ.F.12 6.0 -76.0 9.0 -77.0 18.0 -79.0 16.0 -80.0 14.0 -80.0 7.0 -80.0 15.0 -81.0 20.0 -81.0 5.0 -84.0 13.0 -86.0 
1395245769951 SHIMMER.M.200 9.0 -74.0 8.0 -75.0 7.0 -75.0 12.0 -78.0 10.0 -78.0 
1395245770446 MICAZ.F.5 9.0 -68.0 6.0 -80.0 10.0 -81.0 8.0 -82.0 4.0 -82.0 20.0 -82.0 7.0 -83.0 13.0 -83.0 14.0 -84.0 12.0 -87.0 
1395245770647 MICAZ.F.2 7.0 -82.0 
1395245770841 SHIMMER.M.200 8.0 -70.0 9.0 -74.0 7.0 -78.0 13.0 -79.0 10.0 -81.0 
1395245771087 MICAZ.F.11 13.0 -78.0 7.0 -78.0 20.0 -80.0 9.0 -80.0 14.0 -81.0 17.0 -83.0 6.0 -83.0 19.0 -85.0 15.0 -88.0 12.0 -88.0 
1395245771319 MICAZ.F.13 9.0 -76.0 10.0 -77.0 14.0 -78.0 20.0 -79.0 11.0 -79.0 8.0 -82.0 5.0 -84.0 7.0 -85.0 18.0 -86.0 19.0 -88.0 
1395245771706 SHIMMER.M.200 13.0 -78.0 8.0 -80.0 9.0 -80.0 10.0 -81.0 12.0 -84.0 
1395245772710 SHIMMER.M.200 9.0 -72.0 7.0 -73.0 10.0 -77.0 13.0 -79.0 6.0 -82.0 
1395245772898 MICAZ.F.18 20.0 -76.0 12.0 -80.0 17.0 -81.0 19.0 -84.0 14.0 -84.0 8.0 -85.0 13.0 -85.0 11.0 -85.0 15.0 -87.0 
1395245773729 MICAZ.F.15 16.0 -76.0 12.0 -84.0 14.0 -85.0 13.0 -86.0 
1395245773893 SHIMMER.M.200 9.0 -72.0 10.0 -78.0 7.0 -78.0 8.0 -82.0 11.0 -82.0 
1395245774131 MICAZ.F.3 5.0 -80.0 9.0 -86.0 
1395245774602 SHIMMER.M.200 9.0 -72.0 7.0 -76.0 10.0 -78.0 11.0 -83.0 8.0 -84.0 
1395245775014 MICAZ.F.19 20.0 -66.0 14.0 -70.0 17.0 -78.0 18.0 -84.0 5.0 -85.0 8.0 -86.0 11.0 -87.0 9.0 -88.0 
1395245775424 MICAZ.F.6 12.0 -80.0 7.0 -80.0 5.0 -81.0 9.0 -84.0 13.0 -85.0 11.0 -86.0 10.0 -86.0 8.0 -87.0 2.0 -87.0 4.0 -88.0 
1395245775684 SHIMMER.M.200 9.0 -72.0 7.0 -77.0 10.0 -78.0 8.0 -79.0 12.0 -83.0 
1395245776350 MICAZ.F.7 8.0 -70.0 12.0 -77.0 6.0 -78.0 2.0 -78.0 17.0 -81.0 5.0 -81.0 9.0 -82.0 20.0 -83.0 18.0 -84.0 13.0 -85.0 
1395245776604 SHIMMER.M.200 9.0 -72.0 8.0 -74.0 13.0 -75.0 6.0 -76.0 10.0 -80.0 
1395245778049 SHIMMER.M.200 13.0 -73.0 9.0 -76.0 8.0 -79.0 12.0 -80.0 6.0 -80.0 
1395245778329 MICAZ.F.14 19.0 -69.0 13.0 -78.0 11.0 -82.0 15.0 -83.0 12.0 -84.0 9.0 -84.0 5.0 -85.0 
1395245778580 SHIMMER.M.200 13.0 -74.0 9.0 -76.0 12.0 -79.0 6.0 -80.0 10.0 -82.0 
1395245779609 SHIMMER.M.200 13.0 -74.0 9.0 -75.0 12.0 -76.0 8.0 -78.0 6.0 -80.0 
1395245780351 SHIMMER.M.200 9.0 -72.0 13.0 -73.0 8.0 -75.0 12.0 -78.0 10.0 -78.0 
1395245781166 MICAZ.F.17 19.0 -78.0 12.0 -83.0 11.0 -85.0 7.0 -85.0 20.0 -86.0 18.0 -87.0 
1395245781764 SHIMMER.M.200 8.0 -68.0 9.0 -71.0 7.0 -77.0 12.0 -78.0 11.0 -81.0 
1395245782329 SHIMMER.M.200 13.0 -75.0 5.0 -78.0 8.0 -78.0 7.0 -78.0 10.0 -79.0 
1395245783287 SHIMMER.M.200 7.0 -68.0 8.0 -72.0 13.0 -75.0 9.0 -76.0 12.0 -77.0 
1395245783434 MICAZ.F.20 14.0 -70.0 18.0 -74.0 13.0 -78.0 11.0 -79.0 5.0 -82.0 12.0 -83.0 9.0 -84.0 7.0 -87.0 15.0 -88.0 
1395245783734 MICAZ.F.8 12.0 -75.0 7.0 -76.0 9.0 -79.0 6.0 -79.0 13.0 -81.0 10.0 -82.0 5.0 -84.0 18.0 -85.0 19.0 -86.0 
1395245784038 MICAZ.F.16 14.0 -70.0 15.0 -74.0 12.0 -80.0 20.0 -85.0 9.0 -88.0 
1395245784453 SHIMMER.M.200 8.0 -70.0 7.0 -73.0 12.0 -76.0 9.0 -77.0 13.0 -79.0 
1395245785488 MICAZ.F.10 9.0 -74.0 13.0 -76.0 8.0 -81.0 5.0 -81.0 6.0 -85.0 4.0 -87.0 
1395245785702 SHIMMER.M.200 8.0 -71.0 7.0 -73.0 12.0 -76.0 11.0 -76.0 6.0 -78.0 
1395245786937 SHIMMER.M.200 8.0 -69.0 7.0 -72.0 12.0 -79.0 13.0 -80.0 6.0 -81.0 
1395245787214 SHIMMER.M.200 8.0 -65.0 6.0 -74.0 9.0 -79.0 5.0 -82.0 12.0 -82.0 
1395245787459 MICAZ.F.9 5.0 -71.0 10.0 -76.0 12.0 -80.0 8.0 -80.0 4.0 -83.0 3.0 -85.0 6.0 -85.0 20.0 -86.0 19.0 -88.0 
1395245788315 SHIMMER.M.200 8.0 -66.0 7.0 -74.0 9.0 -80.0 12.0 -81.0 13.0 -82.0 
1395245788517 MICAZ.F.4 3.0 -76.0 5.0 -82.0 9.0 -83.0 
1395245788995 MICAZ.F.12 9.0 -75.0 6.0 -77.0 18.0 -78.0 16.0 -79.0 7.0 -79.0 14.0 -80.0 20.0 -80.0 15.0 -82.0 13.0 -86.0 5.0 -86.0 
1395245789719 SHIMMER.M.200 8.0 -67.0 9.0 -74.0 7.0 -75.0 6.0 -82.0 13.0 -82.0 
1395245789885 MICAZ.F.5 9.0 -68.0 4.0 -80.0 6.0 -80.0 10.0 -81.0 20.0 -82.0 13.0 -83.0 8.0 -85.0 7.0 -85.0 14.0 -86.0 12.0 -87.0 
1395245790103 SHIMMER.M.200 8.0 -72.0 9.0 -78.0 7.0 -79.0 10.0 -81.0 13.0 -82.0 
1395245790251 MICAZ.F.2 7.0 -88.0 
1395245790442 MICAZ.F.11 13.0 -77.0 7.0 -78.0 20.0 -79.0 9.0 -79.0 14.0 -81.0 17.0 -83.0 6.0 -83.0 19.0 -85.0 8.0 -87.0 
1395245790739 MICAZ.F.13 11.0 -77.0 10.0 -77.0 9.0 -77.0 14.0 -78.0 20.0 -80.0 8.0 -80.0 5.0 -83.0 7.0 -87.0 19.0 -87.0 18.0 -87.0 
1395245791185 SHIMMER.M.200 8.0 -72.0 7.0 -76.0 9.0 -78.0 10.0 -80.0 12.0 -81.0 
1395245792175 SHIMMER.M.200 8.0 -79.0 12.0 -82.0 9.0 -83.0 10.0 -84.0 13.0 -84.0 
1395245792477 MICAZ.F.18 20.0 -74.0 12.0 -80.0 17.0 -83.0 11.0 -83.0 14.0 -84.0 19.0 -85.0 8.0 -85.0 13.0 -85.0 
1395245793138 MICAZ.F.15 16.0 -76.0 20.0 -84.0 13.0 -85.0 14.0 -86.0 12.0 -87.0 
1395245793361 SHIMMER.M.200 8.0 -78.0 7.0 -79.0 5.0 -80.0 9.0 -80.0 12.0 -83.0 
1395245793692 MICAZ.F.3 5.0 -80.0 9.0 -84.0 
1395245794495 SHIMMER.M.200 7.0 -76.0 9.0 -77.0 8.0 -81.0 12.0 -83.0 13.0 -83.0 
1395245794745 MICAZ.F.19 20.0 -67.0 14.0 -70.0 17.0 -82.0 5.0 -85.0 8.0 -85.0 11.0 -86.0 9.0 -87.0 18.0 -87.0 
1395245794945 MICAZ.F.6 12.0 -78.0 5.0 -81.0 7.0 -81.0 8.0 -82.0 11.0 -84.0 9.0 -85.0 2.0 -86.0 13.0 -87.0 
1395245795130 SHIMMER.M.200 9.0 -69.0 5.0 -82.0 13.0 -82.0 8.0 -83.0 12.0 -85.0 
1395245795719 MICAZ.F.7 8.0 -70.0 6.0 -75.0 5.0 -77.0 2.0 -79.0 12.0 -79.0 17.0 -81.0 9.0 -83.0 13.0 -84.0 10.0 -85.0 20.0 -86.0 
1395245795973 SHIMMER.M.200 7.0 -74.0 8.0 -77.0 11.0 -78.0 13.0 -78.0 12.0 -80.0 
1395245797232 SHIMMER.M.200 7.0 -73.0 12.0 -78.0 8.0 -78.0 5.0 -80.0 10.0 -80.0 
1395245798046 MICAZ.F.14 19.0 -69.0 13.0 -78.0 12.0 -82.0 11.0 -83.0 9.0 -84.0 5.0 -86.0 15.0 -87.0 
1395245798294 SHIMMER.M.200 9.0 -65.0 5.0 -70.0 10.0 -76.0 13.0 -78.0 8.0 -79.0 
1395245799133 SHIMMER.M.200 5.0 -64.0 9.0 -71.0 7.0 -78.0 13.0 -79.0 4.0 -80.0 
1395245800070 SHIMMER.M.200 5.0 -73.0 6.0 -75.0 10.0 -79.0 9.0 -79.0 8.0 -81.0 
1395245800342 MICAZ.F.17 19.0 -80.0 18.0 -82.0 11.0 -84.0 12.0 -84.0 7.0 -85.0 20.0 -85.0 
1395245801170 SHIMMER.M.200 5.0 -76.0 9.0 -76.0 10.0 -82.0 4.0 -82.0 13.0 -82.0 
1395245802549 SHIMMER.M.200 5.0 -63.0 3.0 -70.0 4.0 -74.0 9.0 -76.0 13.0 -83.0 
1395245802801 SHIMMER.M.200 3.0 -72.0 5.0 -75.0 4.0 -76.0 9.0 -79.0 13.0 -85.0 
1395245803088 MICAZ.F.20 18.0 -72.0 14.0 -72.0 13.0 -77.0 11.0 -78.0 15.0 -82.0 12.0 -82.0 17.0 -84.0 5.0 -84.0 9.0 -87.0 8.0 -87.0 
1395245803325 MICAZ.F.8 12.0 -76.0 7.0 -76.0 9.0 -78.0 6.0 -78.0 13.0 -81.0 10.0 -81.0 19.0 -84.0 5.0 -85.0 18.0 -87.0 20.0 -88.0 
1395245803564 MICAZ.F.16 14.0 -71.0 15.0 -72.0 12.0 -80.0 20.0 -85.0 13.0 -86.0 18.0 -88.0 
1395245804026 SHIMMER.M.200 4.0 -68.0 3.0 -77.0 9.0 -82.0 5.0 -85.0 12.0 -86.0 
1395245805102 SHIMMER.M.200 3.0 -66.0 4.0 -68.0 5.0 -77.0 9.0 -80.0 12.0 -86.0 
1395245805347 MICAZ.F.10 9.0 -74.0 13.0 -76.0 5.0 -80.0 8.0 -81.0 6.0 -84.0 
1395245806409 SHIMMER.M.200 4.0 -66.0 5.0 -77.0 3.0 -77.0 9.0 -86.0 
1395245806829 SHIMMER.M.200 13.0 -74.0 5.0 -75.0 3.0 -78.0 9.0 -78.0 8.0 -80.0 
1395245807295 MICAZ.F.9 5.0 -70.0 10.0 -76.0 12.0 -79.0 8.0 -80.0 4.0 -81.0 6.0 -83.0 
1395245807881 SHIMMER.M.200 9.0 -72.0 5.0 -76.0 8.0 -80.0 4.0 -82.0 10.0 -84.0 
1395245808214 MICAZ.F.4 3.0 -74.0 5.0 -80.0 9.0 -84.0 
1395245808769 SHIMMER.M.200 5.0 -70.0 4.0 -70.0 3.0 -75.0 9.0 -78.0 8.0 -80.0 
1395245808990 MICAZ.F.12 9.0 -75.0 6.0 -76.0 18.0 -78.0 16.0 -79.0 7.0 -79.0 20.0 -80.0 14.0 -81.0 15.0 -83.0 5.0 -85.0 13.0 -88.0 
1395245809311 MICAZ.F.5 9.0 -68.0 4.0 -80.0 20.0 -82.0 7.0 -82.0 10.0 -82.0 6.0 -82.0 13.0 -83.0 8.0 -85.0 12.0 -86.0 14.0 -88.0 
1395245810024 MICAZ.F.11 13.0 -77.0 20.0 -78.0 7.0 -78.0 9.0 -81.0 14.0 -81.0 17.0 -82.0 6.0 -82.0 19.0 -84.0 
1395245810321 SHIMMER.M.200 3.0 -67.0 4.0 -68.0 5.0 -80.0 8.0 -80.0 9.0 -82.0 
1395245810571 MICAZ.F.13 9.0 -76.0 10.0 -77.0 14.0 -78.0 11.0 -78.0 20.0 -80.0 8.0 -82.0 5.0 -83.0 18.0 -87.0 
1395245811588 SHIMMER.M.200 3.0 -66.0 4.0 -72.0 8.0 -80.0 9.0 -83.0 5.0 -84.0 
1395245811747 MICAZ.F.18 20.0 -74.0 19.0 -80.0 14.0 -81.0 12.0 -81.0 17.0 -83.0 13.0 -85.0 8.0 -86.0 11.0 -86.0 
1395245811937 SHIMMER.M.200 4.0 -70.0 3.0 -71.0 5.0 -83.0 9.0 -85.0 13.0 -87.0 
1395245812649 MICAZ.F.15 16.0 -77.0 13.0 -84.0 20.0 -85.0 12.0 -86.0 14.0 -86.0 
1395245812795 SHIMMER.M.200 3.0 -64.0 4.0 -70.0 5.0 -76.0 13.0 -85.0 9.0 -87.0 
1395245812998 MICAZ.F.3 9.0 -82.0 5.0 -82.0 
1395245814197 SHIMMER.M.200 3.0 -66.0 4.0 -73.0 5.0 -78.0 9.0 -84.0 13.0 -85.0 
1395245814414 MICAZ.F.6 12.0 -79.0 7.0 -80.0 8.0 -81.0 9.0 -82.0 5.0 -83.0 11.0 -84.0 13.0 -85.0 10.0 -86.0 
1395245814651 MICAZ.F.19 20.0 -67.0 14.0 -71.0 17.0 -80.0 18.0 -82.0 5.0 -85.0 8.0 -86.0 11.0 -86.0 9.0 -88.0 
1395245814850 SHIMMER.M.200 3.0 -68.0 4.0 -73.0 5.0 -79.0 9.0 -84.0 13.0 -85.0 
1395245815230 MICAZ.F.7 8.0 -72.0 6.0 -76.0 12.0 -77.0 2.0 -80.0 17.0 -80.0 5.0 -80.0 9.0 -84.0 18.0 -85.0 20.0 -88.0 
1395245815652 SHIMMER.M.200 3.0 -68.0 4.0 -70.0 5.0 -76.0 9.0 -85.0 13.0 -85.0 
1395245816636 SHIMMER.M.200 4.0 -70.0 3.0 -72.0 5.0 -76.0 9.0 -84.0 
1395245817371 MICAZ.F.14 19.0 -69.0 13.0 -78.0 11.0 -82.0 12.0 -84.0 9.0 -84.0 5.0 -87.0 8.0 -88.0 
1395245817857 SHIMMER.M.200 4.0 -70.0 3.0 -73.0 5.0 -76.0 9.0 -84.0 
1395245819392 SHIMMER.M.200 4.0 -69.0 3.0 -73.0 5.0 -76.0 9.0 -85.0 
1395245819661 SHIMMER.M.200 4.0 -70.0 3.0 -72.0 5.0 -76.0 9.0 -83.0 
1395245820117 MICAZ.F.17 19.0 -79.0 12.0 -83.0 11.0 -84.0 18.0 -85.0 7.0 -85.0 20.0 -85.0 
1395245820644 SHIMMER.M.200 4.0 -70.0 3.0 -72.0 5.0 -76.0 9.0 -84.0 
1395245821705 SHIMMER.M.200 4.0 -70.0 3.0 -72.0 5.0 -76.0 9.0 -83.0 
1395245822614 MICAZ.F.20 14.0 -70.0 18.0 -72.0 11.0 -79.0 13.0 -80.0 12.0 -81.0 5.0 -81.0 15.0 -84.0 17.0 -87.0 9.0 -88.0 8.0 -88.0 
1395245822764 MICAZ.F.8 7.0 -76.0 9.0 -77.0 12.0 -77.0 10.0 -80.0 6.0 -81.0 13.0 -82.0 19.0 -84.0 18.0 -85.0 5.0 -88.0 
1395245823052 MICAZ.F.16 14.0 -71.0 15.0 -72.0 12.0 -80.0 20.0 -85.0 19.0 -88.0 
1395245823299 SHIMMER.M.200 4.0 -70.0 3.0 -72.0 5.0 -76.0 9.0 -82.0 
1395245823423 SHIMMER.M.200 4.0 -70.0 3.0 -72.0 5.0 -76.0 9.0 -83.0 
1395245824513 SHIMMER.M.200 4.0 -70.0 3.0 -72.0 5.0 -75.0 9.0 -83.0 
1395245824701 MICAZ.F.10 9.0 -74.0 13.0 -76.0 8.0 -79.0 5.0 -80.0 6.0 -84.0 
1395245825636 SHIMMER.M.200 4.0 -70.0 3.0 -72.0 5.0 -75.0 9.0 -83.0 
1395245826627 MICAZ.F.9 5.0 -70.0 10.0 -76.0 8.0 -78.0 12.0 -79.0 4.0 -82.0 6.0 -83.0 19.0 -87.0 
1395245826813 SHIMMER.M.200 4.0 -70.0 3.0 -72.0 5.0 -75.0 9.0 -84.0 
1395245827087 SHIMMER.M.200 4.0 -70.0 3.0 -72.0 5.0 -75.0 9.0 -83.0 
1395245827766 MICAZ.F.4 3.0 -72.0 5.0 -79.0 9.0 -82.0 
1395245828109 MICAZ.F.12 9.0 -74.0 6.0 -76.0 18.0 -78.0 7.0 -78.0 20.0 -79.0 16.0 -81.0 14.0 -82.0 5.0 -85.0 15.0 -85.0 13.0 -88.0 
1395245828402 SHIMMER.M.200 4.0 -70.0 3.0 -71.0 5.0 -76.0 9.0 -84.0 
1395245828924 MICAZ.F.5 9.0 -68.0 4.0 -78.0 7.0 -81.0 10.0 -81.0 6.0 -81.0 20.0 -83.0 13.0 -84.0 14.0 -86.0 8.0 -88.0 12.0 -88.0 
1395245829258 MICAZ.F.2 7.0 -83.0 
1395245829497 SHIMMER.M.200 4.0 -70.0 3.0 -72.0 5.0 -76.0 9.0 -84.0 
1395245829732 MICAZ.F.11 13.0 -76.0 7.0 -78.0 20.0 -79.0 9.0 -80.0 14.0 -83.0 17.0 -84.0 6.0 -84.0 19.0 -86.0 15.0 -87.0 
1395245829946 MICAZ.F.13 20.0 -77.0 11.0 -77.0 10.0 -77.0 9.0 -77.0 14.0 -78.0 8.0 -81.0 18.0 -86.0 5.0 -87.0 12.0 -88.0 
1395245830796 SHIMMER.M.200 4.0 -70.0 3.0 -72.0 5.0 -76.0 9.0 -83.0 
1395245831074 SHIMMER.M.200 3.0 -71.0 4.0 -72.0 5.0 -76.0 9.0 -82.0 
1395245831237 MICAZ.F.18 20.0 -72.0 12.0 -82.0 14.0 -83.0 17.0 -83.0 11.0 -83.0 19.0 -84.0 13.0 -84.0 8.0 -86.0 
1395245832468 SHIMMER.M.200 3.0 -65.0 4.0 -72.0 5.0 -75.0 9.0 -82.0 10.0 -88.0 
1395245832676 MICAZ.F.15 16.0 -76.0 13.0 -84.0 19.0 -88.0 12.0 -88.0 
1395245832837 MICAZ.F.3 5.0 -83.0 
1395245833662 SHIMMER.M.200 3.0 -65.0 4.0 -72.0 5.0 -78.0 9.0 -82.0 13.0 -85.0 
1395245833883 MICAZ.F.19 20.0 -68.0 14.0 -71.0 17.0 -81.0 18.0 -85.0 8.0 -87.0 16.0 -88.0 5.0 -88.0 11.0 -88.0 15.0 -88.0 
1395245834382 MICAZ.F.6 8.0 -78.0 12.0 -78.0 9.0 -82.0 5.0 -82.0 7.0 -82.0 11.0 -84.0 10.0 -87.0 13.0 -87.0 2.0 -87.0 
1395245834549 SHIMMER.M.200 4.0 -72.0 3.0 -74.0 5.0 -76.0 9.0 -84.0 10.0 -88.0 
1395245834782 MICAZ.F.7 8.0 -71.0 2.0 -76.0 6.0 -78.0 5.0 -78.0 12.0 -78.0 17.0 -81.0 18.0 -85.0 9.0 -85.0 13.0 -86.0 20.0 -88.0 
1395245835382 SHIMMER.M.200 5.0 -71.0 4.0 -72.0 3.0 -80.0 9.0 -83.0 14.0 -85.0 
1395245836051 SHIMMER.M.200 9.0 -67.0 4.0 -70.0 5.0 -77.0 3.0 -78.0 10.0 -85.0 
1395245837110 MICAZ.F.14 19.0 -69.0 13.0 -78.0 11.0 -82.0 9.0 -83.0 12.0 -84.0 15.0 -84.0 5.0 -85.0 
1395245837295 SHIMMER.M.200 9.0 -68.0 5.0 -72.0 13.0 -75.0 4.0 -80.0 8.0 -83.0 
1395245838399 SHIMMER.M.200 5.0 -78.0 9.0 -80.0 3.0 -81.0 4.0 -81.0 13.0 -82.0 
1395245838942 SHIMMER.M.200 5.0 -70.0 4.0 -74.0 3.0 -76.0 9.0 -81.0 14.0 -84.0 
1395245839495 MICAZ.F.17 18.0 -80.0 19.0 -80.0 11.0 -83.0 12.0 -84.0 7.0 -85.0 20.0 -86.0 
1395245840042 SHIMMER.M.200 4.0 -72.0 5.0 -73.0 3.0 -76.0 9.0 -82.0 11.0 -87.0 
1395245841170 SHIMMER.M.200 5.0 -68.0 9.0 -74.0 3.0 -76.0 20.0 -80.0 10.0 -82.0 
1395245842110 MICAZ.F.20 14.0 -69.0 18.0 -72.0 12.0 -80.0 11.0 -80.0 5.0 -80.0 13.0 -80.0 9.0 -85.0 16.0 -86.0 17.0 -86.0 15.0 -87.0 
1395245842297 SHIMMER.M.200 5.0 -71.0 9.0 -72.0 13.0 -79.0 6.0 -83.0 3.0 -86.0 
1395245842539 MICAZ.F.8 12.0 -76.0 7.0 -76.0 6.0 -78.0 9.0 -79.0 13.0 -80.0 10.0 -80.0 5.0 -84.0 18.0 -85.0 11.0 -86.0 19.0 -87.0 
1395245842764 MICAZ.F.16 15.0 -70.0 14.0 -72.0 12.0 -82.0 20.0 -83.0 19.0 -87.0 13.0 -87.0 
1395245843523 SHIMMER.M.200 13.0 -75.0 9.0 -76.0 6.0 -81.0 10.0 -82.0 5.0 -84.0 
1395245843937 SHIMMER.M.200 13.0 -70.0 10.0 -73.0 7.0 -79.0 9.0 -80.0 20.0 -82.0 
1395245844184 MICAZ.F.10 9.0 -74.0 13.0 -76.0 8.0 -78.0 5.0 -80.0 6.0 -86.0 4.0 -88.0 
1395245844978 SHIMMER.M.200 10.0 -72.0 13.0 -75.0 5.0 -78.0 9.0 -80.0 20.0 -82.0 
1395245846050 MICAZ.F.9 5.0 -71.0 10.0 -76.0 12.0 -78.0 8.0 -79.0 6.0 -83.0 3.0 -85.0 4.0 -85.0 7.0 -86.0 19.0 -88.0 
1395245846295 SHIMMER.M.200 10.0 -69.0 5.0 -78.0 9.0 -79.0 20.0 -82.0 14.0 -83.0 
1395245847186 MICAZ.F.4 3.0 -76.0 5.0 -80.0 9.0 -84.0 
1395245847423 SHIMMER.M.200 10.0 -66.0 9.0 -79.0 20.0 -82.0 14.0 -83.0 6.0 -83.0 
1395245847613 MICAZ.F.12 9.0 -75.0 6.0 -76.0 20.0 -77.0 18.0 -78.0 7.0 -78.0 16.0 -79.0 11.0 -81.0 14.0 -81.0 5.0 -83.0 13.0 -85.0 
1395245847823 SHIMMER.M.200 10.0 -70.0 20.0 -82.0 14.0 -83.0 6.0 -83.0 9.0 -85.0 
1395245848488 MICAZ.F.5 9.0 -68.0 4.0 -78.0 10.0 -78.0 6.0 -81.0 7.0 -82.0 20.0 -83.0 8.0 -84.0 13.0 -84.0 14.0 -85.0 12.0 -86.0 
1395245848676 MICAZ.F.2 7.0 -85.0 
1395245848804 SHIMMER.M.200 10.0 -69.0 9.0 -80.0 20.0 -82.0 5.0 -82.0 14.0 -83.0 
1395245849054 MICAZ.F.11 7.0 -73.0 13.0 -79.0 20.0 -81.0 9.0 -81.0 12.0 -82.0 19.0 -83.0 17.0 -83.0 8.0 -84.0 6.0 -85.0 14.0 -85.0 
1395245849319 MICAZ.F.13 9.0 -76.0 11.0 -78.0 10.0 -80.0 20.0 -81.0 8.0 -81.0 14.0 -83.0 5.0 -84.0 12.0 -85.0 18.0 -88.0 
1395245850204 SHIMMER.M.200 10.0 -72.0 9.0 -78.0 6.0 -83.0 13.0 -84.0 5.0 -86.0 
1395245850884 MICAZ.F.18 20.0 -73.0 12.0 -80.0 17.0 -80.0 19.0 -82.0 14.0 -82.0 13.0 -83.0 11.0 -84.0 8.0 -85.0 
1395245851069 SHIMMER.M.200 10.0 -70.0 9.0 -78.0 6.0 -83.0 4.0 -85.0 5.0 -86.0 
1395245851789 SHIMMER.M.200 10.0 -72.0 5.0 -73.0 7.0 -83.0 12.0 -85.0 4.0 -86.0 
1395245852033 MICAZ.F.15 16.0 -73.0 14.0 -80.0 19.0 -85.0 13.0 -85.0 20.0 -87.0 
1395245852280 MICAZ.F.3 5.0 -79.0 9.0 -87.0 
1395245853196 SHIMMER.M.200 9.0 -72.0 10.0 -78.0 7.0 -79.0 13.0 -83.0 8.0 -85.0 
1395245853447 MICAZ.F.19 20.0 -67.0 14.0 -70.0 17.0 -80.0 18.0 -82.0 11.0 -85.0 15.0 -86.0 5.0 -88.0 
1395245853683 MICAZ.F.6 12.0 -79.0 8.0 -80.0 7.0 -81.0 9.0 -82.0 5.0 -82.0 11.0 -84.0 2.0 -84.0 10.0 -87.0 13.0 -87.0 
1395245853870 SHIMMER.M.200 5.0 -66.0 3.0 -76.0 9.0 -78.0 4.0 -83.0 13.0 -82.0 
1395245854343 MICAZ.F.7 8.0 -71.0 12.0 -76.0 6.0 -78.0 2.0 -78.0 9.0 -78.0 17.0 -80.0 5.0 -81.0 10.0 -85.0 18.0 -86.0 
1395245855016 SHIMMER.M.200 9.0 -66.0 8.0 -71.0 12.0 -75.0 5.0 -78.0 14.0 -78.0 
1395245855697 SHIMMER.M.200 13.0 -69.0 9.0 -71.0 7.0 -72.0 8.0 -74.0 14.0 -78.0 
1395245856479 MICAZ.F.14 19.0 -69.0 15.0 -81.0 12.0 -82.0 13.0 -82.0 11.0 -84.0 9.0 -86.0 
1395245856712 SHIMMER.M.200 7.0 -70.0 9.0 -71.0 8.0 -74.0 11.0 -80.0 6.0 -80.0 
1395245857831 SHIMMER.M.200 7.0 -72.0 13.0 -72.0 8.0 -75.0 12.0 -76.0 9.0 -77.0 
1395245858824 SHIMMER.M.200 9.0 -73.0 13.0 -76.0 10.0 -77.0 5.0 -78.0 8.0 -78.0 
1395245859012 MICAZ.F.17 19.0 -80.0 11.0 -82.0 18.0 -82.0 12.0 -85.0 7.0 -86.0 
1395245860376 SHIMMER.M.200 8.0 -71.0 7.0 -77.0 9.0 -77.0 5.0 -78.0 13.0 -82.0 
1395245860842 SHIMMER.M.200 7.0 -70.0 13.0 -74.0 12.0 -76.0 9.0 -78.0 8.0 -82.0 
1395245861634 SHIMMER.M.200 8.0 -67.0 12.0 -68.0 7.0 -71.0 9.0 -74.0 6.0 -76.0 
1395245861741 MICAZ.F.20 18.0 -70.0 14.0 -71.0 11.0 -79.0 12.0 -80.0 13.0 -80.0 16.0 -81.0 5.0 -81.0 9.0 -85.0 17.0 -87.0 15.0 -88.0 
1395245862069 MICAZ.F.8 12.0 -76.0 7.0 -77.0 9.0 -78.0 6.0 -79.0 13.0 -80.0 10.0 -82.0 11.0 -84.0 5.0 -86.0 18.0 -87.0 17.0 -88.0 
1395245862272 MICAZ.F.16 15.0 -72.0 14.0 -74.0 12.0 -81.0 20.0 -83.0 19.0 -85.0 13.0 -85.0 9.0 -88.0 
1395245862964 SHIMMER.M.200 8.0 -65.0 7.0 -72.0 6.0 -74.0 11.0 -76.0 12.0 -78.0 
1395245863279 SHIMMER.M.200 7.0 -64.0 8.0 -76.0 6.0 -78.0 9.0 -80.0 13.0 -80.0 
1395245863754 MICAZ.F.10 9.0 -74.0 13.0 -78.0 8.0 -79.0 5.0 -79.0 6.0 -85.0 12.0 -86.0 4.0 -87.0 14.0 -88.0 
1395245864330 SHIMMER.M.200 7.0 -59.0 8.0 -76.0 6.0 -76.0 11.0 -81.0 9.0 -83.0 
1395245865498 SHIMMER.M.200 7.0 -62.0 6.0 -75.0 8.0 -80.0 12.0 -83.0 11.0 -84.0 
1395245865665 MICAZ.F.9 5.0 -70.0 10.0 -76.0 12.0 -79.0 8.0 -79.0 6.0 -83.0 4.0 -84.0 3.0 -87.0 7.0 -88.0 20.0 -88.0 
1395245866750 MICAZ.F.4 3.0 -74.0 5.0 -81.0 9.0 -84.0 
1395245866950 SHIMMER.M.200 7.0 -60.0 8.0 -72.0 9.0 -76.0 6.0 -79.0 13.0 -79.0 
1395245867181 MICAZ.F.12 9.0 -75.0 6.0 -75.0 7.0 -77.0 18.0 -78.0 16.0 -79.0 20.0 -79.0 11.0 -81.0 14.0 -81.0 5.0 -85.0 10.0 -85.0 
1395245867333 SHIMMER.M.200 12.0 -74.0 7.0 -78.0 8.0 -78.0 13.0 -81.0 9.0 -84.0 
1395245868033 MICAZ.F.5 9.0 -68.0 10.0 -78.0 4.0 -79.0 6.0 -80.0 13.0 -82.0 20.0 -84.0 7.0 -84.0 12.0 -87.0 8.0 -88.0 11.0 -88.0 
1395245868246 MICAZ.F.2 7.0 -86.0 6.0 -88.0 
1395245868412 SHIMMER.M.200 7.0 -72.0 12.0 -75.0 8.0 -76.0 13.0 -80.0 9.0 -82.0 
1395245868564 MICAZ.F.11 7.0 -74.0 13.0 -75.0 20.0 -79.0 17.0 -80.0 12.0 -80.0 9.0 -80.0 8.0 -83.0 19.0 -83.0 6.0 -83.0 14.0 -87.0 
1395245868895 MICAZ.F.13 9.0 -76.0 11.0 -77.0 8.0 -78.0 10.0 -79.0 14.0 -80.0 20.0 -82.0 5.0 -83.0 16.0 -85.0 
1395245869271 SHIMMER.M.200 7.0 -66.0 8.0 -74.0 12.0 -76.0 13.0 -79.0 9.0 -81.0 
1395245870348 MICAZ.F.18 20.0 -71.0 12.0 -80.0 17.0 -81.0 19.0 -82.0 8.0 -86.0 14.0 -87.0 
1395245870602 SHIMMER.M.200 7.0 -71.0 8.0 -73.0 12.0 -78.0 9.0 -80.0 13.0 -80.0 
1395245871304 MICAZ.F.15 16.0 -76.0 14.0 -81.0 19.0 -82.0 13.0 -86.0 20.0 -88.0 
1395245871608 MICAZ.F.3 5.0 -81.0 9.0 -88.0 
1395245871732 SHIMMER.M.200 8.0 -74.0 7.0 -75.0 12.0 -78.0 9.0 -78.0 13.0 -81.0 
1395245872060 SHIMMER.M.200 7.0 -68.0 8.0 -73.0 12.0 -78.0 9.0 -78.0 13.0 -80.0 
1395245872650 MICAZ.F.19 20.0 -68.0 14.0 -69.0 17.0 -81.0 18.0 -83.0 15.0 -83.0 11.0 -86.0 16.0 -87.0 8.0 -87.0 13.0 -88.0 
1395245872929 MICAZ.F.6 12.0 -78.0 8.0 -80.0 5.0 -80.0 7.0 -80.0 9.0 -82.0 2.0 -85.0 13.0 -86.0 10.0 -88.0 
1395245873343 SHIMMER.M.200 7.0 -68.0 8.0 -72.0 12.0 -77.0 9.0 -77.0 6.0 -82.0 
1395245873875 MICAZ.F.7 8.0 -68.0 6.0 -75.0 12.0 -77.0 5.0 -80.0 17.0 -81.0 2.0 -83.0 9.0 -83.0 13.0 -85.0 18.0 -86.0 10.0 -88.0 
1395245874419 SHIMMER.M.200 7.0 -64.0 8.0 -74.0 12.0 -77.0 9.0 -78.0 13.0 -78.0 
1395245875775 SHIMMER.M.200 7.0 -62.0 8.0 -74.0 11.0 -76.0 9.0 -77.0 13.0 -78.0 
1395245875988 MICAZ.F.14 19.0 -69.0 13.0 -82.0 11.0 -85.0 12.0 -85.0 15.0 -85.0 9.0 -86.0 
1395245876176 SHIMMER.M.200 7.0 -63.0 8.0 -76.0 6.0 -78.0 11.0 -79.0 12.0 -79.0 
1395245877295 SHIMMER.M.200 7.0 -63.0 8.0 -76.0 6.0 -76.0 12.0 -78.0 9.0 -80.0 
1395245878385 SHIMMER.M.200 7.0 -63.0 8.0 -76.0 12.0 -77.0 6.0 -77.0 9.0 -82.0 
1395245878582 MICAZ.F.17 11.0 -80.0 18.0 -80.0 19.0 -82.0 12.0 -85.0 7.0 -88.0 
1395245879990 SHIMMER.M.200 7.0 -62.0 6.0 -76.0 8.0 -77.0 12.0 -78.0 9.0 -82.0 
1395245880742 SHIMMER.M.200 7.0 -64.0 8.0 -75.0 6.0 -76.0 13.0 -78.0 12.0 -79.0 
1395245881065 SHIMMER.M.200 7.0 -63.0 8.0 -76.0 6.0 -76.0 13.0 -78.0 12.0 -81.0 
1395245881256 MICAZ.F.20 18.0 -70.0 14.0 -70.0 11.0 -79.0 12.0 -80.0 16.0 -81.0 15.0 -81.0 5.0 -81.0 13.0 -81.0 9.0 -86.0 
1395245881457 MICAZ.F.8 12.0 -76.0 7.0 -76.0 6.0 -78.0 9.0 -80.0 13.0 -80.0 10.0 -80.0 18.0 -86.0 11.0 -86.0 17.0 -88.0 19.0 -88.0 
1395245881690 MICAZ.F.16 14.0 -72.0 15.0 -78.0 12.0 -84.0 19.0 -85.0 13.0 -85.0 
1395245882130 SHIMMER.M.200 7.0 -64.0 8.0 -74.0 13.0 -76.0 6.0 -78.0 9.0 -81.0 
1395245883185 MICAZ.F.10 9.0 -74.0 8.0 -78.0 5.0 -78.0 13.0 -78.0 6.0 -84.0 4.0 -88.0 
1395245883468 SHIMMER.M.200 7.0 -67.0 8.0 -75.0 13.0 -77.0 9.0 -78.0 6.0 -79.0 
1395245883774 SHIMMER.M.200 7.0 -62.0 8.0 -75.0 6.0 -77.0 13.0 -79.0 12.0 -80.0 
1395245884887 SHIMMER.M.200 7.0 -61.0 8.0 -76.0 6.0 -76.0 12.0 -79.0 13.0 -80.0 
1395245885069 MICAZ.F.9 5.0 -71.0 10.0 -76.0 12.0 -79.0 8.0 -81.0 4.0 -83.0 6.0 -84.0 7.0 -87.0 20.0 -88.0 
1395245886133 MICAZ.F.4 3.0 -75.0 5.0 -81.0 9.0 -83.0 
1395245886355 SHIMMER.M.200 7.0 -61.0 6.0 -75.0 8.0 -78.0 12.0 -78.0 9.0 -81.0 
1395245886625 MICAZ.F.12 9.0 -76.0 6.0 -76.0 18.0 -77.0 20.0 -77.0 11.0 -78.0 16.0 -82.0 15.0 -83.0 7.0 -83.0 5.0 -84.0 14.0 -85.0 
1395245887237 SHIMMER.M.200 7.0 -62.0 6.0 -77.0 8.0 -79.0 11.0 -80.0 12.0 -80.0 
1395245887660 MICAZ.F.5 9.0 -68.0 4.0 -79.0 10.0 -79.0 20.0 -80.0 6.0 -80.0 13.0 -81.0 7.0 -83.0 8.0 -87.0 12.0 -87.0 
1395245887822 SHIMMER.M.200 7.0 -62.0 8.0 -78.0 6.0 -78.0 12.0 -80.0 11.0 -81.0 
1395245888070 MICAZ.F.11 7.0 -74.0 13.0 -76.0 12.0 -79.0 20.0 -80.0 9.0 -80.0 8.0 -82.0 19.0 -83.0 14.0 -83.0 17.0 -84.0 6.0 -86.0 
1395245888335 MICAZ.F.13 11.0 -76.0 9.0 -76.0 14.0 -79.0 8.0 -79.0 10.0 -79.0 5.0 -80.0 20.0 -81.0 16.0 -88.0 
1395245888850 SHIMMER.M.200 7.0 -61.0 12.0 -78.0 8.0 -80.0 6.0 -81.0 9.0 -82.0 
1395245889938 MICAZ.F.18 20.0 -71.0 12.0 -80.0 19.0 -83.0 17.0 -83.0 11.0 -83.0 15.0 -85.0 8.0 -85.0 13.0 -86.0 
1395245890051 SHIMMER.M.200 7.0 -61.0 12.0 -78.0 6.0 -78.0 8.0 -80.0 9.0 -81.0 
1395245891100 MICAZ.F.3 5.0 -81.0 
1395245891247 SHIMMER.M.200 7.0 -62.0 8.0 -76.0 12.0 -80.0 9.0 -81.0 6.0 -81.0 
1395245891560 SHIMMER.M.200 7.0 -63.0 8.0 -76.0 9.0 -80.0 12.0 -81.0 6.0 -81.0 
1395245892000 MICAZ.F.19 20.0 -68.0 14.0 -70.0 17.0 -83.0 15.0 -84.0 18.0 -85.0 11.0 -86.0 5.0 -88.0 8.0 -88.0 
1395245892227 MICAZ.F.15 16.0 -77.0 20.0 -83.0 19.0 -84.0 14.0 -86.0 12.0 -87.0 18.0 -87.0 
1395245892446 MICAZ.F.6 7.0 -77.0 12.0 -78.0 8.0 -80.0 5.0 -80.0 9.0 -82.0 11.0 -87.0 10.0 -88.0 13.0 -88.0 
1395245892698 SHIMMER.M.200 7.0 -63.0 8.0 -77.0 6.0 -79.0 11.0 -80.0 12.0 -80.0 
1395245893392 MICAZ.F.7 6.0 -70.0 8.0 -72.0 12.0 -79.0 5.0 -80.0 17.0 -81.0 2.0 -83.0 9.0 -83.0 10.0 -84.0 18.0 -86.0 
1395245893927 SHIMMER.M.200 7.0 -66.0 11.0 -78.0 6.0 -78.0 12.0 -79.0 9.0 -79.0 
1395245895062 SHIMMER.M.200 7.0 -66.0 11.0 -77.0 12.0 -78.0 9.0 -78.0 6.0 -80.0 
1395245895407 SHIMMER.M.200 7.0 -66.0 11.0 -78.0 9.0 -78.0 12.0 -79.0 6.0 -80.0 
